{"/home/runner/work/cigale/cigale/src/lib/BoundingBoxes.svelte.js": {"path":"/home/runner/work/cigale/cigale/src/lib/BoundingBoxes.svelte.js","statementMap":{"0":{"start":{"line":5,"column":32},"end":{"line":9,"column":null}},"1":{"start":{"line":12,"column":24},"end":{"line":16,"column":null}},"2":{"start":{"line":26,"column":24},"end":{"line":26,"column":null}},"3":{"start":{"line":48,"column":11},"end":{"line":54,"column":null}},"4":{"start":{"line":49,"column":19},"end":{"line":49,"column":null}},"5":{"start":{"line":52,"column":6},"end":{"line":52,"column":null}},"6":{"start":{"line":52,"column":28},"end":{"line":52,"column":null}},"7":{"start":{"line":53,"column":11},"end":{"line":53,"column":null}},"8":{"start":{"line":71,"column":29},"end":{"line":77,"column":1}},"9":{"start":{"line":72,"column":6},"end":{"line":72,"column":null}},"10":{"start":{"line":72,"column":14},"end":{"line":72,"column":null}},"11":{"start":{"line":88,"column":2},"end":{"line":91,"column":null}},"12":{"start":{"line":116,"column":2},"end":{"line":119,"column":null}},"13":{"start":{"line":136,"column":8},"end":{"line":152,"column":null}},"14":{"start":{"line":175,"column":6},"end":{"line":175,"column":null}},"15":{"start":{"line":175,"column":38},"end":{"line":175,"column":null}},"16":{"start":{"line":176,"column":47},"end":{"line":176,"column":58}},"17":{"start":{"line":177,"column":8},"end":{"line":177,"column":null}},"18":{"start":{"line":207,"column":26},"end":{"line":207,"column":27}},"19":{"start":{"line":209,"column":1},"end":{"line":209,"column":null}},"20":{"start":{"line":210,"column":1},"end":{"line":210,"column":null}},"21":{"start":{"line":211,"column":1},"end":{"line":211,"column":null}},"22":{"start":{"line":212,"column":1},"end":{"line":213,"column":null}},"23":{"start":{"line":216,"column":8},"end":{"line":216,"column":null}},"24":{"start":{"line":241,"column":8},"end":{"line":241,"column":null}},"25":{"start":{"line":272,"column":7},"end":{"line":274,"column":null}},"26":{"start":{"line":273,"column":9},"end":{"line":273,"column":null}}},"fnMap":{"0":{"name":"coordsScaler","decl":{"start":{"line":42,"column":16},"end":{"line":42,"column":28}},"loc":{"start":{"line":42,"column":53},"end":{"line":55,"column":null}},"line":42},"1":{"name":"(anonymous_1)","decl":{"start":{"line":48,"column":11},"end":{"line":48,"column":12}},"loc":{"start":{"line":48,"column":29},"end":{"line":54,"column":2}},"line":48},"2":{"name":"(anonymous_2)","decl":{"start":{"line":71,"column":29},"end":{"line":71,"column":33}},"loc":{"start":{"line":71,"column":46},"end":{"line":77,"column":1}},"line":71},"3":{"name":"toCenteredCoords","decl":{"start":{"line":86,"column":16},"end":{"line":86,"column":32}},"loc":{"start":{"line":86,"column":58},"end":{"line":93,"column":null}},"line":86},"4":{"name":"toTopLeftCoords","decl":{"start":{"line":114,"column":16},"end":{"line":114,"column":31}},"loc":{"start":{"line":114,"column":48},"end":{"line":121,"column":null}},"line":114},"5":{"name":"boundingBoxIsNonZero","decl":{"start":{"line":135,"column":16},"end":{"line":135,"column":36}},"loc":{"start":{"line":135,"column":50},"end":{"line":153,"column":null}},"line":135},"6":{"name":"withinBoundingBox","decl":{"start":{"line":174,"column":16},"end":{"line":174,"column":33}},"loc":{"start":{"line":174,"column":57},"end":{"line":178,"column":null}},"line":174},"7":{"name":"coordsDifference","decl":{"start":{"line":206,"column":9},"end":{"line":206,"column":25}},"loc":{"start":{"line":206,"column":32},"end":{"line":217,"column":null}},"line":206},"8":{"name":"coordsAreEqual","decl":{"start":{"line":240,"column":16},"end":{"line":240,"column":30}},"loc":{"start":{"line":240,"column":52},"end":{"line":242,"column":null}},"line":240},"9":{"name":"toCorners","decl":{"start":{"line":271,"column":16},"end":{"line":271,"column":25}},"loc":{"start":{"line":271,"column":39},"end":{"line":282,"column":null}},"line":271}},"branchMap":{"0":{"loc":{"start":{"line":50,"column":6},"end":{"line":50,"column":37}},"type":"binary-expr","locations":[{"start":{"line":50,"column":6},"end":{"line":50,"column":19}},{"start":{"line":50,"column":23},"end":{"line":50,"column":37}}],"line":50},"1":{"loc":{"start":{"line":52,"column":6},"end":{"line":52,"column":null}},"type":"if","locations":[{"start":{"line":52,"column":6},"end":{"line":52,"column":null}},{"start":{},"end":{}}],"line":52},"2":{"loc":{"start":{"line":52,"column":6},"end":{"line":52,"column":28}},"type":"binary-expr","locations":[{"start":{"line":52,"column":6},"end":{"line":52,"column":15}},{"start":{"line":52,"column":19},"end":{"line":52,"column":28}}],"line":52},"3":{"loc":{"start":{"line":72,"column":6},"end":{"line":72,"column":null}},"type":"if","locations":[{"start":{"line":72,"column":6},"end":{"line":72,"column":null}},{"start":{},"end":{}}],"line":72},"4":{"loc":{"start":{"line":74,"column":10},"end":{"line":74,"column":59}},"type":"binary-expr","locations":[{"start":{"line":74,"column":10},"end":{"line":74,"column":44}},{"start":{"line":74,"column":48},"end":{"line":74,"column":59}}],"line":74},"5":{"loc":{"start":{"line":75,"column":10},"end":{"line":75,"column":61}},"type":"binary-expr","locations":[{"start":{"line":75,"column":10},"end":{"line":75,"column":45}},{"start":{"line":75,"column":49},"end":{"line":75,"column":61}}],"line":75},"6":{"loc":{"start":{"line":175,"column":6},"end":{"line":175,"column":null}},"type":"if","locations":[{"start":{"line":175,"column":6},"end":{"line":175,"column":null}},{"start":{},"end":{}}],"line":175},"7":{"loc":{"start":{"line":177,"column":8},"end":{"line":177,"column":77}},"type":"binary-expr","locations":[{"start":{"line":177,"column":8},"end":{"line":177,"column":18}},{"start":{"line":177,"column":22},"end":{"line":177,"column":40}},{"start":{"line":177,"column":44},"end":{"line":177,"column":54}},{"start":{"line":177,"column":58},"end":{"line":177,"column":77}}],"line":177},"8":{"loc":{"start":{"line":211,"column":33},"end":{"line":211,"column":61}},"type":"cond-expr","locations":[{"start":{"line":211,"column":48},"end":{"line":211,"column":55}},{"start":{"line":211,"column":58},"end":{"line":211,"column":61}}],"line":211},"9":{"loc":{"start":{"line":211,"column":66},"end":{"line":211,"column":94}},"type":"cond-expr","locations":[{"start":{"line":211,"column":81},"end":{"line":211,"column":88}},{"start":{"line":211,"column":91},"end":{"line":211,"column":94}}],"line":211},"10":{"loc":{"start":{"line":213,"column":3},"end":{"line":213,"column":33}},"type":"cond-expr","locations":[{"start":{"line":213,"column":19},"end":{"line":213,"column":27}},{"start":{"line":213,"column":30},"end":{"line":213,"column":33}}],"line":213},"11":{"loc":{"start":{"line":213,"column":38},"end":{"line":213,"column":68}},"type":"cond-expr","locations":[{"start":{"line":213,"column":54},"end":{"line":213,"column":62}},{"start":{"line":213,"column":65},"end":{"line":213,"column":68}}],"line":213},"12":{"loc":{"start":{"line":240,"column":37},"end":{"line":240,"column":50}},"type":"default-arg","locations":[{"start":{"line":240,"column":49},"end":{"line":240,"column":50}}],"line":240},"13":{"loc":{"start":{"line":272,"column":7},"end":{"line":274,"column":null}},"type":"if","locations":[{"start":{"line":272,"column":7},"end":{"line":274,"column":null}},{"start":{},"end":{}}],"line":272},"14":{"loc":{"start":{"line":272,"column":7},"end":{"line":272,"column":62}},"type":"binary-expr","locations":[{"start":{"line":272,"column":7},"end":{"line":272,"column":36}},{"start":{"line":272,"column":29},"end":{"line":272,"column":62}}],"line":272}},"s":{"0":7,"1":7,"2":7,"3":2,"4":2,"5":1,"6":0,"7":1,"8":7,"9":0,"10":0,"11":1,"12":2,"13":10,"14":3,"15":1,"16":2,"17":2,"18":5,"19":5,"20":5,"21":5,"22":5,"23":5,"24":3,"25":3,"26":1},"f":{"0":2,"1":2,"2":0,"3":1,"4":2,"5":10,"6":3,"7":5,"8":3,"9":3},"b":{"0":[2,1],"1":[0,1],"2":[1,0],"3":[0,0],"4":[0,0],"5":[0,0],"6":[1,2],"7":[2,1,1,1],"8":[2,3],"9":[2,3],"10":[2,3],"11":[2,3],"12":[3],"13":[1,2],"14":[3,2]},"meta":{"lastBranch":15,"lastFunction":10,"lastStatement":27,"seen":{"s:5:32:9:Infinity":0,"s:12:24:16:Infinity":1,"s:26:24:26:Infinity":2,"f:42:16:42:28":0,"s:48:11:54:Infinity":3,"f:48:11:48:12":1,"s:49:19:49:Infinity":4,"b:50:6:50:19:50:23:50:37":0,"b:52:6:52:Infinity:undefined:undefined:undefined:undefined":1,"s:52:6:52:Infinity":5,"b:52:6:52:15:52:19:52:28":2,"s:52:28:52:Infinity":6,"s:53:11:53:Infinity":7,"s:71:29:77:1":8,"f:71:29:71:33":2,"b:72:6:72:Infinity:undefined:undefined:undefined:undefined":3,"s:72:6:72:Infinity":9,"s:72:14:72:Infinity":10,"b:74:10:74:44:74:48:74:59":4,"b:75:10:75:45:75:49:75:61":5,"f:86:16:86:32":3,"s:88:2:91:Infinity":11,"f:114:16:114:31":4,"s:116:2:119:Infinity":12,"f:135:16:135:36":5,"s:136:8:152:Infinity":13,"f:174:16:174:33":6,"b:175:6:175:Infinity:undefined:undefined:undefined:undefined":6,"s:175:6:175:Infinity":14,"s:175:38:175:Infinity":15,"s:176:47:176:58":16,"s:177:8:177:Infinity":17,"b:177:8:177:18:177:22:177:40:177:44:177:54:177:58:177:77":7,"f:206:9:206:25":7,"s:207:26:207:27":18,"s:209:1:209:Infinity":19,"s:210:1:210:Infinity":20,"s:211:1:211:Infinity":21,"b:211:48:211:55:211:58:211:61":8,"b:211:81:211:88:211:91:211:94":9,"s:212:1:213:Infinity":22,"b:213:19:213:27:213:30:213:33":10,"b:213:54:213:62:213:65:213:68":11,"s:216:8:216:Infinity":23,"f:240:16:240:30":8,"b:240:49:240:50":12,"s:241:8:241:Infinity":24,"f:271:16:271:25":9,"b:272:7:274:Infinity:undefined:undefined:undefined:undefined":13,"s:272:7:274:Infinity":25,"b:272:7:272:36:272:29:272:62":14,"s:273:9:273:Infinity":26}}}
,"/home/runner/work/cigale/cigale/src/lib/DraggableBoundingBox.svelte.js": {"path":"/home/runner/work/cigale/cigale/src/lib/DraggableBoundingBox.svelte.js","statementMap":{"0":{"start":{"line":42,"column":22},"end":{"line":42,"column":50}},"1":{"start":{"line":43,"column":21},"end":{"line":43,"column":47}},"2":{"start":{"line":45,"column":13},"end":{"line":45,"column":14}},"3":{"start":{"line":46,"column":14},"end":{"line":46,"column":15}},"4":{"start":{"line":48,"column":5},"end":{"line":54,"column":null}},"5":{"start":{"line":49,"column":2},"end":{"line":49,"column":null}},"6":{"start":{"line":50,"column":2},"end":{"line":50,"column":null}},"7":{"start":{"line":52,"column":2},"end":{"line":52,"column":null}},"8":{"start":{"line":53,"column":2},"end":{"line":53,"column":null}},"9":{"start":{"line":56,"column":5},"end":{"line":59,"column":null}},"10":{"start":{"line":57,"column":2},"end":{"line":57,"column":null}},"11":{"start":{"line":58,"column":2},"end":{"line":58,"column":null}},"12":{"start":{"line":74,"column":7},"end":{"line":78,"column":null}},"13":{"start":{"line":103,"column":10},"end":{"line":103,"column":null}},"14":{"start":{"line":86,"column":2},"end":{"line":86,"column":null}},"15":{"start":{"line":109,"column":6},"end":{"line":116,"column":null}},"16":{"start":{"line":110,"column":10},"end":{"line":115,"column":null}},"17":{"start":{"line":118,"column":6},"end":{"line":120,"column":null}},"18":{"start":{"line":119,"column":10},"end":{"line":119,"column":null}},"19":{"start":{"line":122,"column":6},"end":{"line":124,"column":null}},"20":{"start":{"line":123,"column":10},"end":{"line":123,"column":null}},"21":{"start":{"line":126,"column":9},"end":{"line":126,"column":null}},"22":{"start":{"line":144,"column":6},"end":{"line":144,"column":null}},"23":{"start":{"line":144,"column":40},"end":{"line":144,"column":null}},"24":{"start":{"line":145,"column":6},"end":{"line":145,"column":null}},"25":{"start":{"line":145,"column":31},"end":{"line":145,"column":null}},"26":{"start":{"line":146,"column":9},"end":{"line":146,"column":null}},"27":{"start":{"line":146,"column":48},"end":{"line":146,"column":55}},"28":{"start":{"line":150,"column":6},"end":{"line":150,"column":null}},"29":{"start":{"line":150,"column":40},"end":{"line":150,"column":null}},"30":{"start":{"line":151,"column":6},"end":{"line":151,"column":null}},"31":{"start":{"line":151,"column":31},"end":{"line":151,"column":null}},"32":{"start":{"line":152,"column":9},"end":{"line":152,"column":null}},"33":{"start":{"line":152,"column":48},"end":{"line":152,"column":55}},"34":{"start":{"line":156,"column":6},"end":{"line":156,"column":null}},"35":{"start":{"line":156,"column":40},"end":{"line":156,"column":null}},"36":{"start":{"line":157,"column":6},"end":{"line":157,"column":null}},"37":{"start":{"line":157,"column":31},"end":{"line":157,"column":null}},"38":{"start":{"line":158,"column":9},"end":{"line":158,"column":null}},"39":{"start":{"line":158,"column":48},"end":{"line":158,"column":55}},"40":{"start":{"line":162,"column":6},"end":{"line":162,"column":null}},"41":{"start":{"line":162,"column":40},"end":{"line":162,"column":null}},"42":{"start":{"line":163,"column":6},"end":{"line":163,"column":null}},"43":{"start":{"line":163,"column":31},"end":{"line":163,"column":null}},"44":{"start":{"line":164,"column":9},"end":{"line":164,"column":null}},"45":{"start":{"line":164,"column":48},"end":{"line":164,"column":55}},"46":{"start":{"line":176,"column":6},"end":{"line":178,"column":null}},"47":{"start":{"line":180,"column":6},"end":{"line":183,"column":null}},"48":{"start":{"line":181,"column":3},"end":{"line":181,"column":null}},"49":{"start":{"line":185,"column":2},"end":{"line":185,"column":null}},"50":{"start":{"line":193,"column":6},"end":{"line":193,"column":null}},"51":{"start":{"line":193,"column":40},"end":{"line":193,"column":null}},"52":{"start":{"line":195,"column":28},"end":{"line":195,"column":45}},"53":{"start":{"line":197,"column":6},"end":{"line":202,"column":null}},"54":{"start":{"line":198,"column":3},"end":{"line":200,"column":null}},"55":{"start":{"line":204,"column":31},"end":{"line":204,"column":62}},"56":{"start":{"line":207,"column":6},"end":{"line":210,"column":null}},"57":{"start":{"line":208,"column":3},"end":{"line":208,"column":null}},"58":{"start":{"line":209,"column":3},"end":{"line":209,"column":null}},"59":{"start":{"line":212,"column":6},"end":{"line":217,"column":null}},"60":{"start":{"line":213,"column":3},"end":{"line":213,"column":null}},"61":{"start":{"line":214,"column":3},"end":{"line":214,"column":null}},"62":{"start":{"line":215,"column":3},"end":{"line":215,"column":null}},"63":{"start":{"line":216,"column":3},"end":{"line":216,"column":null}},"64":{"start":{"line":219,"column":6},"end":{"line":223,"column":null}},"65":{"start":{"line":220,"column":3},"end":{"line":220,"column":null}},"66":{"start":{"line":221,"column":3},"end":{"line":221,"column":null}},"67":{"start":{"line":222,"column":3},"end":{"line":222,"column":null}},"68":{"start":{"line":225,"column":6},"end":{"line":229,"column":null}},"69":{"start":{"line":226,"column":3},"end":{"line":226,"column":null}},"70":{"start":{"line":227,"column":3},"end":{"line":227,"column":null}},"71":{"start":{"line":228,"column":3},"end":{"line":228,"column":null}},"72":{"start":{"line":233,"column":9},"end":{"line":237,"column":null}},"73":{"start":{"line":252,"column":2},"end":{"line":252,"column":null}},"74":{"start":{"line":261,"column":2},"end":{"line":261,"column":null}},"75":{"start":{"line":272,"column":2},"end":{"line":272,"column":null}}},"fnMap":{"0":{"name":"fittedImageRect","decl":{"start":{"line":38,"column":16},"end":{"line":38,"column":31}},"loc":{"start":{"line":41,"column":2},"end":{"line":67,"column":null}},"line":41},"1":{"name":"(anonymous_1)","decl":{"start":{"line":85,"column":1},"end":{"line":85,"column":14}},"loc":{"start":{"line":85,"column":21},"end":{"line":87,"column":null}},"line":85},"2":{"name":"(anonymous_2)","decl":{"start":{"line":108,"column":27},"end":{"line":108,"column":null}},"loc":{"start":{"line":108,"column":27},"end":{"line":127,"column":2}},"line":108},"3":{"name":"(anonymous_3)","decl":{"start":{"line":134,"column":1},"end":{"line":134,"column":6}},"loc":{"start":{"line":134,"column":13},"end":{"line":141,"column":null}},"line":134},"4":{"name":"(anonymous_4)","decl":{"start":{"line":143,"column":23},"end":{"line":143,"column":null}},"loc":{"start":{"line":143,"column":23},"end":{"line":147,"column":2}},"line":143},"5":{"name":"(anonymous_5)","decl":{"start":{"line":146,"column":36},"end":{"line":146,"column":38}},"loc":{"start":{"line":146,"column":48},"end":{"line":146,"column":55}},"line":146},"6":{"name":"(anonymous_6)","decl":{"start":{"line":149,"column":23},"end":{"line":149,"column":null}},"loc":{"start":{"line":149,"column":23},"end":{"line":153,"column":2}},"line":149},"7":{"name":"(anonymous_7)","decl":{"start":{"line":152,"column":36},"end":{"line":152,"column":38}},"loc":{"start":{"line":152,"column":48},"end":{"line":152,"column":55}},"line":152},"8":{"name":"(anonymous_8)","decl":{"start":{"line":155,"column":27},"end":{"line":155,"column":null}},"loc":{"start":{"line":155,"column":27},"end":{"line":159,"column":2}},"line":155},"9":{"name":"(anonymous_9)","decl":{"start":{"line":158,"column":36},"end":{"line":158,"column":38}},"loc":{"start":{"line":158,"column":48},"end":{"line":158,"column":55}},"line":158},"10":{"name":"(anonymous_10)","decl":{"start":{"line":161,"column":28},"end":{"line":161,"column":null}},"loc":{"start":{"line":161,"column":28},"end":{"line":165,"column":2}},"line":161},"11":{"name":"(anonymous_11)","decl":{"start":{"line":164,"column":36},"end":{"line":164,"column":38}},"loc":{"start":{"line":164,"column":48},"end":{"line":164,"column":55}},"line":164},"12":{"name":"(anonymous_12)","decl":{"start":{"line":175,"column":1},"end":{"line":175,"column":14}},"loc":{"start":{"line":175,"column":21},"end":{"line":186,"column":null}},"line":175},"13":{"name":"(anonymous_13)","decl":{"start":{"line":192,"column":1},"end":{"line":192,"column":17}},"loc":{"start":{"line":192,"column":26},"end":{"line":230,"column":null}},"line":192},"14":{"name":"(anonymous_14)","decl":{"start":{"line":232,"column":1},"end":{"line":232,"column":5}},"loc":{"start":{"line":232,"column":8},"end":{"line":239,"column":null}},"line":232},"15":{"name":"(anonymous_15)","decl":{"start":{"line":241,"column":1},"end":{"line":241,"column":6}},"loc":{"start":{"line":241,"column":9},"end":{"line":253,"column":null}},"line":241},"16":{"name":"(anonymous_16)","decl":{"start":{"line":260,"column":1},"end":{"line":260,"column":12}},"loc":{"start":{"line":260,"column":25},"end":{"line":273,"column":null}},"line":260}},"branchMap":{"0":{"loc":{"start":{"line":48,"column":5},"end":{"line":54,"column":null}},"type":"if","locations":[{"start":{"line":48,"column":5},"end":{"line":54,"column":null}},{"start":{"line":51,"column":8},"end":{"line":54,"column":null}}],"line":48},"1":{"loc":{"start":{"line":56,"column":5},"end":{"line":59,"column":null}},"type":"if","locations":[{"start":{"line":56,"column":5},"end":{"line":59,"column":null}},{"start":{},"end":{}}],"line":56},"2":{"loc":{"start":{"line":64,"column":6},"end":{"line":64,"column":30}},"type":"binary-expr","locations":[{"start":{"line":64,"column":6},"end":{"line":64,"column":25}},{"start":{"line":64,"column":29},"end":{"line":64,"column":30}}],"line":64},"3":{"loc":{"start":{"line":65,"column":6},"end":{"line":65,"column":30}},"type":"binary-expr","locations":[{"start":{"line":65,"column":6},"end":{"line":65,"column":25}},{"start":{"line":65,"column":29},"end":{"line":65,"column":30}}],"line":65},"4":{"loc":{"start":{"line":109,"column":6},"end":{"line":116,"column":null}},"type":"if","locations":[{"start":{"line":109,"column":6},"end":{"line":116,"column":null}},{"start":{},"end":{}}],"line":109},"5":{"loc":{"start":{"line":118,"column":6},"end":{"line":120,"column":null}},"type":"if","locations":[{"start":{"line":118,"column":6},"end":{"line":120,"column":null}},{"start":{},"end":{}}],"line":118},"6":{"loc":{"start":{"line":122,"column":6},"end":{"line":124,"column":null}},"type":"if","locations":[{"start":{"line":122,"column":6},"end":{"line":124,"column":null}},{"start":{},"end":{}}],"line":122},"7":{"loc":{"start":{"line":144,"column":6},"end":{"line":144,"column":null}},"type":"if","locations":[{"start":{"line":144,"column":6},"end":{"line":144,"column":null}},{"start":{},"end":{}}],"line":144},"8":{"loc":{"start":{"line":145,"column":6},"end":{"line":145,"column":null}},"type":"if","locations":[{"start":{"line":145,"column":6},"end":{"line":145,"column":null}},{"start":{},"end":{}}],"line":145},"9":{"loc":{"start":{"line":150,"column":6},"end":{"line":150,"column":null}},"type":"if","locations":[{"start":{"line":150,"column":6},"end":{"line":150,"column":null}},{"start":{},"end":{}}],"line":150},"10":{"loc":{"start":{"line":151,"column":6},"end":{"line":151,"column":null}},"type":"if","locations":[{"start":{"line":151,"column":6},"end":{"line":151,"column":null}},{"start":{},"end":{}}],"line":151},"11":{"loc":{"start":{"line":156,"column":6},"end":{"line":156,"column":null}},"type":"if","locations":[{"start":{"line":156,"column":6},"end":{"line":156,"column":null}},{"start":{},"end":{}}],"line":156},"12":{"loc":{"start":{"line":157,"column":6},"end":{"line":157,"column":null}},"type":"if","locations":[{"start":{"line":157,"column":6},"end":{"line":157,"column":null}},{"start":{},"end":{}}],"line":157},"13":{"loc":{"start":{"line":162,"column":6},"end":{"line":162,"column":null}},"type":"if","locations":[{"start":{"line":162,"column":6},"end":{"line":162,"column":null}},{"start":{},"end":{}}],"line":162},"14":{"loc":{"start":{"line":163,"column":6},"end":{"line":163,"column":null}},"type":"if","locations":[{"start":{"line":163,"column":6},"end":{"line":163,"column":null}},{"start":{},"end":{}}],"line":163},"15":{"loc":{"start":{"line":176,"column":6},"end":{"line":178,"column":null}},"type":"if","locations":[{"start":{"line":176,"column":6},"end":{"line":178,"column":null}},{"start":{},"end":{}}],"line":176},"16":{"loc":{"start":{"line":180,"column":6},"end":{"line":183,"column":null}},"type":"if","locations":[{"start":{"line":180,"column":6},"end":{"line":183,"column":null}},{"start":{},"end":{}}],"line":180},"17":{"loc":{"start":{"line":193,"column":6},"end":{"line":193,"column":null}},"type":"if","locations":[{"start":{"line":193,"column":6},"end":{"line":193,"column":null}},{"start":{},"end":{}}],"line":193},"18":{"loc":{"start":{"line":197,"column":6},"end":{"line":202,"column":null}},"type":"if","locations":[{"start":{"line":197,"column":6},"end":{"line":202,"column":null}},{"start":{},"end":{}}],"line":197},"19":{"loc":{"start":{"line":197,"column":6},"end":{"line":197,"column":31}},"type":"binary-expr","locations":[{"start":{"line":197,"column":6},"end":{"line":197,"column":16}},{"start":{"line":197,"column":20},"end":{"line":197,"column":31}}],"line":197},"20":{"loc":{"start":{"line":207,"column":6},"end":{"line":210,"column":null}},"type":"if","locations":[{"start":{"line":207,"column":6},"end":{"line":210,"column":null}},{"start":{},"end":{}}],"line":207},"21":{"loc":{"start":{"line":207,"column":6},"end":{"line":207,"column":26}},"type":"binary-expr","locations":[{"start":{"line":207,"column":6},"end":{"line":207,"column":14}},{"start":{"line":207,"column":18},"end":{"line":207,"column":26}}],"line":207},"22":{"loc":{"start":{"line":212,"column":6},"end":{"line":217,"column":null}},"type":"if","locations":[{"start":{"line":212,"column":6},"end":{"line":217,"column":null}},{"start":{},"end":{}}],"line":212},"23":{"loc":{"start":{"line":212,"column":6},"end":{"line":212,"column":26}},"type":"binary-expr","locations":[{"start":{"line":212,"column":6},"end":{"line":212,"column":14}},{"start":{"line":212,"column":18},"end":{"line":212,"column":26}}],"line":212},"24":{"loc":{"start":{"line":219,"column":6},"end":{"line":223,"column":null}},"type":"if","locations":[{"start":{"line":219,"column":6},"end":{"line":223,"column":null}},{"start":{},"end":{}}],"line":219},"25":{"loc":{"start":{"line":219,"column":6},"end":{"line":219,"column":26}},"type":"binary-expr","locations":[{"start":{"line":219,"column":6},"end":{"line":219,"column":14}},{"start":{"line":219,"column":18},"end":{"line":219,"column":26}}],"line":219},"26":{"loc":{"start":{"line":225,"column":6},"end":{"line":229,"column":null}},"type":"if","locations":[{"start":{"line":225,"column":6},"end":{"line":229,"column":null}},{"start":{},"end":{}}],"line":225},"27":{"loc":{"start":{"line":225,"column":6},"end":{"line":225,"column":26}},"type":"binary-expr","locations":[{"start":{"line":225,"column":6},"end":{"line":225,"column":14}},{"start":{"line":225,"column":18},"end":{"line":225,"column":26}}],"line":225}},"s":{"0":7,"1":7,"2":7,"3":7,"4":7,"5":2,"6":2,"7":5,"8":5,"9":7,"10":3,"11":3,"12":34,"13":34,"14":33,"15":9,"16":2,"17":7,"18":2,"19":5,"20":4,"21":1,"22":5,"23":2,"24":3,"25":1,"26":2,"27":6,"28":5,"29":2,"30":3,"31":1,"32":2,"33":6,"34":5,"35":2,"36":3,"37":1,"38":2,"39":6,"40":5,"41":2,"42":3,"43":1,"44":2,"45":6,"46":41,"47":39,"48":25,"49":14,"50":61,"51":1,"52":60,"53":60,"54":40,"55":60,"56":60,"57":48,"58":48,"59":60,"60":3,"61":3,"62":3,"63":3,"64":60,"65":4,"66":4,"67":4,"68":60,"69":5,"70":5,"71":5,"72":5,"73":1,"74":34,"75":34},"f":{"0":7,"1":33,"2":9,"3":5,"4":5,"5":6,"6":5,"7":6,"8":5,"9":6,"10":5,"11":6,"12":41,"13":61,"14":5,"15":1,"16":34},"b":{"0":[2,5],"1":[3,4],"2":[7,4],"3":[7,4],"4":[2,7],"5":[2,5],"6":[4,1],"7":[2,3],"8":[1,2],"9":[2,3],"10":[1,2],"11":[2,3],"12":[1,2],"13":[2,3],"14":[1,2],"15":[2,39],"16":[25,14],"17":[1,60],"18":[40,20],"19":[60,24],"20":[48,12],"21":[60,53],"22":[3,57],"23":[60,7],"24":[4,56],"25":[60,7],"26":[5,55],"27":[60,53]},"meta":{"lastBranch":28,"lastFunction":17,"lastStatement":76,"seen":{"f:38:16:38:31":0,"s:42:22:42:50":0,"s:43:21:43:47":1,"s:45:13:45:14":2,"s:46:14:46:15":3,"b:48:5:54:Infinity:51:8:54:Infinity":0,"s:48:5:54:Infinity":4,"s:49:2:49:Infinity":5,"s:50:2:50:Infinity":6,"s:52:2:52:Infinity":7,"s:53:2:53:Infinity":8,"b:56:5:59:Infinity:undefined:undefined:undefined:undefined":1,"s:56:5:59:Infinity":9,"s:57:2:57:Infinity":10,"s:58:2:58:Infinity":11,"b:64:6:64:25:64:29:64:30":2,"b:65:6:65:25:65:29:65:30":3,"s:74:7:78:Infinity":12,"s:103:10:103:Infinity":13,"f:85:1:85:14":1,"s:86:2:86:Infinity":14,"f:108:27:108:Infinity":2,"b:109:6:116:Infinity:undefined:undefined:undefined:undefined":4,"s:109:6:116:Infinity":15,"s:110:10:115:Infinity":16,"b:118:6:120:Infinity:undefined:undefined:undefined:undefined":5,"s:118:6:120:Infinity":17,"s:119:10:119:Infinity":18,"b:122:6:124:Infinity:undefined:undefined:undefined:undefined":6,"s:122:6:124:Infinity":19,"s:123:10:123:Infinity":20,"s:126:9:126:Infinity":21,"f:134:1:134:6":3,"f:143:23:143:Infinity":4,"b:144:6:144:Infinity:undefined:undefined:undefined:undefined":7,"s:144:6:144:Infinity":22,"s:144:40:144:Infinity":23,"b:145:6:145:Infinity:undefined:undefined:undefined:undefined":8,"s:145:6:145:Infinity":24,"s:145:31:145:Infinity":25,"s:146:9:146:Infinity":26,"f:146:36:146:38":5,"s:146:48:146:55":27,"f:149:23:149:Infinity":6,"b:150:6:150:Infinity:undefined:undefined:undefined:undefined":9,"s:150:6:150:Infinity":28,"s:150:40:150:Infinity":29,"b:151:6:151:Infinity:undefined:undefined:undefined:undefined":10,"s:151:6:151:Infinity":30,"s:151:31:151:Infinity":31,"s:152:9:152:Infinity":32,"f:152:36:152:38":7,"s:152:48:152:55":33,"f:155:27:155:Infinity":8,"b:156:6:156:Infinity:undefined:undefined:undefined:undefined":11,"s:156:6:156:Infinity":34,"s:156:40:156:Infinity":35,"b:157:6:157:Infinity:undefined:undefined:undefined:undefined":12,"s:157:6:157:Infinity":36,"s:157:31:157:Infinity":37,"s:158:9:158:Infinity":38,"f:158:36:158:38":9,"s:158:48:158:55":39,"f:161:28:161:Infinity":10,"b:162:6:162:Infinity:undefined:undefined:undefined:undefined":13,"s:162:6:162:Infinity":40,"s:162:40:162:Infinity":41,"b:163:6:163:Infinity:undefined:undefined:undefined:undefined":14,"s:163:6:163:Infinity":42,"s:163:31:163:Infinity":43,"s:164:9:164:Infinity":44,"f:164:36:164:38":11,"s:164:48:164:55":45,"f:175:1:175:14":12,"b:176:6:178:Infinity:undefined:undefined:undefined:undefined":15,"s:176:6:178:Infinity":46,"b:180:6:183:Infinity:undefined:undefined:undefined:undefined":16,"s:180:6:183:Infinity":47,"s:181:3:181:Infinity":48,"s:185:2:185:Infinity":49,"f:192:1:192:17":13,"b:193:6:193:Infinity:undefined:undefined:undefined:undefined":17,"s:193:6:193:Infinity":50,"s:193:40:193:Infinity":51,"s:195:28:195:45":52,"b:197:6:202:Infinity:undefined:undefined:undefined:undefined":18,"s:197:6:202:Infinity":53,"b:197:6:197:16:197:20:197:31":19,"s:198:3:200:Infinity":54,"s:204:31:204:62":55,"b:207:6:210:Infinity:undefined:undefined:undefined:undefined":20,"s:207:6:210:Infinity":56,"b:207:6:207:14:207:18:207:26":21,"s:208:3:208:Infinity":57,"s:209:3:209:Infinity":58,"b:212:6:217:Infinity:undefined:undefined:undefined:undefined":22,"s:212:6:217:Infinity":59,"b:212:6:212:14:212:18:212:26":23,"s:213:3:213:Infinity":60,"s:214:3:214:Infinity":61,"s:215:3:215:Infinity":62,"s:216:3:216:Infinity":63,"b:219:6:223:Infinity:undefined:undefined:undefined:undefined":24,"s:219:6:223:Infinity":64,"b:219:6:219:14:219:18:219:26":25,"s:220:3:220:Infinity":65,"s:221:3:221:Infinity":66,"s:222:3:222:Infinity":67,"b:225:6:229:Infinity:undefined:undefined:undefined:undefined":26,"s:225:6:229:Infinity":68,"b:225:6:225:14:225:18:225:26":27,"s:226:3:226:Infinity":69,"s:227:3:227:Infinity":70,"s:228:3:228:Infinity":71,"f:232:1:232:5":14,"s:233:9:237:Infinity":72,"f:241:1:241:6":15,"s:252:2:252:Infinity":73,"f:260:1:260:12":16,"s:261:2:261:Infinity":74,"s:272:2:272:Infinity":75}}}
,"/home/runner/work/cigale/cigale/src/lib/cascades.js": {"path":"/home/runner/work/cigale/cigale/src/lib/cascades.js","statementMap":{"0":{"start":{"line":56,"column":1},"end":{"line":106,"column":null}},"1":{"start":{"line":60,"column":18},"end":{"line":60,"column":85}},"2":{"start":{"line":61,"column":3},"end":{"line":61,"column":null}},"3":{"start":{"line":61,"column":25},"end":{"line":61,"column":null}},"4":{"start":{"line":62,"column":23},"end":{"line":62,"column":29}},"5":{"start":{"line":63,"column":3},"end":{"line":63,"column":null}},"6":{"start":{"line":67,"column":25},"end":{"line":78,"column":3}},"7":{"start":{"line":71,"column":4},"end":{"line":74,"column":null}},"8":{"start":{"line":71,"column":58},"end":{"line":74,"column":5}},"9":{"start":{"line":76,"column":10},"end":{"line":76,"column":20}},"10":{"start":{"line":77,"column":10},"end":{"line":77,"column":null}},"11":{"start":{"line":83,"column":27},"end":{"line":91,"column":3}},"12":{"start":{"line":85,"column":18},"end":{"line":85,"column":61}},"13":{"start":{"line":87,"column":26},"end":{"line":90,"column":5}},"14":{"start":{"line":94,"column":2},"end":{"line":105,"column":null}},"15":{"start":{"line":95,"column":52},"end":{"line":97,"column":4}},"16":{"start":{"line":96,"column":46},"end":{"line":96,"column":null}},"17":{"start":{"line":99,"column":3},"end":{"line":104,"column":null}}},"fnMap":{"0":{"name":"computeCascades","decl":{"start":{"line":55,"column":22},"end":{"line":55,"column":37}},"loc":{"start":{"line":55,"column":91},"end":{"line":107,"column":null}},"line":55},"1":{"name":"(anonymous_1)","decl":{"start":{"line":58,"column":47},"end":{"line":58,"column":52}},"loc":{"start":{"line":58,"column":80},"end":{"line":64,"column":3}},"line":58},"2":{"name":"(anonymous_2)","decl":{"start":{"line":65,"column":8},"end":{"line":65,"column":9}},"loc":{"start":{"line":65,"column":21},"end":{"line":106,"column":2}},"line":65},"3":{"name":"(anonymous_3)","decl":{"start":{"line":70,"column":35},"end":{"line":70,"column":36}},"loc":{"start":{"line":70,"column":64},"end":{"line":75,"column":4}},"line":70},"4":{"name":"(anonymous_4)","decl":{"start":{"line":71,"column":32},"end":{"line":71,"column":33}},"loc":{"start":{"line":71,"column":58},"end":{"line":74,"column":5}},"line":71},"5":{"name":"(anonymous_5)","decl":{"start":{"line":76,"column":3},"end":{"line":76,"column":4}},"loc":{"start":{"line":76,"column":10},"end":{"line":76,"column":20}},"line":76},"6":{"name":"(anonymous_6)","decl":{"start":{"line":77,"column":3},"end":{"line":77,"column":4}},"loc":{"start":{"line":77,"column":10},"end":{"line":77,"column":null}},"line":77},"7":{"name":"(anonymous_7)","decl":{"start":{"line":85,"column":3},"end":{"line":85,"column":4}},"loc":{"start":{"line":85,"column":18},"end":{"line":85,"column":61}},"line":85},"8":{"name":"(anonymous_8)","decl":{"start":{"line":86,"column":3},"end":{"line":86,"column":4}},"loc":{"start":{"line":87,"column":26},"end":{"line":90,"column":5}},"line":87},"9":{"name":"(anonymous_9)","decl":{"start":{"line":94,"column":46},"end":{"line":94,"column":47}},"loc":{"start":{"line":94,"column":73},"end":{"line":105,"column":3}},"line":94},"10":{"name":"(anonymous_10)","decl":{"start":{"line":96,"column":4},"end":{"line":96,"column":5}},"loc":{"start":{"line":96,"column":46},"end":{"line":96,"column":null}},"line":96}},"branchMap":{"0":{"loc":{"start":{"line":61,"column":3},"end":{"line":61,"column":null}},"type":"if","locations":[{"start":{"line":61,"column":3},"end":{"line":61,"column":null}},{"start":{},"end":{}}],"line":61}},"s":{"0":5,"1":11,"2":11,"3":7,"4":4,"5":4,"6":5,"7":4,"8":7,"9":7,"10":7,"11":5,"12":5,"13":5,"14":5,"15":2,"16":3,"17":2},"f":{"0":5,"1":11,"2":5,"3":4,"4":7,"5":7,"6":7,"7":5,"8":5,"9":2,"10":3},"b":{"0":[7,4]},"meta":{"lastBranch":1,"lastFunction":11,"lastStatement":18,"seen":{"f:55:22:55:37":0,"s:56:1:106:Infinity":0,"f:58:47:58:52":1,"s:60:18:60:85":1,"b:61:3:61:Infinity:undefined:undefined:undefined:undefined":0,"s:61:3:61:Infinity":2,"s:61:25:61:Infinity":3,"s:62:23:62:29":4,"s:63:3:63:Infinity":5,"f:65:8:65:9":2,"s:67:25:78:3":6,"f:70:35:70:36":3,"s:71:4:74:Infinity":7,"f:71:32:71:33":4,"s:71:58:74:5":8,"f:76:3:76:4":5,"s:76:10:76:20":9,"f:77:3:77:4":6,"s:77:10:77:Infinity":10,"s:83:27:91:3":11,"f:85:3:85:4":7,"s:85:18:85:61":12,"f:86:3:86:4":8,"s:87:26:90:5":13,"s:94:2:105:Infinity":14,"f:94:46:94:47":9,"s:95:52:97:4":15,"f:96:4:96:5":10,"s:96:46:96:Infinity":16,"s:99:3:104:Infinity":17}}}
,"/home/runner/work/cigale/cigale/src/lib/classification.svelte.js": {"path":"/home/runner/work/cigale/cigale/src/lib/classification.svelte.js","statementMap":{"0":{"start":{"line":14,"column":6},"end":{"line":16,"column":null}},"1":{"start":{"line":15,"column":12},"end":{"line":15,"column":null}},"2":{"start":{"line":18,"column":6},"end":{"line":23,"column":null}},"3":{"start":{"line":19,"column":2},"end":{"line":20,"column":null}},"4":{"start":{"line":37,"column":1},"end":{"line":37,"column":null}},"5":{"start":{"line":39,"column":7},"end":{"line":39,"column":null}},"6":{"start":{"line":41,"column":7},"end":{"line":41,"column":null}},"7":{"start":{"line":50,"column":17},"end":{"line":59,"column":null}},"8":{"start":{"line":53,"column":35},"end":{"line":53,"column":null}},"9":{"start":{"line":57,"column":10},"end":{"line":57,"column":null}},"10":{"start":{"line":59,"column":17},"end":{"line":59,"column":26}},"11":{"start":{"line":61,"column":8},"end":{"line":64,"column":null}},"12":{"start":{"line":62,"column":14},"end":{"line":62,"column":null}}},"fnMap":{"0":{"name":"classifyImage","decl":{"start":{"line":13,"column":22},"end":{"line":13,"column":35}},"loc":{"start":{"line":13,"column":60},"end":{"line":42,"column":null}},"line":13},"1":{"name":"classificationInferenceSettings","decl":{"start":{"line":49,"column":16},"end":{"line":49,"column":47}},"loc":{"start":{"line":49,"column":70},"end":{"line":65,"column":null}},"line":49},"2":{"name":"(anonymous_2)","decl":{"start":{"line":53,"column":26},"end":{"line":53,"column":28}},"loc":{"start":{"line":53,"column":35},"end":{"line":53,"column":null}},"line":53},"3":{"name":"(anonymous_3)","decl":{"start":{"line":57,"column":4},"end":{"line":57,"column":5}},"loc":{"start":{"line":57,"column":10},"end":{"line":57,"column":null}},"line":57},"4":{"name":"(anonymous_4)","decl":{"start":{"line":59,"column":10},"end":{"line":59,"column":17}},"loc":{"start":{"line":59,"column":17},"end":{"line":59,"column":26}},"line":59},"5":{"name":"(anonymous_5)","decl":{"start":{"line":62,"column":6},"end":{"line":62,"column":8}},"loc":{"start":{"line":62,"column":14},"end":{"line":62,"column":null}},"line":62}},"branchMap":{"0":{"loc":{"start":{"line":14,"column":6},"end":{"line":16,"column":null}},"type":"if","locations":[{"start":{"line":14,"column":6},"end":{"line":16,"column":null}},{"start":{},"end":{}}],"line":14},"1":{"loc":{"start":{"line":18,"column":6},"end":{"line":23,"column":null}},"type":"if","locations":[{"start":{"line":18,"column":6},"end":{"line":23,"column":null}},{"start":{},"end":{}}],"line":18}},"s":{"0":0,"1":0,"2":0,"3":0,"4":0,"5":0,"6":0,"7":0,"8":0,"9":0,"10":0,"11":0,"12":0},"f":{"0":0,"1":0,"2":0,"3":0,"4":0,"5":0},"b":{"0":[0,0],"1":[0,0]},"meta":{"lastBranch":2,"lastFunction":6,"lastStatement":13,"seen":{"f:13:22:13:35":0,"b:14:6:16:Infinity:undefined:undefined:undefined:undefined":0,"s:14:6:16:Infinity":0,"s:15:12:15:Infinity":1,"b:18:6:23:Infinity:undefined:undefined:undefined:undefined":1,"s:18:6:23:Infinity":2,"s:19:2:20:Infinity":3,"s:37:1:37:Infinity":4,"s:39:7:39:Infinity":5,"s:41:7:41:Infinity":6,"f:49:16:49:47":1,"s:50:17:59:Infinity":7,"f:53:26:53:28":2,"s:53:35:53:Infinity":8,"f:57:4:57:5":3,"s:57:10:57:Infinity":9,"f:59:10:59:17":4,"s:59:17:59:26":10,"s:61:8:64:Infinity":11,"f:62:6:62:8":5,"s:62:14:62:Infinity":12}}}
,"/home/runner/work/cigale/cigale/src/lib/database.js": {"path":"/home/runner/work/cigale/cigale/src/lib/database.js","statementMap":{"0":{"start":{"line":36,"column":1},"end":{"line":36,"column":null}},"1":{"start":{"line":63,"column":18},"end":{"line":74,"column":1}},"2":{"start":{"line":76,"column":25},"end":{"line":87,"column":1}},"3":{"start":{"line":89,"column":14},"end":{"line":89,"column":64}},"4":{"start":{"line":91,"column":20},"end":{"line":91,"column":76}},"5":{"start":{"line":93,"column":16},"end":{"line":93,"column":44}},"6":{"start":{"line":95,"column":17},"end":{"line":95,"column":60}},"7":{"start":{"line":96,"column":23},"end":{"line":102,"column":1}},"8":{"start":{"line":103,"column":17},"end":{"line":103,"column":44}},"9":{"start":{"line":105,"column":17},"end":{"line":159,"column":1}},"10":{"start":{"line":112,"column":37},"end":{"line":112,"column":68}},"11":{"start":{"line":119,"column":4},"end":{"line":130,"column":null}},"12":{"start":{"line":120,"column":27},"end":{"line":120,"column":67}},"13":{"start":{"line":122,"column":5},"end":{"line":125,"column":null}},"14":{"start":{"line":123,"column":6},"end":{"line":123,"column":null}},"15":{"start":{"line":124,"column":6},"end":{"line":124,"column":null}},"16":{"start":{"line":128,"column":5},"end":{"line":129,"column":null}},"17":{"start":{"line":129,"column":6},"end":{"line":129,"column":null}},"18":{"start":{"line":132,"column":4},"end":{"line":137,"column":null}},"19":{"start":{"line":133,"column":5},"end":{"line":133,"column":null}},"20":{"start":{"line":135,"column":5},"end":{"line":135,"column":null}},"21":{"start":{"line":136,"column":5},"end":{"line":136,"column":null}},"22":{"start":{"line":144,"column":3},"end":{"line":149,"column":null}},"23":{"start":{"line":145,"column":4},"end":{"line":145,"column":null}},"24":{"start":{"line":147,"column":4},"end":{"line":147,"column":null}},"25":{"start":{"line":148,"column":4},"end":{"line":148,"column":null}},"26":{"start":{"line":154,"column":20},"end":{"line":157,"column":3}},"27":{"start":{"line":161,"column":23},"end":{"line":181,"column":1}},"28":{"start":{"line":183,"column":62},"end":{"line":187,"column":1}},"29":{"start":{"line":189,"column":64},"end":{"line":189,"column":88}},"30":{"start":{"line":198,"column":1},"end":{"line":198,"column":null}},"31":{"start":{"line":198,"column":46},"end":{"line":198,"column":56}},"32":{"start":{"line":207,"column":1},"end":{"line":207,"column":null}},"33":{"start":{"line":207,"column":54},"end":{"line":207,"column":64}},"34":{"start":{"line":210,"column":22},"end":{"line":220,"column":1}},"35":{"start":{"line":233,"column":26},"end":{"line":235,"column":14}},"36":{"start":{"line":234,"column":30},"end":{"line":234,"column":37}},"37":{"start":{"line":237,"column":1},"end":{"line":237,"column":null}},"38":{"start":{"line":248,"column":28},"end":{"line":261,"column":1}},"39":{"start":{"line":250,"column":1},"end":{"line":250,"column":null}},"40":{"start":{"line":250,"column":41},"end":{"line":250,"column":null}},"41":{"start":{"line":252,"column":1},"end":{"line":252,"column":null}},"42":{"start":{"line":252,"column":41},"end":{"line":252,"column":null}},"43":{"start":{"line":254,"column":1},"end":{"line":254,"column":null}},"44":{"start":{"line":254,"column":53},"end":{"line":254,"column":null}},"45":{"start":{"line":256,"column":1},"end":{"line":256,"column":null}},"46":{"start":{"line":256,"column":28},"end":{"line":256,"column":null}},"47":{"start":{"line":257,"column":1},"end":{"line":257,"column":null}},"48":{"start":{"line":257,"column":28},"end":{"line":257,"column":null}},"49":{"start":{"line":259,"column":1},"end":{"line":259,"column":null}},"50":{"start":{"line":259,"column":41},"end":{"line":259,"column":null}},"51":{"start":{"line":260,"column":1},"end":{"line":260,"column":null}}},"fnMap":{"0":{"name":"generateId","decl":{"start":{"line":35,"column":16},"end":{"line":35,"column":26}},"loc":{"start":{"line":35,"column":34},"end":{"line":37,"column":null}},"line":35},"1":{"name":"(anonymous_1)","decl":{"start":{"line":112,"column":29},"end":{"line":112,"column":30}},"loc":{"start":{"line":112,"column":37},"end":{"line":112,"column":68}},"line":112},"2":{"name":"(anonymous_2)","decl":{"start":{"line":116,"column":3},"end":{"line":116,"column":4}},"loc":{"start":{"line":116,"column":9},"end":{"line":138,"column":null}},"line":116},"3":{"name":"(anonymous_3)","decl":{"start":{"line":143,"column":38},"end":{"line":143,"column":39}},"loc":{"start":{"line":143,"column":44},"end":{"line":150,"column":3}},"line":143},"4":{"name":"(anonymous_4)","decl":{"start":{"line":154,"column":13},"end":{"line":154,"column":14}},"loc":{"start":{"line":154,"column":20},"end":{"line":157,"column":3}},"line":154},"5":{"name":"isReactiveTable","decl":{"start":{"line":197,"column":16},"end":{"line":197,"column":31}},"loc":{"start":{"line":197,"column":38},"end":{"line":199,"column":null}},"line":197},"6":{"name":"(anonymous_6)","decl":{"start":{"line":198,"column":39},"end":{"line":198,"column":40}},"loc":{"start":{"line":198,"column":46},"end":{"line":198,"column":56}},"line":198},"7":{"name":"isSessionDependentReactiveTable","decl":{"start":{"line":206,"column":16},"end":{"line":206,"column":47}},"loc":{"start":{"line":206,"column":54},"end":{"line":208,"column":null}},"line":206},"8":{"name":"(anonymous_8)","decl":{"start":{"line":207,"column":47},"end":{"line":207,"column":48}},"loc":{"start":{"line":207,"column":54},"end":{"line":207,"column":64}},"line":207},"9":{"name":"table","decl":{"start":{"line":232,"column":9},"end":{"line":232,"column":14}},"loc":{"start":{"line":232,"column":33},"end":{"line":238,"column":null}},"line":232},"10":{"name":"(anonymous_10)","decl":{"start":{"line":234,"column":17},"end":{"line":234,"column":18}},"loc":{"start":{"line":234,"column":30},"end":{"line":234,"column":37}},"line":234},"11":{"name":"(anonymous_11)","decl":{"start":{"line":248,"column":28},"end":{"line":248,"column":29}},"loc":{"start":{"line":248,"column":38},"end":{"line":261,"column":1}},"line":248}},"branchMap":{"0":{"loc":{"start":{"line":112,"column":37},"end":{"line":112,"column":68}},"type":"cond-expr","locations":[{"start":{"line":112,"column":48},"end":{"line":112,"column":49}},{"start":{"line":112,"column":51},"end":{"line":112,"column":68}}],"line":112},"1":{"loc":{"start":{"line":122,"column":5},"end":{"line":125,"column":null}},"type":"if","locations":[{"start":{"line":122,"column":5},"end":{"line":125,"column":null}},{"start":{},"end":{}}],"line":122},"2":{"loc":{"start":{"line":122,"column":9},"end":{"line":122,"column":57}},"type":"binary-expr","locations":[{"start":{"line":122,"column":9},"end":{"line":122,"column":31}},{"start":{"line":122,"column":35},"end":{"line":122,"column":57}}],"line":122},"3":{"loc":{"start":{"line":128,"column":5},"end":{"line":129,"column":null}},"type":"if","locations":[{"start":{"line":128,"column":5},"end":{"line":129,"column":null}},{"start":{},"end":{}}],"line":128},"4":{"loc":{"start":{"line":233,"column":26},"end":{"line":235,"column":14}},"type":"cond-expr","locations":[{"start":{"line":234,"column":4},"end":{"line":234,"column":null}},{"start":{"line":235,"column":4},"end":{"line":235,"column":14}}],"line":233},"5":{"loc":{"start":{"line":250,"column":1},"end":{"line":250,"column":null}},"type":"if","locations":[{"start":{"line":250,"column":1},"end":{"line":250,"column":null}},{"start":{},"end":{}}],"line":250},"6":{"loc":{"start":{"line":250,"column":5},"end":{"line":250,"column":39}},"type":"binary-expr","locations":[{"start":{"line":250,"column":5},"end":{"line":250,"column":26}},{"start":{"line":250,"column":30},"end":{"line":250,"column":39}}],"line":250},"7":{"loc":{"start":{"line":252,"column":1},"end":{"line":252,"column":null}},"type":"if","locations":[{"start":{"line":252,"column":1},"end":{"line":252,"column":null}},{"start":{},"end":{}}],"line":252},"8":{"loc":{"start":{"line":252,"column":5},"end":{"line":252,"column":39}},"type":"binary-expr","locations":[{"start":{"line":252,"column":5},"end":{"line":252,"column":26}},{"start":{"line":252,"column":30},"end":{"line":252,"column":39}}],"line":252},"9":{"loc":{"start":{"line":254,"column":1},"end":{"line":254,"column":null}},"type":"if","locations":[{"start":{"line":254,"column":1},"end":{"line":254,"column":null}},{"start":{},"end":{}}],"line":254},"10":{"loc":{"start":{"line":254,"column":5},"end":{"line":254,"column":51}},"type":"binary-expr","locations":[{"start":{"line":254,"column":5},"end":{"line":254,"column":26}},{"start":{"line":254,"column":30},"end":{"line":254,"column":51}}],"line":254},"11":{"loc":{"start":{"line":256,"column":1},"end":{"line":256,"column":null}},"type":"if","locations":[{"start":{"line":256,"column":1},"end":{"line":256,"column":null}},{"start":{},"end":{}}],"line":256},"12":{"loc":{"start":{"line":257,"column":1},"end":{"line":257,"column":null}},"type":"if","locations":[{"start":{"line":257,"column":1},"end":{"line":257,"column":null}},{"start":{},"end":{}}],"line":257},"13":{"loc":{"start":{"line":259,"column":1},"end":{"line":259,"column":null}},"type":"if","locations":[{"start":{"line":259,"column":1},"end":{"line":259,"column":null}},{"start":{},"end":{}}],"line":259},"14":{"loc":{"start":{"line":259,"column":5},"end":{"line":259,"column":39}},"type":"binary-expr","locations":[{"start":{"line":259,"column":5},"end":{"line":259,"column":20}},{"start":{"line":259,"column":24},"end":{"line":259,"column":39}}],"line":259}},"s":{"0":10,"1":10,"2":10,"3":10,"4":10,"5":10,"6":10,"7":10,"8":10,"9":10,"10":0,"11":20,"12":20,"13":20,"14":0,"15":0,"16":0,"17":0,"18":20,"19":20,"20":0,"21":0,"22":20,"23":20,"24":0,"25":0,"26":20,"27":10,"28":10,"29":10,"30":185,"31":492,"32":95,"33":171,"34":10,"35":90,"36":120,"37":90,"38":10,"39":91,"40":41,"41":50,"42":0,"43":50,"44":3,"45":47,"46":0,"47":47,"48":0,"49":47,"50":5,"51":42},"f":{"0":10,"1":0,"2":20,"3":20,"4":20,"5":185,"6":492,"7":95,"8":171,"9":90,"10":120,"11":91},"b":{"0":[0,0],"1":[0,20],"2":[20,20],"3":[0,0],"4":[60,30],"5":[41,50],"6":[91,41],"7":[0,50],"8":[50,0],"9":[3,47],"10":[50,3],"11":[0,47],"12":[0,47],"13":[5,42],"14":[47,5]},"meta":{"lastBranch":15,"lastFunction":12,"lastStatement":52,"seen":{"f:35:16:35:26":0,"s:36:1:36:Infinity":0,"s:63:18:74:1":1,"s:76:25:87:1":2,"s:89:14:89:64":3,"s:91:20:91:76":4,"s:93:16:93:44":5,"s:95:17:95:60":6,"s:96:23:102:1":7,"s:103:17:103:44":8,"s:105:17:159:1":9,"f:112:29:112:30":1,"s:112:37:112:68":10,"b:112:48:112:49:112:51:112:68":0,"f:116:3:116:4":2,"s:119:4:130:Infinity":11,"s:120:27:120:67":12,"b:122:5:125:Infinity:undefined:undefined:undefined:undefined":1,"s:122:5:125:Infinity":13,"b:122:9:122:31:122:35:122:57":2,"s:123:6:123:Infinity":14,"s:124:6:124:Infinity":15,"b:128:5:129:Infinity:undefined:undefined:undefined:undefined":3,"s:128:5:129:Infinity":16,"s:129:6:129:Infinity":17,"s:132:4:137:Infinity":18,"s:133:5:133:Infinity":19,"s:135:5:135:Infinity":20,"s:136:5:136:Infinity":21,"f:143:38:143:39":3,"s:144:3:149:Infinity":22,"s:145:4:145:Infinity":23,"s:147:4:147:Infinity":24,"s:148:4:148:Infinity":25,"f:154:13:154:14":4,"s:154:20:157:3":26,"s:161:23:181:1":27,"s:183:62:187:1":28,"s:189:64:189:88":29,"f:197:16:197:31":5,"s:198:1:198:Infinity":30,"f:198:39:198:40":6,"s:198:46:198:56":31,"f:206:16:206:47":7,"s:207:1:207:Infinity":32,"f:207:47:207:48":8,"s:207:54:207:64":33,"s:210:22:220:1":34,"f:232:9:232:14":9,"s:233:26:235:14":35,"b:234:4:234:Infinity:235:4:235:14":4,"f:234:17:234:18":10,"s:234:30:234:37":36,"s:237:1:237:Infinity":37,"s:248:28:261:1":38,"f:248:28:248:29":11,"b:250:1:250:Infinity:undefined:undefined:undefined:undefined":5,"s:250:1:250:Infinity":39,"b:250:5:250:26:250:30:250:39":6,"s:250:41:250:Infinity":40,"b:252:1:252:Infinity:undefined:undefined:undefined:undefined":7,"s:252:1:252:Infinity":41,"b:252:5:252:26:252:30:252:39":8,"s:252:41:252:Infinity":42,"b:254:1:254:Infinity:undefined:undefined:undefined:undefined":9,"s:254:1:254:Infinity":43,"b:254:5:254:26:254:30:254:51":10,"s:254:53:254:Infinity":44,"b:256:1:256:Infinity:undefined:undefined:undefined:undefined":11,"s:256:1:256:Infinity":45,"s:256:28:256:Infinity":46,"b:257:1:257:Infinity:undefined:undefined:undefined:undefined":12,"s:257:1:257:Infinity":47,"s:257:28:257:Infinity":48,"b:259:1:259:Infinity:undefined:undefined:undefined:undefined":13,"s:259:1:259:Infinity":49,"b:259:5:259:20:259:24:259:39":14,"s:259:41:259:Infinity":50,"s:260:1:260:Infinity":51}}}
,"/home/runner/work/cigale/cigale/src/lib/date.js": {"path":"/home/runner/work/cigale/cigale/src/lib/date.js","statementMap":{"0":{"start":{"line":14,"column":1},"end":{"line":19,"column":null}},"1":{"start":{"line":47,"column":1},"end":{"line":54,"column":null}},"2":{"start":{"line":48,"column":2},"end":{"line":53,"column":null}},"3":{"start":{"line":49,"column":15},"end":{"line":49,"column":58}},"4":{"start":{"line":50,"column":3},"end":{"line":50,"column":null}},"5":{"start":{"line":50,"column":22},"end":{"line":50,"column":null}},"6":{"start":{"line":52,"column":3},"end":{"line":52,"column":null}},"7":{"start":{"line":55,"column":1},"end":{"line":55,"column":null}}},"fnMap":{"0":{"name":"parseISOSafe","decl":{"start":{"line":13,"column":16},"end":{"line":13,"column":28}},"loc":{"start":{"line":13,"column":46},"end":{"line":20,"column":null}},"line":13},"1":{"name":"tryParse","decl":{"start":{"line":46,"column":9},"end":{"line":46,"column":17}},"loc":{"start":{"line":46,"column":47},"end":{"line":56,"column":null}},"line":46}},"branchMap":{"0":{"loc":{"start":{"line":50,"column":3},"end":{"line":50,"column":null}},"type":"if","locations":[{"start":{"line":50,"column":3},"end":{"line":50,"column":null}},{"start":{},"end":{}}],"line":50}},"s":{"0":44,"1":50,"2":128,"3":128,"4":128,"5":13,"6":0,"7":37},"f":{"0":44,"1":50},"b":{"0":[13,115]},"meta":{"lastBranch":1,"lastFunction":2,"lastStatement":8,"seen":{"f:13:16:13:28":0,"s:14:1:19:Infinity":0,"f:46:9:46:17":1,"s:47:1:54:Infinity":1,"s:48:2:53:Infinity":2,"s:49:15:49:58":3,"b:50:3:50:Infinity:undefined:undefined:undefined:undefined":0,"s:50:3:50:Infinity":4,"s:50:22:50:Infinity":5,"s:52:3:52:Infinity":6,"s:55:1:55:Infinity":7}}}
,"/home/runner/work/cigale/cigale/src/lib/download.js": {"path":"/home/runner/work/cigale/cigale/src/lib/download.js","statementMap":{"0":{"start":{"line":11,"column":2},"end":{"line":17,"column":6}},"1":{"start":{"line":19,"column":13},"end":{"line":19,"column":38}},"2":{"start":{"line":20,"column":11},"end":{"line":20,"column":38}},"3":{"start":{"line":21,"column":1},"end":{"line":21,"column":null}},"4":{"start":{"line":22,"column":1},"end":{"line":22,"column":null}},"5":{"start":{"line":23,"column":1},"end":{"line":23,"column":null}},"6":{"start":{"line":24,"column":1},"end":{"line":24,"column":null}},"7":{"start":{"line":36,"column":17},"end":{"line":36,"column":30}},"8":{"start":{"line":38,"column":1},"end":{"line":41,"column":null}},"9":{"start":{"line":40,"column":2},"end":{"line":40,"column":null}},"10":{"start":{"line":47,"column":17},"end":{"line":57,"column":2}},"11":{"start":{"line":48,"column":2},"end":{"line":48,"column":null}},"12":{"start":{"line":48,"column":22},"end":{"line":48,"column":null}},"13":{"start":{"line":49,"column":2},"end":{"line":49,"column":null}},"14":{"start":{"line":49,"column":28},"end":{"line":49,"column":null}},"15":{"start":{"line":50,"column":2},"end":{"line":50,"column":null}},"16":{"start":{"line":50,"column":33},"end":{"line":50,"column":null}},"17":{"start":{"line":53,"column":2},"end":{"line":55,"column":null}},"18":{"start":{"line":53,"column":40},"end":{"line":53,"column":63}},"19":{"start":{"line":54,"column":3},"end":{"line":54,"column":null}},"20":{"start":{"line":54,"column":52},"end":{"line":54,"column":69}},"21":{"start":{"line":56,"column":2},"end":{"line":56,"column":null}},"22":{"start":{"line":59,"column":1},"end":{"line":62,"column":null}},"23":{"start":{"line":60,"column":17},"end":{"line":60,"column":51}},"24":{"start":{"line":61,"column":2},"end":{"line":61,"column":null}},"25":{"start":{"line":64,"column":1},"end":{"line":64,"column":null}}},"fnMap":{"0":{"name":"downloadAsFile","decl":{"start":{"line":9,"column":16},"end":{"line":9,"column":30}},"loc":{"start":{"line":9,"column":63},"end":{"line":25,"column":null}},"line":9},"1":{"name":"stringifyWithToplevelOrdering","decl":{"start":{"line":35,"column":16},"end":{"line":35,"column":45}},"loc":{"start":{"line":35,"column":80},"end":{"line":65,"column":null}},"line":35},"2":{"name":"(anonymous_2)","decl":{"start":{"line":47,"column":17},"end":{"line":47,"column":18}},"loc":{"start":{"line":47,"column":31},"end":{"line":57,"column":2}},"line":47},"3":{"name":"(anonymous_3)","decl":{"start":{"line":53,"column":31},"end":{"line":53,"column":32}},"loc":{"start":{"line":53,"column":40},"end":{"line":53,"column":63}},"line":53},"4":{"name":"(anonymous_4)","decl":{"start":{"line":54,"column":43},"end":{"line":54,"column":44}},"loc":{"start":{"line":54,"column":52},"end":{"line":54,"column":69}},"line":54}},"branchMap":{"0":{"loc":{"start":{"line":11,"column":2},"end":{"line":17,"column":6}},"type":"cond-expr","locations":[{"start":{"line":12,"column":5},"end":{"line":12,"column":null}},{"start":{"line":13,"column":5},"end":{"line":17,"column":6}}],"line":11},"1":{"loc":{"start":{"line":15,"column":6},"end":{"line":16,"column":null}},"type":"binary-expr","locations":[{"start":{"line":15,"column":6},"end":{"line":15,"column":17}},{"start":{"line":16,"column":7},"end":{"line":16,"column":78}}],"line":15},"2":{"loc":{"start":{"line":16,"column":7},"end":{"line":16,"column":78}},"type":"cond-expr","locations":[{"start":{"line":16,"column":37},"end":{"line":16,"column":49}},{"start":{"line":16,"column":52},"end":{"line":16,"column":78}}],"line":16},"3":{"loc":{"start":{"line":38,"column":1},"end":{"line":41,"column":null}},"type":"if","locations":[{"start":{"line":38,"column":1},"end":{"line":41,"column":null}},{"start":{},"end":{}}],"line":38},"4":{"loc":{"start":{"line":48,"column":2},"end":{"line":48,"column":null}},"type":"if","locations":[{"start":{"line":48,"column":2},"end":{"line":48,"column":null}},{"start":{},"end":{}}],"line":48},"5":{"loc":{"start":{"line":49,"column":2},"end":{"line":49,"column":null}},"type":"if","locations":[{"start":{"line":49,"column":2},"end":{"line":49,"column":null}},{"start":{},"end":{}}],"line":49},"6":{"loc":{"start":{"line":50,"column":2},"end":{"line":50,"column":null}},"type":"if","locations":[{"start":{"line":50,"column":2},"end":{"line":50,"column":null}},{"start":{},"end":{}}],"line":50},"7":{"loc":{"start":{"line":53,"column":2},"end":{"line":55,"column":null}},"type":"if","locations":[{"start":{"line":53,"column":2},"end":{"line":55,"column":null}},{"start":{},"end":{}}],"line":53},"8":{"loc":{"start":{"line":59,"column":1},"end":{"line":62,"column":null}},"type":"if","locations":[{"start":{"line":59,"column":1},"end":{"line":62,"column":null}},{"start":{},"end":{}}],"line":59}},"s":{"0":0,"1":0,"2":0,"3":0,"4":0,"5":0,"6":0,"7":2,"8":2,"9":1,"10":2,"11":9,"12":0,"13":9,"14":0,"15":9,"16":7,"17":2,"18":7,"19":2,"20":9,"21":0,"22":2,"23":1,"24":1,"25":1},"f":{"0":0,"1":2,"2":9,"3":7,"4":9},"b":{"0":[0,0],"1":[0,0],"2":[0,0],"3":[1,1],"4":[0,9],"5":[0,9],"6":[7,2],"7":[2,0],"8":[1,1]},"meta":{"lastBranch":9,"lastFunction":5,"lastStatement":26,"seen":{"f:9:16:9:30":0,"s:11:2:17:6":0,"b:12:5:12:Infinity:13:5:17:6":0,"b:15:6:15:17:16:7:16:78":1,"b:16:37:16:49:16:52:16:78":2,"s:19:13:19:38":1,"s:20:11:20:38":2,"s:21:1:21:Infinity":3,"s:22:1:22:Infinity":4,"s:23:1:23:Infinity":5,"s:24:1:24:Infinity":6,"f:35:16:35:45":1,"s:36:17:36:30":7,"b:38:1:41:Infinity:undefined:undefined:undefined:undefined":3,"s:38:1:41:Infinity":8,"s:40:2:40:Infinity":9,"s:47:17:57:2":10,"f:47:17:47:18":2,"b:48:2:48:Infinity:undefined:undefined:undefined:undefined":4,"s:48:2:48:Infinity":11,"s:48:22:48:Infinity":12,"b:49:2:49:Infinity:undefined:undefined:undefined:undefined":5,"s:49:2:49:Infinity":13,"s:49:28:49:Infinity":14,"b:50:2:50:Infinity:undefined:undefined:undefined:undefined":6,"s:50:2:50:Infinity":15,"s:50:33:50:Infinity":16,"b:53:2:55:Infinity:undefined:undefined:undefined:undefined":7,"s:53:2:55:Infinity":17,"f:53:31:53:32":3,"s:53:40:53:63":18,"s:54:3:54:Infinity":19,"f:54:43:54:44":4,"s:54:52:54:69":20,"s:56:2:56:Infinity":21,"b:59:1:62:Infinity:undefined:undefined:undefined:undefined":8,"s:59:1:62:Infinity":22,"s:60:17:60:51":23,"s:61:2:61:Infinity":24,"s:64:1:64:Infinity":25}}}
,"/home/runner/work/cigale/cigale/src/lib/dragselect.svelte.js": {"path":"/home/runner/work/cigale/cigale/src/lib/dragselect.svelte.js","statementMap":{"0":{"start":{"line":13,"column":10},"end":{"line":13,"column":null}},"1":{"start":{"line":32,"column":7},"end":{"line":32,"column":null}},"2":{"start":{"line":32,"column":21},"end":{"line":32,"column":null}},"3":{"start":{"line":36,"column":19},"end":{"line":38,"column":null}},"4":{"start":{"line":37,"column":16},"end":{"line":37,"column":null}},"5":{"start":{"line":38,"column":19},"end":{"line":38,"column":50}},"6":{"start":{"line":40,"column":2},"end":{"line":40,"column":null}},"7":{"start":{"line":41,"column":47},"end":{"line":41,"column":null}},"8":{"start":{"line":42,"column":2},"end":{"line":42,"column":null}},"9":{"start":{"line":42,"column":37},"end":{"line":42,"column":49}},"10":{"start":{"line":42,"column":66},"end":{"line":42,"column":82}},"11":{"start":{"line":43,"column":9},"end":{"line":43,"column":null}},"12":{"start":{"line":47,"column":7},"end":{"line":47,"column":null}},"13":{"start":{"line":47,"column":21},"end":{"line":47,"column":null}},"14":{"start":{"line":48,"column":2},"end":{"line":48,"column":null}},"15":{"start":{"line":52,"column":2},"end":{"line":52,"column":null}},"16":{"start":{"line":64,"column":2},"end":{"line":64,"column":null}},"17":{"start":{"line":65,"column":2},"end":{"line":65,"column":null}},"18":{"start":{"line":67,"column":7},"end":{"line":67,"column":null}},"19":{"start":{"line":67,"column":27},"end":{"line":67,"column":null}},"20":{"start":{"line":69,"column":19},"end":{"line":69,"column":77}},"21":{"start":{"line":92,"column":2},"end":{"line":97,"column":null}},"22":{"start":{"line":93,"column":8},"end":{"line":93,"column":null}},"23":{"start":{"line":93,"column":13},"end":{"line":93,"column":null}},"24":{"start":{"line":94,"column":8},"end":{"line":96,"column":null}},"25":{"start":{"line":95,"column":4},"end":{"line":95,"column":null}},"26":{"start":{"line":100,"column":2},"end":{"line":105,"column":null}},"27":{"start":{"line":101,"column":19},"end":{"line":101,"column":null}},"28":{"start":{"line":102,"column":17},"end":{"line":102,"column":null}},"29":{"start":{"line":104,"column":49},"end":{"line":104,"column":81}},"30":{"start":{"line":107,"column":2},"end":{"line":111,"column":null}},"31":{"start":{"line":108,"column":7},"end":{"line":108,"column":null}},"32":{"start":{"line":108,"column":31},"end":{"line":108,"column":null}},"33":{"start":{"line":109,"column":7},"end":{"line":109,"column":null}},"34":{"start":{"line":109,"column":33},"end":{"line":109,"column":null}},"35":{"start":{"line":110,"column":3},"end":{"line":110,"column":null}},"36":{"start":{"line":117,"column":8},"end":{"line":120,"column":null}},"37":{"start":{"line":118,"column":18},"end":{"line":118,"column":43}},"38":{"start":{"line":119,"column":15},"end":{"line":119,"column":28}}},"fnMap":{"0":{"name":"(anonymous_0)","decl":{"start":{"line":31,"column":1},"end":{"line":31,"column":13}},"loc":{"start":{"line":31,"column":28},"end":{"line":44,"column":null}},"line":31},"1":{"name":"(anonymous_1)","decl":{"start":{"line":37,"column":7},"end":{"line":37,"column":9}},"loc":{"start":{"line":37,"column":16},"end":{"line":37,"column":null}},"line":37},"2":{"name":"(anonymous_2)","decl":{"start":{"line":38,"column":10},"end":{"line":38,"column":12}},"loc":{"start":{"line":38,"column":19},"end":{"line":38,"column":50}},"line":38},"3":{"name":"(anonymous_3)","decl":{"start":{"line":42,"column":29},"end":{"line":42,"column":31}},"loc":{"start":{"line":42,"column":37},"end":{"line":42,"column":49}},"line":42},"4":{"name":"(anonymous_4)","decl":{"start":{"line":42,"column":57},"end":{"line":42,"column":59}},"loc":{"start":{"line":42,"column":66},"end":{"line":42,"column":82}},"line":42},"5":{"name":"(anonymous_5)","decl":{"start":{"line":46,"column":1},"end":{"line":46,"column":19}},"loc":{"start":{"line":46,"column":22},"end":{"line":49,"column":null}},"line":46},"6":{"name":"(anonymous_6)","decl":{"start":{"line":51,"column":1},"end":{"line":51,"column":8}},"loc":{"start":{"line":51,"column":11},"end":{"line":53,"column":null}},"line":51},"7":{"name":"(anonymous_7)","decl":{"start":{"line":62,"column":1},"end":{"line":62,"column":12}},"loc":{"start":{"line":62,"column":69},"end":{"line":112,"column":null}},"line":62},"8":{"name":"(anonymous_8)","decl":{"start":{"line":92,"column":27},"end":{"line":92,"column":32}},"loc":{"start":{"line":92,"column":44},"end":{"line":97,"column":3}},"line":92},"9":{"name":"(anonymous_9)","decl":{"start":{"line":100,"column":26},"end":{"line":100,"column":31}},"loc":{"start":{"line":100,"column":56},"end":{"line":105,"column":3}},"line":100},"10":{"name":"(anonymous_10)","decl":{"start":{"line":104,"column":45},"end":{"line":104,"column":47}},"loc":{"start":{"line":104,"column":49},"end":{"line":104,"column":81}},"line":104},"11":{"name":"(anonymous_11)","decl":{"start":{"line":107,"column":26},"end":{"line":107,"column":31}},"loc":{"start":{"line":107,"column":63},"end":{"line":111,"column":3}},"line":107},"12":{"name":"idsOfElements","decl":{"start":{"line":116,"column":9},"end":{"line":116,"column":22}},"loc":{"start":{"line":116,"column":33},"end":{"line":121,"column":null}},"line":116},"13":{"name":"(anonymous_13)","decl":{"start":{"line":118,"column":9},"end":{"line":118,"column":11}},"loc":{"start":{"line":118,"column":18},"end":{"line":118,"column":43}},"line":118},"14":{"name":"(anonymous_14)","decl":{"start":{"line":119,"column":6},"end":{"line":119,"column":8}},"loc":{"start":{"line":119,"column":15},"end":{"line":119,"column":28}},"line":119}},"branchMap":{"0":{"loc":{"start":{"line":32,"column":7},"end":{"line":32,"column":null}},"type":"if","locations":[{"start":{"line":32,"column":7},"end":{"line":32,"column":null}},{"start":{},"end":{}}],"line":32},"1":{"loc":{"start":{"line":38,"column":19},"end":{"line":38,"column":50}},"type":"binary-expr","locations":[{"start":{"line":38,"column":19},"end":{"line":38,"column":30}},{"start":{"line":38,"column":34},"end":{"line":38,"column":50}}],"line":38},"2":{"loc":{"start":{"line":47,"column":7},"end":{"line":47,"column":null}},"type":"if","locations":[{"start":{"line":47,"column":7},"end":{"line":47,"column":null}},{"start":{},"end":{}}],"line":47},"3":{"loc":{"start":{"line":62,"column":24},"end":{"line":62,"column":49}},"type":"default-arg","locations":[{"start":{"line":62,"column":40},"end":{"line":62,"column":49}}],"line":62},"4":{"loc":{"start":{"line":62,"column":40},"end":{"line":62,"column":69}},"type":"default-arg","locations":[{"start":{"line":62,"column":60},"end":{"line":62,"column":69}}],"line":62},"5":{"loc":{"start":{"line":67,"column":7},"end":{"line":67,"column":null}},"type":"if","locations":[{"start":{"line":67,"column":7},"end":{"line":67,"column":null}},{"start":{},"end":{}}],"line":67},"6":{"loc":{"start":{"line":69,"column":19},"end":{"line":69,"column":77}},"type":"binary-expr","locations":[{"start":{"line":69,"column":19},"end":{"line":69,"column":53}},{"start":{"line":69,"column":57},"end":{"line":69,"column":77}}],"line":69},"7":{"loc":{"start":{"line":93,"column":8},"end":{"line":93,"column":null}},"type":"if","locations":[{"start":{"line":93,"column":8},"end":{"line":93,"column":null}},{"start":{},"end":{}}],"line":93},"8":{"loc":{"start":{"line":94,"column":8},"end":{"line":96,"column":null}},"type":"if","locations":[{"start":{"line":94,"column":8},"end":{"line":96,"column":null}},{"start":{},"end":{}}],"line":94},"9":{"loc":{"start":{"line":94,"column":8},"end":{"line":94,"column":58}},"type":"binary-expr","locations":[{"start":{"line":94,"column":8},"end":{"line":94,"column":21}},{"start":{"line":94,"column":21},"end":{"line":94,"column":39}},{"start":{"line":94,"column":39},"end":{"line":94,"column":58}}],"line":94},"10":{"loc":{"start":{"line":108,"column":7},"end":{"line":108,"column":null}},"type":"if","locations":[{"start":{"line":108,"column":7},"end":{"line":108,"column":null}},{"start":{},"end":{}}],"line":108},"11":{"loc":{"start":{"line":109,"column":7},"end":{"line":109,"column":null}},"type":"if","locations":[{"start":{"line":109,"column":7},"end":{"line":109,"column":null}},{"start":{},"end":{}}],"line":109}},"s":{"0":0,"1":0,"2":0,"3":0,"4":0,"5":0,"6":0,"7":0,"8":0,"9":0,"10":0,"11":0,"12":0,"13":0,"14":0,"15":0,"16":0,"17":0,"18":0,"19":0,"20":0,"21":0,"22":0,"23":0,"24":0,"25":0,"26":0,"27":0,"28":0,"29":0,"30":0,"31":0,"32":0,"33":0,"34":0,"35":0,"36":0,"37":0,"38":0},"f":{"0":0,"1":0,"2":0,"3":0,"4":0,"5":0,"6":0,"7":0,"8":0,"9":0,"10":0,"11":0,"12":0,"13":0,"14":0},"b":{"0":[0,0],"1":[0,0],"2":[0,0],"3":[0],"4":[0],"5":[0,0],"6":[0,0],"7":[0,0],"8":[0,0],"9":[0,0,0],"10":[0,0],"11":[0,0]},"meta":{"lastBranch":12,"lastFunction":15,"lastStatement":39,"seen":{"s:13:10:13:Infinity":0,"f:31:1:31:13":0,"b:32:7:32:Infinity:undefined:undefined:undefined:undefined":0,"s:32:7:32:Infinity":1,"s:32:21:32:Infinity":2,"s:36:19:38:Infinity":3,"f:37:7:37:9":1,"s:37:16:37:Infinity":4,"f:38:10:38:12":2,"s:38:19:38:50":5,"b:38:19:38:30:38:34:38:50":1,"s:40:2:40:Infinity":6,"s:41:47:41:Infinity":7,"s:42:2:42:Infinity":8,"f:42:29:42:31":3,"s:42:37:42:49":9,"f:42:57:42:59":4,"s:42:66:42:82":10,"s:43:9:43:Infinity":11,"f:46:1:46:19":5,"b:47:7:47:Infinity:undefined:undefined:undefined:undefined":2,"s:47:7:47:Infinity":12,"s:47:21:47:Infinity":13,"s:48:2:48:Infinity":14,"f:51:1:51:8":6,"s:52:2:52:Infinity":15,"f:62:1:62:12":7,"b:62:40:62:49":3,"b:62:60:62:69":4,"s:64:2:64:Infinity":16,"s:65:2:65:Infinity":17,"b:67:7:67:Infinity:undefined:undefined:undefined:undefined":5,"s:67:7:67:Infinity":18,"s:67:27:67:Infinity":19,"s:69:19:69:77":20,"b:69:19:69:53:69:57:69:77":6,"s:92:2:97:Infinity":21,"f:92:27:92:32":8,"b:93:8:93:Infinity:undefined:undefined:undefined:undefined":7,"s:93:8:93:Infinity":22,"s:93:13:93:Infinity":23,"b:94:8:96:Infinity:undefined:undefined:undefined:undefined":8,"s:94:8:96:Infinity":24,"b:94:8:94:21:94:21:94:39:94:39:94:58":9,"s:95:4:95:Infinity":25,"s:100:2:105:Infinity":26,"f:100:26:100:31":9,"s:101:19:101:Infinity":27,"s:102:17:102:Infinity":28,"f:104:45:104:47":10,"s:104:49:104:81":29,"s:107:2:111:Infinity":30,"f:107:26:107:31":11,"b:108:7:108:Infinity:undefined:undefined:undefined:undefined":10,"s:108:7:108:Infinity":31,"s:108:31:108:Infinity":32,"b:109:7:109:Infinity:undefined:undefined:undefined:undefined":11,"s:109:7:109:Infinity":33,"s:109:33:109:Infinity":34,"s:110:3:110:Infinity":35,"f:116:9:116:22":12,"s:117:8:120:Infinity":36,"f:118:9:118:11":13,"s:118:18:118:43":37,"f:119:6:119:8":14,"s:119:15:119:28":38}}}
,"/home/runner/work/cigale/cigale/src/lib/exif.js": {"path":"/home/runner/work/cigale/cigale/src/lib/exif.js","statementMap":{"0":{"start":{"line":26,"column":17},"end":{"line":26,"column":55}},"1":{"start":{"line":27,"column":1},"end":{"line":29,"column":null}},"2":{"start":{"line":28,"column":2},"end":{"line":28,"column":null}},"3":{"start":{"line":31,"column":18},"end":{"line":31,"column":64}},"4":{"start":{"line":32,"column":1},"end":{"line":34,"column":null}},"5":{"start":{"line":33,"column":2},"end":{"line":33,"column":null}},"6":{"start":{"line":35,"column":28},"end":{"line":37,"column":2}},"7":{"start":{"line":36,"column":2},"end":{"line":36,"column":null}},"8":{"start":{"line":36,"column":23},"end":{"line":36,"column":57}},"9":{"start":{"line":38,"column":26},"end":{"line":64,"column":3}},"10":{"start":{"line":44,"column":4},"end":{"line":53,"column":null}},"11":{"start":{"line":51,"column":56},"end":{"line":51,"column":80}},"12":{"start":{"line":53,"column":20},"end":{"line":53,"column":29}},"13":{"start":{"line":55,"column":22},"end":{"line":55,"column":41}},"14":{"start":{"line":57,"column":2},"end":{"line":57,"column":null}},"15":{"start":{"line":58,"column":2},"end":{"line":62,"column":null}},"16":{"start":{"line":59,"column":3},"end":{"line":61,"column":null}},"17":{"start":{"line":63,"column":2},"end":{"line":63,"column":null}},"18":{"start":{"line":66,"column":16},"end":{"line":68,"column":67}},"19":{"start":{"line":68,"column":18},"end":{"line":68,"column":66}},"20":{"start":{"line":68,"column":39},"end":{"line":68,"column":65}},"21":{"start":{"line":70,"column":1},"end":{"line":81,"column":null}},"22":{"start":{"line":71,"column":2},"end":{"line":80,"column":null}},"23":{"start":{"line":72,"column":3},"end":{"line":79,"column":null}},"24":{"start":{"line":97,"column":14},"end":{"line":97,"column":70}},"25":{"start":{"line":99,"column":1},"end":{"line":99,"column":null}},"26":{"start":{"line":99,"column":12},"end":{"line":99,"column":null}},"27":{"start":{"line":100,"column":1},"end":{"line":100,"column":null}},"28":{"start":{"line":102,"column":17},"end":{"line":131,"column":27}},"29":{"start":{"line":111,"column":19},"end":{"line":118,"column":4}},"30":{"start":{"line":125,"column":25},"end":{"line":129,"column":4}},"31":{"start":{"line":131,"column":17},"end":{"line":131,"column":26}},"32":{"start":{"line":133,"column":1},"end":{"line":146,"column":null}},"33":{"start":{"line":136,"column":4},"end":{"line":136,"column":null}},"34":{"start":{"line":140,"column":5},"end":{"line":144,"column":null}},"35":{"start":{"line":157,"column":1},"end":{"line":182,"column":null}},"36":{"start":{"line":159,"column":3},"end":{"line":159,"column":null}},"37":{"start":{"line":162,"column":3},"end":{"line":162,"column":null}},"38":{"start":{"line":165,"column":3},"end":{"line":165,"column":null}},"39":{"start":{"line":165,"column":34},"end":{"line":165,"column":null}},"40":{"start":{"line":166,"column":3},"end":{"line":166,"column":null}},"41":{"start":{"line":166,"column":28},"end":{"line":166,"column":null}},"42":{"start":{"line":167,"column":3},"end":{"line":167,"column":null}},"43":{"start":{"line":170,"column":3},"end":{"line":170,"column":null}},"44":{"start":{"line":173,"column":3},"end":{"line":173,"column":null}},"45":{"start":{"line":173,"column":34},"end":{"line":173,"column":null}},"46":{"start":{"line":174,"column":3},"end":{"line":174,"column":null}},"47":{"start":{"line":178,"column":3},"end":{"line":178,"column":null}},"48":{"start":{"line":181,"column":3},"end":{"line":181,"column":null}},"49":{"start":{"line":191,"column":1},"end":{"line":191,"column":null}},"50":{"start":{"line":191,"column":28},"end":{"line":191,"column":null}},"51":{"start":{"line":193,"column":1},"end":{"line":193,"column":null}},"52":{"start":{"line":193,"column":27},"end":{"line":193,"column":null}},"53":{"start":{"line":194,"column":1},"end":{"line":194,"column":null}},"54":{"start":{"line":194,"column":26},"end":{"line":194,"column":null}},"55":{"start":{"line":195,"column":1},"end":{"line":195,"column":null}},"56":{"start":{"line":195,"column":21},"end":{"line":195,"column":null}},"57":{"start":{"line":196,"column":1},"end":{"line":200,"column":null}},"58":{"start":{"line":197,"column":2},"end":{"line":199,"column":null}},"59":{"start":{"line":198,"column":24},"end":{"line":198,"column":39}},"60":{"start":{"line":201,"column":1},"end":{"line":201,"column":null}},"61":{"start":{"line":212,"column":22},"end":{"line":218,"column":3}},"62":{"start":{"line":220,"column":18},"end":{"line":220,"column":39}},"63":{"start":{"line":221,"column":20},"end":{"line":227,"column":2}},"64":{"start":{"line":223,"column":19},"end":{"line":223,"column":78}},"65":{"start":{"line":224,"column":21},"end":{"line":224,"column":46}},"66":{"start":{"line":225,"column":2},"end":{"line":225,"column":null}},"67":{"start":{"line":225,"column":32},"end":{"line":225,"column":null}},"68":{"start":{"line":226,"column":2},"end":{"line":226,"column":null}},"69":{"start":{"line":229,"column":1},"end":{"line":258,"column":null}},"70":{"start":{"line":229,"column":43},"end":{"line":229,"column":58}},"71":{"start":{"line":230,"column":2},"end":{"line":230,"column":null}},"72":{"start":{"line":230,"column":34},"end":{"line":230,"column":null}},"73":{"start":{"line":231,"column":16},"end":{"line":231,"column":45}},"74":{"start":{"line":232,"column":2},"end":{"line":232,"column":null}},"75":{"start":{"line":232,"column":27},"end":{"line":232,"column":null}},"76":{"start":{"line":234,"column":2},"end":{"line":257,"column":null}},"77":{"start":{"line":241,"column":3},"end":{"line":246,"column":null}},"78":{"start":{"line":242,"column":4},"end":{"line":242,"column":null}},"79":{"start":{"line":243,"column":4},"end":{"line":243,"column":null}},"80":{"start":{"line":245,"column":4},"end":{"line":245,"column":null}},"81":{"start":{"line":249,"column":3},"end":{"line":254,"column":null}},"82":{"start":{"line":250,"column":4},"end":{"line":250,"column":null}},"83":{"start":{"line":251,"column":4},"end":{"line":251,"column":null}},"84":{"start":{"line":253,"column":4},"end":{"line":253,"column":null}},"85":{"start":{"line":256,"column":3},"end":{"line":256,"column":null}},"86":{"start":{"line":261,"column":16},"end":{"line":261,"column":18}},"87":{"start":{"line":263,"column":17},"end":{"line":263,"column":23}},"88":{"start":{"line":264,"column":1},"end":{"line":267,"column":null}},"89":{"start":{"line":264,"column":14},"end":{"line":264,"column":15}},"90":{"start":{"line":265,"column":16},"end":{"line":265,"column":45}},"91":{"start":{"line":266,"column":2},"end":{"line":266,"column":null}},"92":{"start":{"line":268,"column":19},"end":{"line":268,"column":65}},"93":{"start":{"line":269,"column":1},"end":{"line":269,"column":null}},"94":{"start":{"line":269,"column":56},"end":{"line":269,"column":71}}},"fnMap":{"0":{"name":"processExifData","decl":{"start":{"line":25,"column":22},"end":{"line":25,"column":37}},"loc":{"start":{"line":25,"column":80},"end":{"line":82,"column":null}},"line":25},"1":{"name":"(anonymous_1)","decl":{"start":{"line":35,"column":65},"end":{"line":35,"column":66}},"loc":{"start":{"line":36,"column":2},"end":{"line":36,"column":null}},"line":36},"2":{"name":"(anonymous_2)","decl":{"start":{"line":36,"column":14},"end":{"line":36,"column":15}},"loc":{"start":{"line":36,"column":23},"end":{"line":36,"column":57}},"line":36},"3":{"name":"(anonymous_3)","decl":{"start":{"line":43,"column":8},"end":{"line":43,"column":9}},"loc":{"start":{"line":44,"column":4},"end":{"line":53,"column":null}},"line":44},"4":{"name":"(anonymous_4)","decl":{"start":{"line":51,"column":6},"end":{"line":51,"column":7}},"loc":{"start":{"line":51,"column":56},"end":{"line":51,"column":80}},"line":51},"5":{"name":"(anonymous_5)","decl":{"start":{"line":53,"column":14},"end":{"line":53,"column":15}},"loc":{"start":{"line":53,"column":20},"end":{"line":53,"column":29}},"line":53},"6":{"name":"(anonymous_6)","decl":{"start":{"line":55,"column":11},"end":{"line":55,"column":12}},"loc":{"start":{"line":55,"column":22},"end":{"line":55,"column":41}},"line":55},"7":{"name":"(anonymous_7)","decl":{"start":{"line":56,"column":9},"end":{"line":56,"column":10}},"loc":{"start":{"line":56,"column":16},"end":{"line":64,"column":2}},"line":56},"8":{"name":"(anonymous_8)","decl":{"start":{"line":68,"column":8},"end":{"line":68,"column":9}},"loc":{"start":{"line":68,"column":18},"end":{"line":68,"column":66}},"line":68},"9":{"name":"(anonymous_9)","decl":{"start":{"line":68,"column":30},"end":{"line":68,"column":31}},"loc":{"start":{"line":68,"column":39},"end":{"line":68,"column":65}},"line":68},"10":{"name":"extractMetadata","decl":{"start":{"line":96,"column":22},"end":{"line":96,"column":37}},"loc":{"start":{"line":96,"column":62},"end":{"line":147,"column":null}},"line":96},"11":{"name":"(anonymous_11)","decl":{"start":{"line":111,"column":3},"end":{"line":111,"column":4}},"loc":{"start":{"line":111,"column":19},"end":{"line":118,"column":4}},"line":111},"12":{"name":"(anonymous_12)","decl":{"start":{"line":125,"column":3},"end":{"line":125,"column":4}},"loc":{"start":{"line":125,"column":25},"end":{"line":129,"column":4}},"line":125},"13":{"name":"(anonymous_13)","decl":{"start":{"line":131,"column":11},"end":{"line":131,"column":12}},"loc":{"start":{"line":131,"column":17},"end":{"line":131,"column":26}},"line":131},"14":{"name":"(anonymous_14)","decl":{"start":{"line":135,"column":8},"end":{"line":135,"column":9}},"loc":{"start":{"line":135,"column":36},"end":{"line":137,"column":4}},"line":135},"15":{"name":"(anonymous_15)","decl":{"start":{"line":139,"column":4},"end":{"line":139,"column":5}},"loc":{"start":{"line":140,"column":5},"end":{"line":144,"column":null}},"line":140},"16":{"name":"coerceExifValue","decl":{"start":{"line":156,"column":16},"end":{"line":156,"column":31}},"loc":{"start":{"line":156,"column":49},"end":{"line":183,"column":null}},"line":156},"17":{"name":"serializeExifValue","decl":{"start":{"line":190,"column":16},"end":{"line":190,"column":34}},"loc":{"start":{"line":190,"column":42},"end":{"line":202,"column":null}},"line":190},"18":{"name":"(anonymous_18)","decl":{"start":{"line":198,"column":8},"end":{"line":198,"column":9}},"loc":{"start":{"line":198,"column":24},"end":{"line":198,"column":39}},"line":198},"19":{"name":"addExifMetadata","decl":{"start":{"line":211,"column":16},"end":{"line":211,"column":31}},"loc":{"start":{"line":211,"column":69},"end":{"line":270,"column":null}},"line":211},"20":{"name":"(anonymous_20)","decl":{"start":{"line":221,"column":20},"end":{"line":221,"column":21}},"loc":{"start":{"line":221,"column":36},"end":{"line":227,"column":2}},"line":221},"21":{"name":"(anonymous_21)","decl":{"start":{"line":229,"column":36},"end":{"line":229,"column":37}},"loc":{"start":{"line":229,"column":43},"end":{"line":229,"column":58}},"line":229},"22":{"name":"(anonymous_22)","decl":{"start":{"line":269,"column":49},"end":{"line":269,"column":50}},"loc":{"start":{"line":269,"column":56},"end":{"line":269,"column":71}},"line":269}},"branchMap":{"0":{"loc":{"start":{"line":27,"column":1},"end":{"line":29,"column":null}},"type":"if","locations":[{"start":{"line":27,"column":1},"end":{"line":29,"column":null}},{"start":{},"end":{}}],"line":27},"1":{"loc":{"start":{"line":32,"column":1},"end":{"line":34,"column":null}},"type":"if","locations":[{"start":{"line":32,"column":1},"end":{"line":34,"column":null}},{"start":{},"end":{}}],"line":32},"2":{"loc":{"start":{"line":42,"column":3},"end":{"line":42,"column":27}},"type":"binary-expr","locations":[{"start":{"
[...]
,"/home/runner/work/cigale/cigale/src/lib/schemas/exports.js": {"path":"/home/runner/work/cigale/cigale/src/lib/schemas/exports.js","statementMap":{"0":{"start":{"line":6,"column":23},"end":{"line":15,"column":2}}},"fnMap":{},"branchMap":{},"s":{"0":2},"f":{},"b":{},"meta":{"lastBranch":0,"lastFunction":0,"lastStatement":1,"seen":{"s:6:23:15:2":0}}}
,"/home/runner/work/cigale/cigale/src/lib/schemas/metadata.js": {"path":"/home/runner/work/cigale/cigale/src/lib/schemas/metadata.js","statementMap":{"0":{"start":{"line":13,"column":1},"end":{"line":13,"column":null}},"1":{"start":{"line":20,"column":15},"end":{"line":20,"column":34}},"2":{"start":{"line":21,"column":1},"end":{"line":21,"column":null}},"3":{"start":{"line":21,"column":23},"end":{"line":21,"column":null}},"4":{"start":{"line":22,"column":20},"end":{"line":22,"column":48}},"5":{"start":{"line":23,"column":13},"end":{"line":23,"column":36}},"6":{"start":{"line":24,"column":1},"end":{"line":24,"column":null}},"7":{"start":{"line":30,"column":52},"end":{"line":45,"column":1}},"8":{"start":{"line":47,"column":28},"end":{"line":56,"column":1}},"9":{"start":{"line":65,"column":58},"end":{"line":74,"column":1}},"10":{"start":{"line":76,"column":39},"end":{"line":85,"column":1}},"11":{"start":{"line":93,"column":28},"end":{"line":107,"column":2}},"12":{"start":{"line":96,"column":12},"end":{"line":96,"column":34}},"13":{"start":{"line":97,"column":2},"end":{"line":97,"column":null}},"14":{"start":{"line":97,"column":31},"end":{"line":97,"column":null}},"15":{"start":{"line":98,"column":2},"end":{"line":98,"column":null}},"16":{"start":{"line":109,"column":29},"end":{"line":111,"column":2}},"17":{"start":{"line":116,"column":60},"end":{"line":141,"column":1}},"18":{"start":{"line":143,"column":35},"end":{"line":150,"column":1}},"19":{"start":{"line":152,"column":34},"end":{"line":171,"column":2}},"20":{"start":{"line":157,"column":17},"end":{"line":157,"column":19}},"21":{"start":{"line":173,"column":25},"end":{"line":173,"column":62}},"22":{"start":{"line":175,"column":41},"end":{"line":193,"column":69}},"23":{"start":{"line":195,"column":39},"end":{"line":198,"column":1}},"24":{"start":{"line":200,"column":36},"end":{"line":202,"column":67}},"25":{"start":{"line":204,"column":23},"end":{"line":233,"column":1}},"26":{"start":{"line":219,"column":17},"end":{"line":219,"column":44}},"27":{"start":{"line":219,"column":38},"end":{"line":219,"column":43}},"28":{"start":{"line":220,"column":18},"end":{"line":220,"column":63}},"29":{"start":{"line":220,"column":44},"end":{"line":220,"column":61}},"30":{"start":{"line":244,"column":1},"end":{"line":244,"column":null}},"31":{"start":{"line":245,"column":1},"end":{"line":245,"column":null}},"32":{"start":{"line":254,"column":1},"end":{"line":254,"column":null}},"33":{"start":{"line":254,"column":61},"end":{"line":254,"column":null}},"34":{"start":{"line":255,"column":1},"end":{"line":255,"column":null}},"35":{"start":{"line":266,"column":1},"end":{"line":266,"column":null}},"36":{"start":{"line":275,"column":1},"end":{"line":275,"column":null}},"37":{"start":{"line":284,"column":15},"end":{"line":284,"column":37}},"38":{"start":{"line":285,"column":1},"end":{"line":285,"column":null}},"39":{"start":{"line":285,"column":23},"end":{"line":285,"column":null}},"40":{"start":{"line":286,"column":1},"end":{"line":286,"column":null}},"41":{"start":{"line":294,"column":1},"end":{"line":297,"column":null}}},"fnMap":{"0":{"name":"metadataOptionId","decl":{"start":{"line":12,"column":16},"end":{"line":12,"column":32}},"loc":{"start":{"line":12,"column":50},"end":{"line":14,"column":null}},"line":12},"1":{"name":"parseMetadataOptionId","decl":{"start":{"line":19,"column":16},"end":{"line":19,"column":37}},"loc":{"start":{"line":19,"column":48},"end":{"line":25,"column":null}},"line":19},"2":{"name":"(anonymous_2)","decl":{"start":{"line":94,"column":33},"end":{"line":94,"column":34}},"loc":{"start":{"line":94,"column":49},"end":{"line":99,"column":2}},"line":94},"3":{"name":"(anonymous_3)","decl":{"start":{"line":157,"column":11},"end":{"line":157,"column":12}},"loc":{"start":{"line":157,"column":17},"end":{"line":157,"column":19}},"line":157},"4":{"name":"(anonymous_4)","decl":{"start":{"line":219,"column":8},"end":{"line":219,"column":9}},"loc":{"start":{"line":219,"column":17},"end":{"line":219,"column":44}},"line":219},"5":{"name":"(anonymous_5)","decl":{"start":{"line":219,"column":31},"end":{"line":219,"column":32}},"loc":{"start":{"line":219,"column":38},"end":{"line":219,"column":43}},"line":219},"6":{"name":"(anonymous_6)","decl":{"start":{"line":220,"column":8},"end":{"line":220,"column":9}},"loc":{"start":{"line":220,"column":18},"end":{"line":220,"column":63}},"line":220},"7":{"name":"(anonymous_7)","decl":{"start":{"line":220,"column":27},"end":{"line":220,"column":28}},"loc":{"start":{"line":220,"column":44},"end":{"line":220,"column":61}},"line":220},"8":{"name":"namespacedMetadataId","decl":{"start":{"line":243,"column":16},"end":{"line":243,"column":36}},"loc":{"start":{"line":243,"column":61},"end":{"line":246,"column":null}},"line":243},"9":{"name":"ensureNamespacedMetadataId","decl":{"start":{"line":253,"column":16},"end":{"line":253,"column":42}},"loc":{"start":{"line":253,"column":75},"end":{"line":256,"column":null}},"line":253},"10":{"name":"isNamespacedToProtocol","decl":{"start":{"line":265,"column":16},"end":{"line":265,"column":38}},"loc":{"start":{"line":265,"column":63},"end":{"line":267,"column":null}},"line":265},"11":{"name":"removeNamespaceFromMetadataId","decl":{"start":{"line":274,"column":16},"end":{"line":274,"column":45}},"loc":{"start":{"line":274,"column":58},"end":{"line":276,"column":null}},"line":274},"12":{"name":"namespaceOfMetadataId","decl":{"start":{"line":283,"column":16},"end":{"line":283,"column":37}},"loc":{"start":{"line":283,"column":50},"end":{"line":287,"column":null}},"line":283},"13":{"name":"splitMetadataId","decl":{"start":{"line":293,"column":16},"end":{"line":293,"column":31}},"loc":{"start":{"line":293,"column":44},"end":{"line":298,"column":null}},"line":293}},"branchMap":{"0":{"loc":{"start":{"line":21,"column":1},"end":{"line":21,"column":null}},"type":"if","locations":[{"start":{"line":21,"column":1},"end":{"line":21,"column":null}},{"start":{},"end":{}}],"line":21},"1":{"loc":{"start":{"line":97,"column":2},"end":{"line":97,"column":null}},"type":"if","locations":[{"start":{"line":97,"column":2},"end":{"line":97,"column":null}},{"start":{},"end":{}}],"line":97},"2":{"loc":{"start":{"line":97,"column":36},"end":{"line":97,"column":61}},"type":"binary-expr","locations":[{"start":{"line":97,"column":36},"end":{"line":97,"column":54}},{"start":{"line":97,"column":58},"end":{"line":97,"column":61}}],"line":97},"3":{"loc":{"start":{"line":254,"column":1},"end":{"line":254,"column":null}},"type":"if","locations":[{"start":{"line":254,"column":1},"end":{"line":254,"column":null}},{"start":{},"end":{}}],"line":254},"4":{"loc":{"start":{"line":285,"column":1},"end":{"line":285,"column":null}},"type":"if","locations":[{"start":{"line":285,"column":1},"end":{"line":285,"column":null}},{"start":{},"end":{}}],"line":285}},"s":{"0":42,"1":10,"2":10,"3":0,"4":10,"5":10,"6":10,"7":11,"8":11,"9":11,"10":11,"11":11,"12":46,"13":46,"14":39,"15":46,"16":11,"17":11,"18":11,"19":11,"20":27,"21":11,"22":11,"23":11,"24":11,"25":11,"26":8,"27":11,"28":8,"29":11,"30":44,"31":44,"32":18,"33":18,"34":0,"35":18,"36":0,"37":3,"38":3,"39":0,"40":3,"41":0},"f":{"0":42,"1":10,"2":46,"3":27,"4":8,"5":11,"6":8,"7":11,"8":44,"9":18,"10":18,"11":0,"12":3,"13":0},"b":{"0":[0,10],"1":[39,7],"2":[39,33],"3":[18,0],"4":[0,3]},"meta":{"lastBranch":5,"lastFunction":14,"lastStatement":42,"seen":{"f:12:16:12:32":0,"s:13:1:13:Infinity":0,"f:19:16:19:37":1,"s:20:15:20:34":1,"b:21:1:21:Infinity:undefined:undefined:undefined:undefined":0,"s:21:1:21:Infinity":2,"s:21:23:21:Infinity":3,"s:22:20:22:48":4,"s:23:13:23:36":5,"s:24:1:24:Infinity":6,"s:30:52:45:1":7,"s:47:28:56:1":8,"s:65:58:74:1":9,"s:76:39:85:1":10,"s:93:28:107:2":11,"f:94:33:94:34":2,"s:96:12:96:34":12,"b:97:2:97:Infinity:undefined:undefined:undefined:undefined":1,"s:97:2:97:Infinity":13,"s:97:31:97:Infinity":14,"b:97:36:97:54:97:58:97:61":2,"s:98:2:98:Infinity":15,"s:109:29:111:2":16,"s:116:60:141:1":17,"s:143:35:150:1":18,"s:152:34:171:2":19,"f:157:11:157:12":3,"s:157:17:157:19":20,"s:173:25:173:62":21,"s:175:41:193:69":22,"s:195:39:198:1":23,"s:200:36:202:67":24,"s:204:23:233:1":25,"f:219:8:219:9":4,"s:219:17:219:44":26,"f:219:31:219:32":5,"s:219:38:219:43":27,"f:220:8:220:9":6,"s:220:18:220:63":28,"f:220:27:220:28":7,"s:220:44:220:61":29,"f:243:16:243:36":8,"s:244:1:244:Infinity":30,"s:245:1:245:Infinity":31,"f:253:16:253:42":9,"b:254:1:254:Infinity:undefined:undefined:undefined:undefined":3,"s:254:1:254:Infinity":32,"s:254:61:254:Infinity":33,"s:255:1:255:Infinity":34,"f:265:16:265:38":10,"s:266:1:266:Infinity":35,"f:274:16:274:45":11,"s:275:1:275:Infinity":36,"f:283:16:283:37":12,"s:284:15:284:37":37,"b:285:1:285:Infinity:undefined:undefined:undefined:undefined":4,"s:285:1:285:Infinity":38,"s:285:23:285:Infinity":39,"s:286:1:286:Infinity":40,"f:293:16:293:31":13,"s:294:1:297:Infinity":41}}}
,"/home/runner/work/cigale/cigale/src/lib/schemas/observations.js": {"path":"/home/runner/work/cigale/cigale/src/lib/schemas/observations.js","statementMap":{"0":{"start":{"line":6,"column":20},"end":{"line":17,"column":2}},"1":{"start":{"line":19,"column":26},"end":{"line":26,"column":2}}},"fnMap":{},"branchMap":{},"s":{"0":11,"1":11},"f":{},"b":{},"meta":{"lastBranch":0,"lastFunction":0,"lastStatement":2,"seen":{"s:6:20:17:2":0,"s:19:26:26:2":1}}}
,"/home/runner/work/cigale/cigale/src/lib/schemas/protocols.js": {"path":"/home/runner/work/cigale/cigale/src/lib/schemas/protocols.js","statementMap":{"0":{"start":{"line":10,"column":45},"end":{"line":21,"column":1}},"1":{"start":{"line":23,"column":41},"end":{"line":29,"column":9}},"2":{"start":{"line":26,"column":2},"end":{"line":26,"column":null}},"3":{"start":{"line":31,"column":34},"end":{"line":65,"column":1}},"4":{"start":{"line":40,"column":22},"end":{"line":40,"column":56}},"5":{"start":{"line":41,"column":3},"end":{"line":41,"column":null}},"6":{"start":{"line":51,"column":3},"end":{"line":51,"column":null}},"7":{"start":{"line":62,"column":3},"end":{"line":62,"column":null}},"8":{"start":{"line":67,"column":0},"end":{"line":69,"column":null}},"9":{"start":{"line":68,"column":1},"end":{"line":68,"column":null}},"10":{"start":{"line":75,"column":31},"end":{"line":96,"column":3}},"11":{"start":{"line":76,"column":1},"end":{"line":96,"column":3}},"12":{"start":{"line":77,"column":2},"end":{"line":95,"column":null}},"13":{"start":{"line":78,"column":20},"end":{"line":83,"column":5}},"14":{"start":{"line":85,"column":3},"end":{"line":92,"column":null}},"15":{"start":{"line":86,"column":18},"end":{"line":86,"column":19}},"16":{"start":{"line":91,"column":22},"end":{"line":91,"column":null}},"17":{"start":{"line":94,"column":3},"end":{"line":94,"column":null}},"18":{"start":{"line":98,"column":32},"end":{"line":108,"column":3}},"19":{"start":{"line":104,"column":32},"end":{"line":108,"column":1}},"20":{"start":{"line":107,"column":19},"end":{"line":107,"column":null}},"21":{"start":{"line":110,"column":42},"end":{"line":110,"column":57}},"22":{"start":{"line":112,"column":23},"end":{"line":228,"column":2}},"23":{"start":{"line":123,"column":8},"end":{"line":123,"column":null}},"24":{"start":{"line":223,"column":20},"end":{"line":223,"column":46}},"25":{"start":{"line":230,"column":32},"end":{"line":255,"column":4}},"26":{"start":{"line":241,"column":22},"end":{"line":255,"column":2}},"27":{"start":{"line":244,"column":61},"end":{"line":247,"column":4}},"28":{"start":{"line":250,"column":74},"end":{"line":253,"column":4}}},"fnMap":{"0":{"name":"(anonymous_0)","decl":{"start":{"line":25,"column":48},"end":{"line":25,"column":49}},"loc":{"start":{"line":26,"column":2},"end":{"line":26,"column":null}},"line":26},"1":{"name":"(anonymous_1)","decl":{"start":{"line":39,"column":18},"end":{"line":39,"column":19}},"loc":{"start":{"line":39,"column":39},"end":{"line":42,"column":null}},"line":39},"2":{"name":"(anonymous_2)","decl":{"start":{"line":50,"column":18},"end":{"line":50,"column":19}},"loc":{"start":{"line":50,"column":31},"end":{"line":52,"column":null}},"line":50},"3":{"name":"(anonymous_3)","decl":{"start":{"line":61,"column":18},"end":{"line":61,"column":19}},"loc":{"start":{"line":61,"column":41},"end":{"line":63,"column":null}},"line":61},"4":{"name":"(anonymous_4)","decl":{"start":{"line":75,"column":31},"end":{"line":75,"column":32}},"loc":{"start":{"line":76,"column":1},"end":{"line":96,"column":3}},"line":76},"5":{"name":"(anonymous_5)","decl":{"start":{"line":76,"column":18},"end":{"line":76,"column":19}},"loc":{"start":{"line":76,"column":25},"end":{"line":96,"column":2}},"line":76},"6":{"name":"(anonymous_6)","decl":{"start":{"line":86,"column":12},"end":{"line":86,"column":13}},"loc":{"start":{"line":86,"column":18},"end":{"line":86,"column":19}},"line":86},"7":{"name":"(anonymous_7)","decl":{"start":{"line":91,"column":12},"end":{"line":91,"column":13}},"loc":{"start":{"line":91,"column":22},"end":{"line":91,"column":null}},"line":91},"8":{"name":"(anonymous_8)","decl":{"start":{"line":104,"column":7},"end":{"line":104,"column":8}},"loc":{"start":{"line":104,"column":32},"end":{"line":108,"column":1}},"line":104},"9":{"name":"(anonymous_9)","decl":{"start":{"line":107,"column":9},"end":{"line":107,"column":10}},"loc":{"start":{"line":107,"column":19},"end":{"line":107,"column":null}},"line":107},"10":{"name":"(anonymous_10)","decl":{"start":{"line":123,"column":2},"end":{"line":123,"column":3}},"loc":{"start":{"line":123,"column":8},"end":{"line":123,"column":null}},"line":123},"11":{"name":"(anonymous_11)","decl":{"start":{"line":223,"column":10},"end":{"line":223,"column":11}},"loc":{"start":{"line":223,"column":20},"end":{"line":223,"column":46}},"line":223},"12":{"name":"(anonymous_12)","decl":{"start":{"line":241,"column":7},"end":{"line":241,"column":8}},"loc":{"start":{"line":241,"column":22},"end":{"line":255,"column":2}},"line":241},"13":{"name":"(anonymous_13)","decl":{"start":{"line":244,"column":41},"end":{"line":244,"column":42}},"loc":{"start":{"line":244,"column":61},"end":{"line":247,"column":4}},"line":244},"14":{"name":"(anonymous_14)","decl":{"start":{"line":250,"column":54},"end":{"line":250,"column":55}},"loc":{"start":{"line":250,"column":74},"end":{"line":253,"column":4}},"line":250}},"branchMap":{"0":{"loc":{"start":{"line":62,"column":10},"end":{"line":62,"column":29}},"type":"binary-expr","locations":[{"start":{"line":62,"column":10},"end":{"line":62,"column":17}},{"start":{"line":62,"column":21},"end":{"line":62,"column":29}}],"line":62},"1":{"loc":{"start":{"line":250,"column":18},"end":{"line":250,"column":48}},"type":"binary-expr","locations":[{"start":{"line":250,"column":18},"end":{"line":250,"column":42}},{"start":{"line":250,"column":46},"end":{"line":250,"column":48}}],"line":250}},"s":{"0":11,"1":11,"2":110,"3":11,"4":2,"5":2,"6":4,"7":4,"8":11,"9":33,"10":11,"11":22,"12":14,"13":14,"14":14,"15":7,"16":12,"17":0,"18":11,"19":14,"20":12,"21":11,"22":11,"23":32,"24":4,"25":11,"26":5,"27":7,"28":1},"f":{"0":110,"1":2,"2":4,"3":4,"4":22,"5":14,"6":7,"7":12,"8":14,"9":12,"10":32,"11":4,"12":5,"13":7,"14":1},"b":{"0":[4,3],"1":[5,2]},"meta":{"lastBranch":2,"lastFunction":15,"lastStatement":29,"seen":{"s:10:45:21:1":0,"s:23:41:29:9":1,"f:25:48:25:49":0,"s:26:2:26:Infinity":2,"s:31:34:65:1":3,"f:39:18:39:19":1,"s:40:22:40:56":4,"s:41:3:41:Infinity":5,"f:50:18:50:19":2,"s:51:3:51:Infinity":6,"f:61:18:61:19":3,"s:62:3:62:Infinity":7,"b:62:10:62:17:62:21:62:29":0,"s:67:0:69:Infinity":8,"s:68:1:68:Infinity":9,"s:75:31:96:3":10,"f:75:31:75:32":4,"s:76:1:96:3":11,"f:76:18:76:19":5,"s:77:2:95:Infinity":12,"s:78:20:83:5":13,"s:85:3:92:Infinity":14,"f:86:12:86:13":6,"s:86:18:86:19":15,"f:91:12:91:13":7,"s:91:22:91:Infinity":16,"s:94:3:94:Infinity":17,"s:98:32:108:3":18,"f:104:7:104:8":8,"s:104:32:108:1":19,"f:107:9:107:10":9,"s:107:19:107:Infinity":20,"s:110:42:110:57":21,"s:112:23:228:2":22,"f:123:2:123:3":10,"s:123:8:123:Infinity":23,"f:223:10:223:11":11,"s:223:20:223:46":24,"s:230:32:255:4":25,"f:241:7:241:8":12,"s:241:22:255:2":26,"f:244:41:244:42":13,"s:244:61:247:4":27,"b:250:18:250:42:250:46:250:48":1,"f:250:54:250:55":14,"s:250:74:253:4":28}}}
,"/home/runner/work/cigale/cigale/src/lib/schemas/results.js": {"path":"/home/runner/work/cigale/cigale/src/lib/schemas/results.js","statementMap":{"0":{"start":{"line":8,"column":29},"end":{"line":47,"column":2}},"1":{"start":{"line":49,"column":28},"end":{"line":68,"column":2}},"2":{"start":{"line":70,"column":34},"end":{"line":78,"column":2}},"3":{"start":{"line":85,"column":1},"end":{"line":88,"column":null}},"4":{"start":{"line":85,"column":51},"end":{"line":88,"column":2}}},"fnMap":{"0":{"name":"toMetadataRecord","decl":{"start":{"line":84,"column":16},"end":{"line":84,"column":32}},"loc":{"start":{"line":84,"column":41},"end":{"line":89,"column":null}},"line":84},"1":{"name":"(anonymous_1)","decl":{"start":{"line":85,"column":26},"end":{"line":85,"column":27}},"loc":{"start":{"line":85,"column":51},"end":{"line":88,"column":2}},"line":85}},"branchMap":{"0":{"loc":{"start":{"line":86,"column":9},"end":{"line":86,"column":60}},"type":"cond-expr","locations":[{"start":{"line":86,"column":33},"end":{"line":86,"column":52}},{"start":{"line":86,"column":55},"end":{"line":86,"column":60}}],"line":86}},"s":{"0":11,"1":11,"2":11,"3":0,"4":0},"f":{"0":0,"1":0},"b":{"0":[0,0]},"meta":{"lastBranch":1,"lastFunction":2,"lastStatement":5,"seen":{"s:8:29:47:2":0,"s:49:28:68:2":1,"s:70:34:78:2":2,"f:84:16:84:32":0,"s:85:1:88:Infinity":3,"f:85:26:85:27":1,"s:85:51:88:2":4,"b:86:33:86:52:86:55:86:60":0}}}
,"/home/runner/work/cigale/cigale/src/lib/schemas/sessions.js": {"path":"/home/runner/work/cigale/cigale/src/lib/schemas/sessions.js","statementMap":{"0":{"start":{"line":6,"column":22},"end":{"line":22,"column":2}},"1":{"start":{"line":21,"column":18},"end":{"line":21,"column":20}}},"fnMap":{"0":{"name":"(anonymous_0)","decl":{"start":{"line":21,"column":11},"end":{"line":21,"column":12}},"loc":{"start":{"line":21,"column":18},"end":{"line":21,"column":20}},"line":21}},"branchMap":{},"s":{"0":11,"1":30},"f":{"0":30},"b":{},"meta":{"lastBranch":0,"lastFunction":1,"lastStatement":2,"seen":{"s:6:22:22:2":0,"f:21:11:21:12":0,"s:21:18:21:20":1}}}
}
