{"/home/runner/work/cigale/cigale/src/lib/BoundingBoxes.svelte.js": {"path":"/home/runner/work/cigale/cigale/src/lib/BoundingBoxes.svelte.js","all":false,"statementMap":{"3":{"start":{"line":4,"column":0},"end":{"line":4,"column":34}},"4":{"start":{"line":5,"column":0},"end":{"line":5,"column":13}},"5":{"start":{"line":6,"column":0},"end":{"line":6,"column":13}},"6":{"start":{"line":7,"column":0},"end":{"line":7,"column":13}},"7":{"start":{"line":8,"column":0},"end":{"line":8,"column":12}},"10":{"start":{"line":11,"column":0},"end":{"line":11,"column":33}},"11":{"start":{"line":12,"column":0},"end":{"line":12,"column":13}},"12":{"start":{"line":13,"column":0},"end":{"line":13,"column":13}},"13":{"start":{"line":14,"column":0},"end":{"line":14,"column":17}},"14":{"start":{"line":15,"column":0},"end":{"line":15,"column":17}},"17":{"start":{"line":18,"column":0},"end":{"line":18,"column":20}},"18":{"start":{"line":19,"column":0},"end":{"line":19,"column":17}},"19":{"start":{"line":20,"column":0},"end":{"line":20,"column":17}},"20":{"start":{"line":21,"column":0},"end":{"line":21,"column":21}},"21":{"start":{"line":22,"column":0},"end":{"line":22,"column":21}},"24":{"start":{"line":25,"column":0},"end":{"line":25,"column":73}},"40":{"start":{"line":41,"column":0},"end":{"line":41,"column":54}},"46":{"start":{"line":47,"column":0},"end":{"line":47,"column":30}},"47":{"start":{"line":48,"column":0},"end":{"line":48,"column":46}},"48":{"start":{"line":49,"column":0},"end":{"line":49,"column":38}},"49":{"start":{"line":50,"column":0},"end":{"line":50,"column":83}},"50":{"start":{"line":51,"column":0},"end":{"line":51,"column":92}},"51":{"start":{"line":52,"column":0},"end":{"line":52,"column":37}},"52":{"start":{"line":53,"column":0},"end":{"line":53,"column":3}},"53":{"start":{"line":54,"column":0},"end":{"line":54,"column":1}},"55":{"start":{"line":56,"column":0},"end":{"line":56,"column":25}},"56":{"start":{"line":57,"column":0},"end":{"line":57,"column":45}},"57":{"start":{"line":58,"column":0},"end":{"line":58,"column":29}},"58":{"start":{"line":59,"column":0},"end":{"line":59,"column":79}},"59":{"start":{"line":60,"column":0},"end":{"line":60,"column":85}},"60":{"start":{"line":61,"column":0},"end":{"line":61,"column":8}},"61":{"start":{"line":62,"column":0},"end":{"line":62,"column":8}},"62":{"start":{"line":63,"column":0},"end":{"line":63,"column":12}},"63":{"start":{"line":64,"column":0},"end":{"line":64,"column":13}},"65":{"start":{"line":66,"column":0},"end":{"line":66,"column":4}},"66":{"start":{"line":67,"column":0},"end":{"line":67,"column":1}},"69":{"start":{"line":70,"column":0},"end":{"line":70,"column":47}},"70":{"start":{"line":71,"column":0},"end":{"line":71,"column":60}},"71":{"start":{"line":72,"column":0},"end":{"line":72,"column":22}},"72":{"start":{"line":73,"column":0},"end":{"line":73,"column":61}},"73":{"start":{"line":74,"column":0},"end":{"line":74,"column":62}},"75":{"start":{"line":76,"column":0},"end":{"line":76,"column":2}},"84":{"start":{"line":85,"column":0},"end":{"line":85,"column":59}},"86":{"start":{"line":87,"column":0},"end":{"line":87,"column":19}},"87":{"start":{"line":88,"column":0},"end":{"line":88,"column":20}},"88":{"start":{"line":89,"column":0},"end":{"line":89,"column":11}},"89":{"start":{"line":90,"column":0},"end":{"line":90,"column":11}},"91":{"start":{"line":92,"column":0},"end":{"line":92,"column":1}},"93":{"start":{"line":94,"column":0},"end":{"line":94,"column":25}},"94":{"start":{"line":95,"column":0},"end":{"line":95,"column":45}},"95":{"start":{"line":96,"column":0},"end":{"line":96,"column":33}},"96":{"start":{"line":97,"column":0},"end":{"line":97,"column":75}},"97":{"start":{"line":98,"column":0},"end":{"line":98,"column":8}},"98":{"start":{"line":99,"column":0},"end":{"line":99,"column":9}},"99":{"start":{"line":100,"column":0},"end":{"line":100,"column":9}},"100":{"start":{"line":101,"column":0},"end":{"line":101,"column":8}},"102":{"start":{"line":103,"column":0},"end":{"line":103,"column":4}},"103":{"start":{"line":104,"column":0},"end":{"line":104,"column":1}},"112":{"start":{"line":113,"column":0},"end":{"line":113,"column":49}},"114":{"start":{"line":115,"column":0},"end":{"line":115,"column":15}},"115":{"start":{"line":116,"column":0},"end":{"line":116,"column":15}},"116":{"start":{"line":117,"column":0},"end":{"line":117,"column":11}},"117":{"start":{"line":118,"column":0},"end":{"line":118,"column":11}},"119":{"start":{"line":120,"column":0},"end":{"line":120,"column":1}},"121":{"start":{"line":122,"column":0},"end":{"line":122,"column":25}},"122":{"start":{"line":123,"column":0},"end":{"line":123,"column":45}},"123":{"start":{"line":124,"column":0},"end":{"line":124,"column":32}},"124":{"start":{"line":125,"column":0},"end":{"line":125,"column":66}},"125":{"start":{"line":126,"column":0},"end":{"line":126,"column":8}},"126":{"start":{"line":127,"column":0},"end":{"line":127,"column":8}},"127":{"start":{"line":128,"column":0},"end":{"line":128,"column":13}},"128":{"start":{"line":129,"column":0},"end":{"line":129,"column":13}},"130":{"start":{"line":131,"column":0},"end":{"line":131,"column":4}},"131":{"start":{"line":132,"column":0},"end":{"line":132,"column":1}},"133":{"start":{"line":134,"column":0},"end":{"line":134,"column":51}},"134":{"start":{"line":135,"column":0},"end":{"line":135,"column":14}},"135":{"start":{"line":136,"column":0},"end":{"line":136,"column":18}},"136":{"start":{"line":137,"column":0},"end":{"line":137,"column":17}},"138":{"start":{"line":139,"column":0},"end":{"line":139,"column":7}},"139":{"start":{"line":140,"column":0},"end":{"line":140,"column":11}},"141":{"start":{"line":142,"column":0},"end":{"line":142,"column":25}},"142":{"start":{"line":143,"column":0},"end":{"line":143,"column":25}},"145":{"start":{"line":146,"column":0},"end":{"line":146,"column":21}},"146":{"start":{"line":147,"column":0},"end":{"line":147,"column":20}},"150":{"start":{"line":151,"column":0},"end":{"line":151,"column":23}},"151":{"start":{"line":152,"column":0},"end":{"line":152,"column":1}},"153":{"start":{"line":154,"column":0},"end":{"line":154,"column":25}},"154":{"start":{"line":155,"column":0},"end":{"line":155,"column":45}},"155":{"start":{"line":156,"column":0},"end":{"line":156,"column":37}},"156":{"start":{"line":157,"column":0},"end":{"line":157,"column":82}},"157":{"start":{"line":158,"column":0},"end":{"line":158,"column":82}},"158":{"start":{"line":159,"column":0},"end":{"line":159,"column":82}},"159":{"start":{"line":160,"column":0},"end":{"line":160,"column":83}},"160":{"start":{"line":161,"column":0},"end":{"line":161,"column":74}},"161":{"start":{"line":162,"column":0},"end":{"line":162,"column":71}},"162":{"start":{"line":163,"column":0},"end":{"line":163,"column":73}},"163":{"start":{"line":164,"column":0},"end":{"line":164,"column":4}},"164":{"start":{"line":165,"column":0},"end":{"line":165,"column":1}},"172":{"start":{"line":173,"column":0},"end":{"line":173,"column":58}},"173":{"start":{"line":174,"column":0},"end":{"line":174,"column":54}},"174":{"start":{"line":175,"column":0},"end":{"line":175,"column":59}},"175":{"start":{"line":176,"column":0},"end":{"line":176,"column":78}},"176":{"start":{"line":177,"column":0},"end":{"line":177,"column":1}},"178":{"start":{"line":179,"column":0},"end":{"line":179,"column":25}},"179":{"start":{"line":180,"column":0},"end":{"line":180,"column":55}},"180":{"start":{"line":181,"column":0},"end":{"line":181,"column":38}},"181":{"start":{"line":182,"column":0},"end":{"line":182,"column":41}},"182":{"start":{"line":183,"column":0},"end":{"line":183,"column":90}},"183":{"start":{"line":184,"column":0},"end":{"line":184,"column":8}},"185":{"start":{"line":186,"column":0},"end":{"line":186,"column":5}},"186":{"start":{"line":187,"column":0},"end":{"line":187,"column":42}},"187":{"start":{"line":188,"column":0},"end":{"line":188,"column":91}},"188":{"start":{"line":189,"column":0},"end":{"line":189,"column":9}},"190":{"start":{"line":191,"column":0},"end":{"line":191,"column":5}},"191":{"start":{"line":192,"column":0},"end":{"line":192,"column":60}},"192":{"start":{"line":193,"column":0},"end":{"line":193,"column":87}},"193":{"start":{"line":194,"column":0},"end":{"line":194,"column":9}},"195":{"start":{"line":196,"column":0},"end":{"line":196,"column":5}},"196":{"start":{"line":197,"column":0},"end":{"line":197,"column":4}},"197":{"start":{"line":198,"column":0},"end":{"line":198,"column":1}},"204":{"start":{"line":205,"column":0},"end":{"line":205,"column":33}},"205":{"start":{"line":206,"column":0},"end":{"line":206,"column":28}},"207":{"start":{"line":208,"column":0},"end":{"line":208,"column":43}},"208":{"start":{"line":209,"column":0},"end":{"line":209,"column":43}},"209":{"start":{"line":210,"column":0},"end":{"line":210,"column":97}},"210":{"start":{"line":211,"column":0},"end":{"line":211,"column":32}},"211":{"start":{"line":212,"column":0},"end":{"line":212,"column":69}},"214":{"start":{"line":215,"column":0},"end":{"line":215,"column":27}},"215":{"start":{"line":216,"column":0},"end":{"line":216,"column":1}},"217":{"start":{"line":218,"column":0},"end":{"line":218,"column":25}},"218":{"start":{"line":219,"column":0},"end":{"line":219,"column":45}},"219":{"start":{"line":220,"column":0},"end":{"line":220,"column":33}},"220":{"start":{"line":221,"column":0},"end":{"line":221,"column":9}},"221":{"start":{"line":222,"column":0},"end":{"line":222,"column":20}},"222":{"start":{"line":223,"column":0},"end":{"line":223,"column":42}},"223":{"start":{"line":224,"column":0},"end":{"line":224,"column":42}},"225":{"start":{"line":226,"column":0},"end":{"line":226,"column":13}},"226":{"start":{"line":227,"column":0},"end":{"line":227,"column":93}},"227":{"start":{"line":228,"column":0},"end":{"line":228,"column":5}},"229":{"start":{"line":230,"column":0},"end":{"line":230,"column":4}},"230":{"start":{"line":231,"column":0},"end":{"line":231,"column":1}},"238":{"start":{"line":239,"column":0},"end":{"line":239,"column":53}},"239":{"start":{"line":240,"column":0},"end":{"line":240,"column":44}},"240":{"start":{"line":241,"column":0},"end":{"line":241,"column":1}},"242":{"start":{"line":243,"column":0},"end":{"line":243,"column":25}},"243":{"start":{"line":244,"column":0},"end":{"line":244,"column":45}},"244":{"start":{"line":245,"column":0},"end":{"line":245,"column":31}},"245":{"start":{"line":246,"column":0},"end":{"line":246,"column":9}},"246":{"start":{"line":247,"column":0},"end":{"line":247,"column":18}},"247":{"start":{"line":248,"column":0},"end":{"line":248,"column":42}},"248":{"start":{"line":249,"column":0},"end":{"line":249,"column":42}},"250":{"start":{"line":251,"column":0},"end":{"line":251,"column":16}},"251":{"start":{"line":252,"column":0},"end":{"line":252,"column":91}},"252":{"start":{"line":253,"column":0},"end":{"line":253,"column":8}},"254":{"start":{"line":255,"column":0},"end":{"line":255,"column":9}},"255":{"start":{"line":256,"column":0},"end":{"line":256,"column":18}},"256":{"start":{"line":257,"column":0},"end":{"line":257,"column":33}},"257":{"start":{"line":258,"column":0},"end":{"line":258,"column":45}},"258":{"start":{"line":259,"column":0},"end":{"line":259,"column":8}},"260":{"start":{"line":261,"column":0},"end":{"line":261,"column":15}},"261":{"start":{"line":262,"column":0},"end":{"line":262,"column":4}},"262":{"start":{"line":263,"column":0},"end":{"line":263,"column":1}},"269":{"start":{"line":270,"column":0},"end":{"line":270,"column":40}},"270":{"start":{"line":271,"column":0},"end":{"line":271,"column":63}},"271":{"start":{"line":272,"column":0},"end":{"line":272,"column":49}},"272":{"start":{"line":273,"column":0},"end":{"line":273,"column":2}},"275":{"start":{"line":276,"column":0},"end":{"line":276,"column":42}},"276":{"start":{"line":277,"column":0},"end":{"line":277,"column":63}},"277":{"start":{"line":278,"column":0},"end":{"line":278,"column":66}},"278":{"start":{"line":279,"column":0},"end":{"line":279,"column":86}},"280":{"start":{"line":281,"column":0},"end":{"line":281,"column":1}},"282":{"start":{"line":283,"column":0},"end":{"line":283,"column":25}},"283":{"start":{"line":284,"column":0},"end":{"line":284,"column":45}},"284":{"start":{"line":285,"column":0},"end":{"line":285,"column":26}},"285":{"start":{"line":286,"column":0},"end":{"line":286,"column":68}},"286":{"start":{"line":287,"column":0},"end":{"line":287,"column":19}},"287":{"start":{"line":288,"column":0},"end":{"line":288,"column":21}},"288":{"start":{"line":289,"column":0},"end":{"line":289,"column":23}},"289":{"start":{"line":290,"column":0},"end":{"line":290,"column":24}},"291":{"start":{"line":292,"column":0},"end":{"line":292,"column":60}},"292":{"start":{"line":293,"column":0},"end":{"line":293,"column":19}},"293":{"start":{"line":294,"column":0},"end":{"line":294,"column":21}},"294":{"start":{"line":295,"column":0},"end":{"line":295,"column":23}},"295":{"start":{"line":296,"column":0},"end":{"line":296,"column":24}},"297":{"start":{"line":298,"column":0},"end":{"line":298,"column":4}},"298":{"start":{"line":299,"column":0},"end":{"line":299,"column":1}}},"s":{"3":1,"4":1,"5":1,"6":1,"7":1,"10":1,"11":1,"12":1,"13":1,"14":1,"17":1,"18":1,"19":1,"20":1,"21":1,"24":1,"40":1,"46":2,"47":2,"48":2,"49":1,"50":2,"51":1,"52":2,"53":2,"55":1,"56":1,"57":1,"58":1,"59":1,"60":1,"61":1,"62":1,"63":1,"65":1,"66":1,"69":1,"70":0,"71":0,"72":0,"73":0,"75":0,"84":1,"86":1,"87":1,"88":1,"89":1,"91":1,"93":1,"94":1,"95":1,"96":1,"97":1,"98":1,"99":1,"100":1,"102":1,"103":1,"112":1,"114":2,"115":2,"116":2,"117":2,"119":2,"121":1,"122":1,"123":1,"124":1,"125":1,"126":1,"127":1,"128":1,"130":1,"131":1,"133":1,"134":10,"135":10,"136":10,"138":10,"139":10,"141":10,"142":10,"145":10,"146":10,"150":10,"151":10,"153":1,"154":1,"155":1,"156":1,"157":1,"158":1,"159":1,"160":1,"161":1,"162":1,"163":1,"164":1,"172":1,"173":3,"174":2,"175":3,"176":3,"178":1,"179":1,"180":1,"181":1,"182":1,"183":1,"185":1,"186":1,"187":1,"188":1,"190":1,"191":1,"192":1,"193":1,"195":1,"196":1,"197":1,"204":1,"205":5,"207":5,"208":5,"209":5,"210":5,"211":5,"214":5,"215":5,"217":1,"218":1,"219":1,"220":1,"221":1,"222":1,"223":1,"225":1,"226":1,"227":1,"229":1,"230":1,"238":1,"239":3,"240":3,"242":1,"243":1,"244":1,"245":1,"246":1,"247":1,"248":1,"250":1,"251":1,"252":1,"254":1,"255":1,"256":1,"257":1,"258":1,"260":1,"261":1,"262":1,"269":1,"270":3,"271":1,"272":1,"275":2,"276":2,"277":2,"278":2,"280":2,"282":1,"283":1,"284":1,"285":1,"286":1,"287":1,"288":1,"289":1,"291":1,"292":1,"293":1,"294":1,"295":1,"297":1,"298":1},"branchMap":{"0":{"type":"branch","line":56,"loc":{"start":{"line":56,"column":24},"end":{"line":67,"column":1}},"locations":[{"start":{"line":56,"column":24},"end":{"line":67,"column":1}}]},"1":{"type":"branch","line":94,"loc":{"start":{"line":94,"column":24},"end":{"line":104,"column":1}},"locations":[{"start":{"line":94,"column":24},"end":{"line":104,"column":1}}]},"2":{"type":"branch","line":122,"loc":{"start":{"line":122,"column":24},"end":{"line":132,"column":1}},"locations":[{"start":{"line":122,"column":24},"end":{"line":132,"column":1}}]},"3":{"type":"branch","line":154,"loc":{"start":{"line":154,"column":24},"end":{"line":165,"column":1}},"locations":[{"start":{"line":154,"column":24},"end":{"line":165,"column":1}}]},"4":{"type":"branch","line":179,"loc":{"start":{"line":179,"column":24},"end":{"line":198,"column":1}},"locations":[{"start":{"line":179,"column":24},"end":{"line":198,"column":1}}]},"5":{"type":"branch","line":218,"loc":{"start":{"line":218,"column":24},"end":{"line":231,"column":1}},"locations":[{"start":{"line":218,"column":24},"end":{"line":231,"column":1}}]},"6":{"type":"branch","line":243,"loc":{"start":{"line":243,"column":24},"end":{"line":263,"column":1}},"locations":[{"start":{"line":243,"column":24},"end":{"line":263,"column":1}}]},"7":{"type":"branch","line":283,"loc":{"start":{"line":283,"column":24},"end":{"line":299,"column":1}},"locations":[{"start":{"line":283,"column":24},"end":{"line":299,"column":1}}]},"8":{"type":"branch","line":41,"loc":{"start":{"line":41,"column":16},"end":{"line":54,"column":1}},"locations":[{"start":{"line":41,"column":16},"end":{"line":54,"column":1}}]},"9":{"type":"branch","line":47,"loc":{"start":{"line":47,"column":11},"end":{"line":53,"column":2}},"locations":[{"start":{"line":47,"column":11},"end":{"line":53,"column":2}}]},"10":{"type":"branch","line":49,"loc":{"start":{"line":49,"column":19},"end":{"line":49,"column":37}},"locations":[{"start":{"line":49,"column":19},"end":{"line":49,"column":37}}]},"11":{"type":"branch","line":49,"loc":{"start":{"line":49,"column":37},"end":{"line":51,"column":19}},"locations":[{"start":{"line":49,"column":37},"end":{"line":51,"column":19}}]},"12":{"type":"branch","line":51,"loc":{"start":{"line":51,"column":15},"end":{"line":51,"column":28}},"locations":[{"start":{"line":51,"column":15},"end":{"line":51,"column":28}}]},"13":{"type":"branch","line":51,"loc":{"start":{"line":51,"column":28},"end":{"line":51,"column":92}},"locations":[{"start":{"line":51,"column":28},"end":{"line":51,"column":92}}]},"14":{"type":"branch","line":51,"loc":{"start":{"line":51,"column":89},"end":{"line":53,"column":2}},"locations":[{"start":{"line":51,"column":89},"end":{"line":53,"column":2}}]},"15":{"type":"branch","line":58,"loc":{"start":{"line":58,"column":20},"end":{"line":66,"column":2}},"locations":[{"start":{"line":58,"column":20},"end":{"line":66,"column":2}}]},"16":{"type":"branch","line":85,"loc":{"start":{"line":85,"column":16},"end":{"line":92,"column":1}},"locations":[{"start":{"line":85,"column":16},"end":{"line":92,"column":1}}]},"17":{"type":"branch","line":96,"loc":{"start":{"line":96,"column":24},"end":{"line":103,"column":2}},"locations":[{"start":{"line":96,"column":24},"end":{"line":103,"column":2}}]},"18":{"type":"branch","line":113,"loc":{"start":{"line":113,"column":16},"end":{"line":120,"column":1}},"locations":[{"start":{"line":113,"column":16},"end":{"line":120,"column":1}}]},"19":{"type":"branch","line":124,"loc":{"start":{"line":124,"column":23},"end":{"line":131,"column":2}},"locations":[{"start":{"line":124,"column":23},"end":{"line":131,"column":2}}]},"20":{"type":"branch","line":134,"loc":{"start":{"line":134,"column":16},"end":{"line":152,"column":1}},"locations":[{"start":{"line":134,"column":16},"end":{"line":152,"column":1}}]},"21":{"type":"branch","line":156,"loc":{"start":{"line":156,"column":28},"end":{"line":164,"column":2}},"locations":[{"start":{"line":156,"column":28},"end":{"line":164,"column":2}}]},"22":{"type":"branch","line":173,"loc":{"start":{"line":173,"column":16},"end":{"line":177,"column":1}},"locations":[{"start":{"line":173,"column":16},"end":{"line":177,"column":1}}]},"23":{"type":"branch","line":174,"loc":{"start":{"line":174,"column":38},"end":{"line":174,"column":54}},"locations":[{"start":{"line":174,"column":38},"end":{"line":174,"column":54}}]},"24":{"type":"branch","line":174,"loc":{"start":{"line":174,"column":53},"end":{"line":176,"column":22}},"locations":[{"start":{"line":174,"column":53},"end":{"line":176,"column":22}}]},"25":{"type":"branch","line":176,"loc":{"start":{"line":176,"column":18},"end":{"line":176,"column":40}},"locations":[{"start":{"line":176,"column":18},"end":{"line":176,"column":40}}]},"26":{"type":"branch","line":176,"loc":{"start":{"line":176,"column":40},"end":{"line":176,"column":54}},"locations":[{"start":{"line":176,"column":40},"end":{"line":176,"column":54}}]},"27":{"type":"branch","line":176,"loc":{"start":{"line":176,"column":54},"end":{"line":176,"column":77}},"locations":[{"start":{"line":176,"column":54},"end":{"line":176,"column":77}}]},"28":{"type":"branch","line":181,"loc":{"start":{"line":181,"column":29},"end":{"line":197,"column":2}},"locations":[{"start":{"line":181,"column":29},"end":{"line":197,"column":2}}]},"29":{"type":"branch","line":182,"loc":{"start":{"line":182,"column":32},"end":{"line":186,"column":3}},"locations":[{"start":{"line":182,"column":32},"end":{"line":186,"column":3}}]},"30":{"type":"branch","line":187,"loc":{"start":{"line":187,"column":33},"end":{"line":191,"column":3}},"locations":[{"start":{"line":187,"column":33},"end":{"line":191,"column":3}}]},"31":{"type":"branch","line":192,"loc":{"start":{"line":192,"column":51},"end":{"line":196,"column":3}},"locations":[{"start":{"line":192,"column":51},"end":{"line":196,"column":3}}]},"32":{"type":"branch","line":205,"loc":{"start":{"line":205,"column":9},"end":{"line":216,"column":1}},"locations":[{"start":{"line":205,"column":9},"end":{"line":216,"column":1}}]},"33":{"type":"branch","line":210,"loc":{"start":{"line":210,"column":45},"end":{"line":210,"column":55}},"locations":[{"start":{"line":210,"column":45},"end":{"line":210,"column":55}}]},"34":{"type":"branch","line":210,"loc":{"start":{"line":210,"column":55},"end":{"line":210,"column":61}},"locations":[{"start":{"line":210,"column":55},"end":{"line":210,"column":61}}]},"35":{"type":"branch","line":210,"loc":{"start":{"line":210,"column":78},"end":{"line":210,"column":88}},"locations":[{"start":{"line":210,"column":78},"end":{"line":210,"column":88}}]},"36":{"type":"branch","line":210,"loc":{"start":{"line":210,"column":88},"end":{"line":210,"column":94}},"locations":[{"start":{"line":210,"column":88},"end":{"line":210,"column":94}}]},"37":{"type":"branch","line":212,"loc":{"start":{"line":212,"column":16},"end":{"line":212,"column":27}},"locations":[{"start":{"line":212,"column":16},"end":{"line":212,"column":27}}]},"38":{"type":"branch","line":212,"loc":{"start":{"line":212,"column":27},"end":{"line":212,"column":33}},"locations":[{"start":{"line":212,"column":27},"end":{"line":212,"column":33}}]},"39":{"type":"branch","line":212,"loc":{"start":{"line":212,"column":51},"end":{"line":212,"column":62}},"locations":[{"start":{"line":212,"column":51},"end":{"line":212,"column":62}}]},"40":{"type":"branch","line":212,"loc":{"start":{"line":212,"column":62},"end":{"line":212,"column":68}},"locations":[{"start":{"line":212,"column":62},"end":{"line":212,"column":68}}]},"41":{"type":"branch","line":220,"loc":{"start":{"line":220,"column":24},"end":{"line":230,"column":2}},"locations":[{"start":{"line":220,"column":24},"end":{"line":230,"column":2}}]},"42":{"type":"branch","line":239,"loc":{"start":{"line":239,"column":16},"end":{"line":241,"column":1}},"locations":[{"start":{"line":239,"column":16},"end":{"line":241,"column":1}}]},"43":{"type":"branch","line":245,"loc":{"start":{"line":245,"column":22},"end":{"line":262,"column":2}},"locations":[{"start":{"line":245,"column":22},"end":{"line":262,"column":2}}]},"44":{"type":"branch","line":270,"loc":{"start":{"line":270,"column":16},"end":{"line":281,"column":1}},"locations":[{"start":{"line":270,"column":16},"end":{"line":281,"column":1}}]},"45":{"type":"branch","line":271,"loc":{"start":{"line":271,"column":29},"end":{"line":271,"column":62}},"locations":[{"start":{"line":271,"column":29},"end":{"line":271,"column":62}}]},"46":{"type":"branch","line":271,"loc":{"start":{"line":271,"column":62},"end":{"line":273,"column":2}},"locations":[{"start":{"line":271,"column":62},"end":{"line":273,"column":2}}]},"47":{"type":"branch","line":273,"loc":{"start":{"line":273,"column":1},"end":{"line":281,"column":1}},"locations":[{"start":{"line":273,"column":1},"end":{"line":281,"column":1}}]},"48":{"type":"branch","line":285,"loc":{"start":{"line":285,"column":17},"end":{"line":298,"column":2}},"locations":[{"start":{"line":285,"column":17},"end":{"line":298,"column":2}}]}},"b":{"0":[1],"1":[1],"2":[1],"3":[1],"4":[1],"5":[1],"6":[1],"7":[1],"8":[2],"9":[2],"10":[1],"11":[1],"12":[0],"13":[0],"14":[1],"15":[1],"16":[1],"17":[1],"18":[2],"19":[1],"20":[10],"21":[1],"22":[3],"23":[1],"24":[2],"25":[1],"26":[1],"27":[1],"28":[1],"29":[1],"30":[1],"31":[1],"32":[5],"33":[2],"34":[3],"35":[2],"36":[3],"37":[2],"38":[3],"39":[2],"40":[3],"41":[1],"42":[3],"43":[1],"44":[3],"45":[2],"46":[1],"47":[2],"48":[1]},"fnMap":{"0":{"name":"coordsScaler","decl":{"start":{"line":41,"column":16},"end":{"line":54,"column":1}},"loc":{"start":{"line":41,"column":16},"end":{"line":54,"column":1}},"line":41},"1":{"name":"toRelativeCoords","decl":{"start":{"line":70,"column":29},"end":{"line":76,"column":2}},"loc":{"start":{"line":70,"column":29},"end":{"line":76,"column":2}},"line":70},"2":{"name":"toCenteredCoords","decl":{"start":{"line":85,"column":16},"end":{"line":92,"column":1}},"loc":{"start":{"line":85,"column":16},"end":{"line":92,"column":1}},"line":85},"3":{"name":"toTopLeftCoords","decl":{"start":{"line":113,"column":16},"end":{"line":120,"column":1}},"loc":{"start":{"line":113,"column":16},"end":{"line":120,"column":1}},"line":113},"4":{"name":"boundingBoxIsNonZero","decl":{"start":{"line":134,"column":16},"end":{"line":152,"column":1}},"loc":{"start":{"line":134,"column":16},"end":{"line":152,"column":1}},"line":134},"5":{"name":"withinBoundingBox","decl":{"start":{"line":173,"column":16},"end":{"line":177,"column":1}},"loc":{"start":{"line":173,"column":16},"end":{"line":177,"column":1}},"line":173},"6":{"name":"coordsDifference","decl":{"start":{"line":205,"column":9},"end":{"line":216,"column":1}},"loc":{"start":{"line":205,"column":9},"end":{"line":216,"column":1}},"line":205},"7":{"name":"coordsAreEqual","decl":{"start":{"line":239,"column":16},"end":{"line":241,"column":1}},"loc":{"start":{"line":239,"column":16},"end":{"line":241,"column":1}},"line":239},"8":{"name":"toCorners","decl":{"start":{"line":270,"column":16},"end":{"line":281,"column":1}},"loc":{"start":{"line":270,"column":16},"end":{"line":281,"column":1}},"line":270}},"f":{"0":2,"1":0,"2":1,"3":2,"4":10,"5":3,"6":5,"7":3,"8":3}}
,"/home/runner/work/cigale/cigale/src/lib/DraggableBoundingBox.svelte.js": {"path":"/home/runner/work/cigale/cigale/src/lib/DraggableBoundingBox.svelte.js","all":false,"statementMap":{"23":{"start":{"line":24,"column":0},"end":{"line":24,"column":35}},"24":{"start":{"line":25,"column":0},"end":{"line":25,"column":24}},"25":{"start":{"line":26,"column":0},"end":{"line":26,"column":10}},"26":{"start":{"line":27,"column":0},"end":{"line":27,"column":16}},"27":{"start":{"line":28,"column":0},"end":{"line":28,"column":53}},"36":{"start":{"line":37,"column":0},"end":{"line":37,"column":32}},"37":{"start":{"line":38,"column":0},"end":{"line":38,"column":83}},"38":{"start":{"line":39,"column":0},"end":{"line":39,"column":10}},"39":{"start":{"line":40,"column":0},"end":{"line":40,"column":3}},"40":{"start":{"line":41,"column":0},"end":{"line":41,"column":51}},"41":{"start":{"line":42,"column":0},"end":{"line":42,"column":48}},"43":{"start":{"line":44,"column":0},"end":{"line":44,"column":15}},"44":{"start":{"line":45,"column":0},"end":{"line":45,"column":16}},"46":{"start":{"line":47,"column":0},"end":{"line":47,"column":34}},"47":{"start":{"line":48,"column":0},"end":{"line":48,"column":38}},"48":{"start":{"line":49,"column":0},"end":{"line":49,"column":24}},"49":{"start":{"line":50,"column":0},"end":{"line":50,"column":9}},"50":{"start":{"line":51,"column":0},"end":{"line":51,"column":38}},"51":{"start":{"line":52,"column":0},"end":{"line":52,"column":22}},"52":{"start":{"line":53,"column":0},"end":{"line":53,"column":2}},"54":{"start":{"line":55,"column":0},"end":{"line":55,"column":17}},"55":{"start":{"line":56,"column":0},"end":{"line":56,"column":27}},"56":{"start":{"line":57,"column":0},"end":{"line":57,"column":28}},"57":{"start":{"line":58,"column":0},"end":{"line":58,"column":2}},"60":{"start":{"line":61,"column":0},"end":{"line":61,"column":8}},"61":{"start":{"line":62,"column":0},"end":{"line":62,"column":9}},"62":{"start":{"line":63,"column":0},"end":{"line":63,"column":73}},"63":{"start":{"line":64,"column":0},"end":{"line":64,"column":73}},"65":{"start":{"line":66,"column":0},"end":{"line":66,"column":1}},"67":{"start":{"line":68,"column":0},"end":{"line":68,"column":29}},"72":{"start":{"line":73,"column":0},"end":{"line":73,"column":11}},"73":{"start":{"line":74,"column":0},"end":{"line":74,"column":7}},"74":{"start":{"line":75,"column":0},"end":{"line":75,"column":7}},"75":{"start":{"line":76,"column":0},"end":{"line":76,"column":11}},"76":{"start":{"line":77,"column":0},"end":{"line":77,"column":11}},"80":{"start":{"line":81,"column":0},"end":{"line":81,"column":37}},"83":{"start":{"line":84,"column":0},"end":{"line":84,"column":22}},"84":{"start":{"line":85,"column":0},"end":{"line":85,"column":25}},"85":{"start":{"line":86,"column":0},"end":{"line":86,"column":2}},"88":{"start":{"line":89,"column":0},"end":{"line":89,"column":24}},"89":{"start":{"line":90,"column":0},"end":{"line":90,"column":7}},"90":{"start":{"line":91,"column":0},"end":{"line":91,"column":7}},"91":{"start":{"line":92,"column":0},"end":{"line":92,"column":11}},"92":{"start":{"line":93,"column":0},"end":{"line":93,"column":12}},"94":{"start":{"line":95,"column":0},"end":{"line":95,"column":18}},"95":{"start":{"line":96,"column":0},"end":{"line":96,"column":8}},"96":{"start":{"line":97,"column":0},"end":{"line":97,"column":7}},"101":{"start":{"line":102,"column":0},"end":{"line":102,"column":21}},"106":{"start":{"line":107,"column":0},"end":{"line":107,"column":28}},"107":{"start":{"line":108,"column":0},"end":{"line":108,"column":43}},"108":{"start":{"line":109,"column":0},"end":{"line":109,"column":16}},"109":{"start":{"line":110,"column":0},"end":{"line":110,"column":20}},"110":{"start":{"line":111,"column":0},"end":{"line":111,"column":20}},"111":{"start":{"line":112,"column":0},"end":{"line":112,"column":24}},"112":{"start":{"line":113,"column":0},"end":{"line":113,"column":24}},"113":{"start":{"line":114,"column":0},"end":{"line":114,"column":32}},"114":{"start":{"line":115,"column":0},"end":{"line":115,"column":3}},"116":{"start":{"line":117,"column":0},"end":{"line":117,"column":36}},"117":{"start":{"line":118,"column":0},"end":{"line":118,"column":34}},"118":{"start":{"line":119,"column":0},"end":{"line":119,"column":3}},"120":{"start":{"line":121,"column":0},"end":{"line":121,"column":37}},"121":{"start":{"line":122,"column":0},"end":{"line":122,"column":34}},"122":{"start":{"line":123,"column":0},"end":{"line":123,"column":3}},"124":{"start":{"line":125,"column":0},"end":{"line":125,"column":15}},"125":{"start":{"line":126,"column":0},"end":{"line":126,"column":4}},"132":{"start":{"line":133,"column":0},"end":{"line":133,"column":14}},"134":{"start":{"line":135,"column":0},"end":{"line":135,"column":54}},"135":{"start":{"line":136,"column":0},"end":{"line":136,"column":55}},"136":{"start":{"line":137,"column":0},"end":{"line":137,"column":59}},"137":{"start":{"line":138,"column":0},"end":{"line":138,"column":61}},"139":{"start":{"line":140,"column":0},"end":{"line":140,"column":2}},"141":{"start":{"line":142,"column":0},"end":{"line":142,"column":24}},"142":{"start":{"line":143,"column":0},"end":{"line":143,"column":69}},"143":{"start":{"line":144,"column":0},"end":{"line":144,"column":42}},"144":{"start":{"line":145,"column":0},"end":{"line":145,"column":58}},"145":{"start":{"line":146,"column":0},"end":{"line":146,"column":4}},"147":{"start":{"line":148,"column":0},"end":{"line":148,"column":24}},"148":{"start":{"line":149,"column":0},"end":{"line":149,"column":69}},"149":{"start":{"line":150,"column":0},"end":{"line":150,"column":42}},"150":{"start":{"line":151,"column":0},"end":{"line":151,"column":58}},"151":{"start":{"line":152,"column":0},"end":{"line":152,"column":4}},"153":{"start":{"line":154,"column":0},"end":{"line":154,"column":28}},"154":{"start":{"line":155,"column":0},"end":{"line":155,"column":73}},"155":{"start":{"line":156,"column":0},"end":{"line":156,"column":42}},"156":{"start":{"line":157,"column":0},"end":{"line":157,"column":67}},"157":{"start":{"line":158,"column":0},"end":{"line":158,"column":4}},"159":{"start":{"line":160,"column":0},"end":{"line":160,"column":29}},"160":{"start":{"line":161,"column":0},"end":{"line":161,"column":74}},"161":{"start":{"line":162,"column":0},"end":{"line":162,"column":42}},"162":{"start":{"line":163,"column":0},"end":{"line":163,"column":67}},"163":{"start":{"line":164,"column":0},"end":{"line":164,"column":4}},"173":{"start":{"line":174,"column":0},"end":{"line":174,"column":22}},"174":{"start":{"line":175,"column":0},"end":{"line":175,"column":34}},"176":{"start":{"line":177,"column":0},"end":{"line":177,"column":3}},"178":{"start":{"line":179,"column":0},"end":{"line":179,"column":43}},"179":{"start":{"line":180,"column":0},"end":{"line":180,"column":54}},"181":{"start":{"line":182,"column":0},"end":{"line":182,"column":3}},"183":{"start":{"line":184,"column":0},"end":{"line":184,"column":29}},"184":{"start":{"line":185,"column":0},"end":{"line":185,"column":2}},"190":{"start":{"line":191,"column":0},"end":{"line":191,"column":27}},"191":{"start":{"line":192,"column":0},"end":{"line":192,"column":49}},"193":{"start":{"line":194,"column":0},"end":{"line":194,"column":46}},"195":{"start":{"line":196,"column":0},"end":{"line":196,"column":34}},"196":{"start":{"line":197,"column":0},"end":{"line":197,"column":38}},"197":{"start":{"line":198,"column":0},"end":{"line":198,"column":16}},"198":{"start":{"line":199,"column":0},"end":{"line":199,"column":15}},"200":{"start":{"line":201,"column":0},"end":{"line":201,"column":3}},"202":{"start":{"line":203,"column":0},"end":{"line":203,"column":63}},"205":{"start":{"line":206,"column":0},"end":{"line":206,"column":29}},"206":{"start":{"line":207,"column":0},"end":{"line":207,"column":33}},"207":{"start":{"line":208,"column":0},"end":{"line":208,"column":34}},"208":{"start":{"line":209,"column":0},"end":{"line":209,"column":3}},"210":{"start":{"line":211,"column":0},"end":{"line":211,"column":29}},"211":{"start":{"line":212,"column":0},"end":{"line":212,"column":29}},"212":{"start":{"line":213,"column":0},"end":{"line":213,"column":29}},"213":{"start":{"line":214,"column":0},"end":{"line":214,"column":33}},"214":{"start":{"line":215,"column":0},"end":{"line":215,"column":34}},"215":{"start":{"line":216,"column":0},"end":{"line":216,"column":3}},"217":{"start":{"line":218,"column":0},"end":{"line":218,"column":29}},"218":{"start":{"line":219,"column":0},"end":{"line":219,"column":29}},"219":{"start":{"line":220,"column":0},"end":{"line":220,"column":34}},"220":{"start":{"line":221,"column":0},"end":{"line":221,"column":33}},"221":{"start":{"line":222,"column":0},"end":{"line":222,"column":3}},"223":{"start":{"line":224,"column":0},"end":{"line":224,"column":29}},"224":{"start":{"line":225,"column":0},"end":{"line":225,"column":29}},"225":{"start":{"line":226,"column":0},"end":{"line":226,"column":33}},"226":{"start":{"line":227,"column":0},"end":{"line":227,"column":34}},"227":{"start":{"line":228,"column":0},"end":{"line":228,"column":3}},"228":{"start":{"line":229,"column":0},"end":{"line":229,"column":2}},"230":{"start":{"line":231,"column":0},"end":{"line":231,"column":9}},"231":{"start":{"line":232,"column":0},"end":{"line":232,"column":21}},"232":{"start":{"line":233,"column":0},"end":{"line":233,"column":13}},"233":{"start":{"line":234,"column":0},"end":{"line":234,"column":13}},"234":{"start":{"line":235,"column":0},"end":{"line":235,"column":21}},"235":{"start":{"line":236,"column":0},"end":{"line":236,"column":22}},"237":{"start":{"line":238,"column":0},"end":{"line":238,"column":2}},"239":{"start":{"line":240,"column":0},"end":{"line":240,"column":10}},"240":{"start":{"line":241,"column":0},"end":{"line":241,"column":23}},"241":{"start":{"line":242,"column":0},"end":{"line":242,"column":8}},"242":{"start":{"line":243,"column":0},"end":{"line":243,"column":8}},"243":{"start":{"line":244,"column":0},"end":{"line":244,"column":12}},"244":{"start":{"line":245,"column":0},"end":{"line":245,"column":13}},"245":{"start":{"line":246,"column":0},"end":{"line":246,"column":19}},"246":{"start":{"line":247,"column":0},"end":{"line":247,"column":9}},"247":{"start":{"line":248,"column":0},"end":{"line":248,"column":8}},"250":{"start":{"line":251,"column":0},"end":{"line":251,"column":19}},"251":{"start":{"line":252,"column":0},"end":{"line":252,"column":2}},"258":{"start":{"line":259,"column":0},"end":{"line":259,"column":26}},"259":{"start":{"line":260,"column":0},"end":{"line":260,"column":23}},"260":{"start":{"line":261,"column":0},"end":{"line":261,"column":23}},"261":{"start":{"line":262,"column":0},"end":{"line":262,"column":8}},"262":{"start":{"line":263,"column":0},"end":{"line":263,"column":8}},"263":{"start":{"line":264,"column":0},"end":{"line":264,"column":12}},"264":{"start":{"line":265,"column":0},"end":{"line":265,"column":13}},"265":{"start":{"line":266,"column":0},"end":{"line":266,"column":19}},"266":{"start":{"line":267,"column":0},"end":{"line":267,"column":9}},"267":{"start":{"line":268,"column":0},"end":{"line":268,"column":8}},"270":{"start":{"line":271,"column":0},"end":{"line":271,"column":19}},"271":{"start":{"line":272,"column":0},"end":{"line":272,"column":2}},"272":{"start":{"line":273,"column":0},"end":{"line":273,"column":1}}},"s":{"23":1,"24":1,"25":1,"26":1,"27":1,"36":1,"37":7,"38":7,"39":7,"40":7,"41":7,"43":7,"44":7,"46":7,"47":2,"48":2,"49":7,"50":5,"51":5,"52":5,"54":7,"55":3,"56":3,"57":3,"60":7,"61":7,"62":7,"63":7,"65":7,"67":1,"72":34,"73":34,"74":34,"75":34,"76":34,"80":34,"83":34,"84":33,"85":33,"88":34,"89":34,"90":34,"91":34,"92":34,"94":34,"95":34,"96":34,"101":34,"106":34,"107":9,"108":2,"109":2,"110":2,"111":2,"112":2,"113":2,"114":2,"116":9,"117":2,"118":2,"120":9,"121":4,"122":4,"124":1,"125":34,"132":34,"134":5,"135":5,"136":5,"137":5,"139":5,"141":34,"142":5,"143":5,"144":2,"145":34,"147":34,"148":5,"149":5,"150":2,"151":34,"153":34,"154":5,"155":5,"156":2,"157":34,"159":34,"160":5,"161":5,"162":2,"163":34,"173":34,"174":41,"176":2,"178":41,"179":25,"181":25,"183":14,"184":14,"190":34,"191":61,"193":60,"195":61,"196":40,"197":40,"198":40,"200":40,"202":60,"205":61,"206":48,"207":48,"208":48,"210":61,"211":3,"212":3,"213":3,"214":3,"215":3,"217":61,"218":4,"219":4,"220":4,"221":4,"223":61,"224":5,"225":5,"226":5,"227":5,"228":61,"230":34,"231":5,"232":5,"233":5,"234":5,"235":5,"237":5,"239":34,"240":1,"241":1,"242":1,"243":1,"244":1,"245":1,"246":1,"247":1,"250":1,"251":1,"258":34,"259":34,"260":34,"261":34,"262":34,"263":34,"264":34,"265":34,"266":34,"267":34,"270":34,"271":34,"272":34},"branchMap":{"0":{"type":"branch","line":37,"loc":{"start":{"line":37,"column":16},"end":{"line":66,"column":1}},"locations":[{"start":{"line":37,"column":16},"end":{"line":66,"column":1}}]},"1":{"type":"branch","line":47,"loc":{"start":{"line":47,"column":33},"end":{"line":50,"column":2}},"locations":[{"start":{"line":47,"column":33},"end":{"line":50,"column":2}}]},"2":{"type":"branch","line":50,"loc":{"start":{"line":50,"column":2},"end":{"line":53,"column":2}},"locations":[{"start":{"line":50,"column":2},"end":{"line":53,"column":2}}]},"3":{"type":"branch","line":55,"loc":{"start":{"line":55,"column":16},"end":{"line":58,"column":2}},"locations":[{"start":{"line":55,"column":16},"end":{"line":58,"column":2}}]},"4":{"type":"branch","line":63,"loc":{"start":{"line":63,"column":15},"end":{"line":63,"column":23}},"locations":[{"start":{"line":63,"column":15},"end":{"line":63,"column":23}}]},"5":{"type":"branch","line":63,"loc":{"start":{"line":63,"column":25},"end":{"line":63,"column":30}},"locations":[{"start":{"line":63,"column":25},"end":{"line":63,"column":30}}]},"6":{"type":"branch","line":64,"loc":{"start":{"line":64,"column":15},"end":{"line":64,"column":23}},"locations":[{"start":{"line":64,"column":15},"end":{"line":64,"column":23}}]},"7":{"type":"branch","line":64,"loc":{"start":{"line":64,"column":25},"end":{"line":64,"column":30}},"locations":[{"start":{"line":64,"column":25},"end":{"line":64,"column":30}}]},"8":{"type":"branch","line":68,"loc":{"start":{"line":68,"column":13},"end":{"line":273,"column":1}},"locations":[{"start":{"line":68,"column":13},"end":{"line":273,"column":1}}]},"9":{"type":"branch","line":84,"loc":{"start":{"line":84,"column":1},"end":{"line":86,"column":2}},"locations":[{"start":{"line":84,"column":1},"end":{"line":86,"column":2}}]},"10":{"type":"branch","line":107,"loc":{"start":{"line":107,"column":27},"end":{"line":126,"column":2}},"locations":[{"start":{"line":107,"column":27},"end":{"line":126,"column":2}}]},"11":{"type":"branch","line":108,"loc":{"start":{"line":108,"column":42},"end":{"line":115,"column":3}},"locations":[{"start":{"line":108,"column":42},"end":{"line":115,"column":3}}]},"12":{"type":"branch","line":115,"loc":{"start":{"line":115,"column":2},"end":{"line":117,"column":35}},"locations":[{"start":{"line":115,"column":2},"end":{"line":117,"column":35}}]},"13":{"type":"branch","line":117,"loc":{"start":{"line":117,"column":35},"end":{"line":119,"column":3}},"locations":[{"start":{"line":117,"column":35},"end":{"line":119,"column":3}}]},"14":{"type":"branch","line":119,"loc":{"start":{"line":119,"column":2},"end":{"line":121,"column":36}},"locations":[{"start":{"line":119,"column":2},"end":{"line":121,"column":36}}]},"15":{"type":"branch","line":121,"loc":{"start":{"line":121,"column":36},"end":{"line":123,"column":3}},"locations":[{"start":{"line":121,"column":36},"end":{"line":123,"column":3}}]},"16":{"type":"branch","line":123,"loc":{"start":{"line":123,"column":2},"end":{"line":126,"column":2}},"locations":[{"start":{"line":123,"column":2},"end":{"line":126,"column":2}}]},"17":{"type":"branch","line":133,"loc":{"start":{"line":133,"column":1},"end":{"line":140,"column":2}},"locations":[{"start":{"line":133,"column":1},"end":{"line":140,"column":2}}]},"18":{"type":"branch","line":142,"loc":{"start":{"line":142,"column":23},"end":{"line":146,"column":2}},"locations":[{"start":{"line":142,"column":23},"end":{"line":146,"column":2}}]},"19":{"type":"branch","line":143,"loc":{"start":{"line":143,"column":40},"end":{"line":143,"column":69}},"locations":[{"start":{"line":143,"column":40},"end":{"line":143,"column":69}}]},"20":{"type":"branch","line":143,"loc":{"start":{"line":143,"column":68},"end":{"line":144,"column":40}},"locations":[{"start":{"line":143,"column":68},"end":{"line":144,"column":40}}]},"21":{"type":"branch","line":144,"loc":{"start":{"line":144,"column":31},"end":{"line":144,"column":42}},"locations":[{"start":{"line":144,"column":31},"end":{"line":144,"column":42}}]},"22":{"type":"branch","line":144,"loc":{"start":{"line":144,"column":41},"end":{"line":146,"column":2}},"locations":[{"start":{"line":144,"column":41},"end":{"line":146,"column":2}}]},"23":{"type":"branch","line":145,"loc":{"start":{"line":145,"column":36},"end":{"line":145,"column":55}},"locations":[{"start":{"line":145,"column":36},"end":{"line":145,"column":55}}]},"24":{"type":"branch","line":148,"loc":{"start":{"line":148,"column":23},"end":{"line":152,"column":2}},"locations":[{"start":{"line":148,"column":23},"end":{"line":152,"column":2}}]},"25":{"type":"branch","line":149,"loc":{"start":{"line":149,"column":40},"end":{"line":149,"column":69}},"locations":[{"start":{"line":149,"column":40},"end":{"line":149,"column":69}}]},"26":{"type":"branch","line":149,"loc":{"start":{"line":149,"column":68},"end":{"line":150,"column":40}},"locations":[{"start":{"line":149,"column":68},"end":{"line":150,"column":40}}]},"27":{"type":"branch","line":150,"loc":{"start":{"line":150,"column":31},"end":{"line":150,"column":42}},"locations":[{"start":{"line":150,"column":31},"end":{"line":150,"column":42}}]},"28":{"type":"branch","line":150,"loc":{"start":{"line":150,"column":41},"end":{"line":152,"column":2}},"locations":[{"start":{"line":150,"column":41},"end":{"line":152,"column":2}}]},"29":{"type":"branch","line":151,"loc":{"start":{"line":151,"column":36},"end":{"line":151,"column":55}},"locations":[{"start":{"line":151,"column":36},"end":{"line":151,"column":55}}]},"30":{"type":"branch","line":154,"loc":{"start":{"line":154,"column":27},"end":{"line":158,"column":2}},"locations":[{"start":{"line":154,"column":27},"end":{"line":158,"column":2}}]},"31":{"type":"branch","line":155,"loc":{"start":{"line":155,"column":40},"end":{"line":155,"column":73}},"locations":[{"start":{"line":155,"column":40},"end":{"line":155,"column":73}}]},"32":{"type":"branch","line":155,"loc":{"start":{"line":155,"column":72},"end":{"line":156,"column":40}},"locations":[{"start":{"line":155,"column":72},"end":{"line":156,"column":40}}]},"33":{"type":"branch","line":156,"loc":{"start":{"line":156,"column":31},"end":{"line":156,"column":42}},"locations":[{"start":{"line":156,"column":31},"end":{"line":156,"column":42}}]},"34":{"type":"branch","line":156,"loc":{"start":{"line":156,"column":41},"end":{"line":158,"column":2}},"locations":[{"start":{"line":156,"column":41},"end":{"line":158,"column":2}}]},"35":{"type":"branch","line":157,"loc":{"start":{"line":157,"column":36},"end":{"line":157,"column":55}},"locations":[{"start":{"line":157,"column":36},"end":{"line":157,"column":55}}]},"36":{"type":"branch","line":160,"loc":{"start":{"line":160,"column":28},"end":{"line":164,"column":2}},"locations":[{"start":{"line":160,"column":28},"end":{"line":164,"column":2}}]},"37":{"type":"branch","line":161,"loc":{"start":{"line":161,"column":40},"end":{"line":161,"column":74}},"locations":[{"start":{"line":161,"column":40},"end":{"line":161,"column":74}}]},"38":{"type":"branch","line":161,"loc":{"start":{"line":161,"column":73},"end":{"line":162,"column":40}},"locations":[{"start":{"line":161,"column":73},"end":{"line":162,"column":40}}]},"39":{"type":"branch","line":162,"loc":{"start":{"line":162,"column":31},"end":{"line":162,"column":42}},"locations":[{"start":{"line":162,"column":31},"end":{"line":162,"column":42}}]},"40":{"type":"branch","line":162,"loc":{"start":{"line":162,"column":41},"end":{"line":164,"column":2}},"locations":[{"start":{"line":162,"column":41},"end":{"line":164,"column":2}}]},"41":{"type":"branch","line":163,"loc":{"start":{"line":163,"column":36},"end":{"line":163,"column":55}},"locations":[{"start":{"line":163,"column":36},"end":{"line":163,"column":55}}]},"42":{"type":"branch","line":174,"loc":{"start":{"line":174,"column":1},"end":{"line":185,"column":2}},"locations":[{"start":{"line":174,"column":1},"end":{"line":185,"column":2}}]},"43":{"type":"branch","line":175,"loc":{"start":{"line":175,"column":33},"end":{"line":177,"column":3}},"locations":[{"start":{"line":175,"column":33},"end":{"line":177,"column":3}}]},"44":{"type":"branch","line":177,"loc":{"start":{"line":177,"column":2},"end":{"line":179,"column":42}},"locations":[{"start":{"line":177,"column":2},"end":{"line":179,"column":42}}]},"45":{"type":"branch","line":179,"loc":{"start":{"line":179,"column":42},"end":{"line":182,"column":3}},"locations":[{"start":{"line":179,"column":42},"end":{"line":182,"column":3}}]},"46":{"type":"branch","line":182,"loc":{"start":{"line":182,"column":2},"end":{"line":185,"column":2}},"locations":[{"start":{"line":182,"column":2},"end":{"line":185,"column":2}}]},"47":{"type":"branch","line":191,"loc":{"start":{"line":191,"column":1},"end":{"line":229,"column":2}},"locations":[{"start":{"line":191,"column":1},"end":{"line":229,"column":2}}]},"48":{"type":"branch","line":192,"loc":{"start":{"line":192,"column":40},"end":{"line":192,"column":49}},"locations":[{"start":{"line":192,"column":40},"end":{"line":192,"column":49}}]},"49":{"type":"branch","line":192,"loc":{"start":{"line":192,"column":40},"end":{"line":196,"column":20}},"locations":[{"start":{"line":192,"column":40},"end":{"line":196,"column":20}}]},"50":{"type":"branch","line":196,"loc":{"start":{"line":196,"column":16},"end":{"line":196,"column":31}},"locations":[{"start":{"line":196,"column":16},"end":{"line":196,"column":31}}]},"51":{"type":"branch","line":196,"loc":{"start":{"line":196,"column":33},"end":{"line":201,"column":3}},"locations":[{"start":{"line":196,"column":33},"end":{"line":201,"column":3}}]},"52":{"type":"branch","line":201,"loc":{"start":{"line":201,"column":2},"end":{"line":206,"column":18}},"locations":[{"start":{"line":201,"column":2},"end":{"line":206,"column":18}}]},"53":{"type":"branch","line":206,"loc":{"start":{"line":206,"column":14},"end":{"line":206,"column":26}},"locations":[{"start":{"line":206,"column":14},"end":{"line":206,"column":26}}]},"54":{"type":"branch","line":206,"loc":{"start":{"line":206,"column":28},"end":{"line":209,"column":3}},"locations":[{"start":{"line":206,"column":28},"end":{"line":209,"column":3}}]},"55":{"type":"branch","line":209,"loc":{"start":{"line":209,"column":2},"end":{"line":211,"column":18}},"locations":[{"start":{"line":209,"column":2},"end":{"line":211,"column":18}}]},"56":{"type":"branch","line":211,"loc":{"start":{"line":211,"column":14},"end":{"line":211,"column":26}},"locations":[{"start":{"line":211,"column":14},"end":{"line":211,"column":26}}]},"57":{"type":"branch","line":211,"loc":{"start":{"line":211,"column":28},"end":{"line":216,"column":3}},"locations":[{"start":{"line":211,"column":28},"end":{"line":216,"column":3}}]},"58":{"type":"branch","line":216,"loc":{"start":{"line":216,"column":2},"end":{"line":218,"column":18}},"locations":[{"start":{"line":216,"column":2},"end":{"line":218,"column":18}}]},"59":{"type":"branch","line":218,"loc":{"start":{"line":218,"column":14},"end":{"line":218,"column":26}},"locations":[{"start":{"line":218,"column":14},"end":{"line":218,"column":26}}]},"60":{"type":"branch","line":218,"loc":{"start":{"line":218,"column":28},"end":{"line":222,"column":3}},"locations":[{"start":{"line":218,"column":28},"end":{"line":222,"column":3}}]},"61":{"type":"branch","line":222,"loc":{"start":{"line":222,"column":2},"end":{"line":224,"column":18}},"locations":[{"start":{"line":222,"column":2},"end":{"line":224,"column":18}}]},"62":{"type":"branch","line":224,"loc":{"start":{"line":224,"column":14},"end":{"line":224,"column":26}},"locations":[{"start":{"line":224,"column":14},"end":{"line":224,"column":26}}]},"63":{"type":"branch","line":224,"loc":{"start":{"line":224,"column":28},"end":{"line":228,"column":3}},"locations":[{"start":{"line":224,"column":28},"end":{"line":228,"column":3}}]},"64":{"type":"branch","line":231,"loc":{"start":{"line":231,"column":1},"end":{"line":238,"column":2}},"locations":[{"start":{"line":231,"column":1},"end":{"line":238,"column":2}}]},"65":{"type":"branch","line":240,"loc":{"start":{"line":240,"column":1},"end":{"line":252,"column":2}},"locations":[{"start":{"line":240,"column":1},"end":{"line":252,"column":2}}]},"66":{"type":"branch","line":259,"loc":{"start":{"line":259,"column":1},"end":{"line":272,"column":2}},"locations":[{"start":{"line":259,"column":1},"end":{"line":272,"column":2}}]}},"b":{"0":[7],"1":[2],"2":[5],"3":[3],"4":[3],"5":[4],"6":[3],"7":[4],"8":[34],"9":[33],"10":[9],"11":[2],"12":[7],"13":[2],"14":[5],"15":[4],"16":[1],"17":[5],"18":[5],"19":[2],"20":[3],"21":[1],"22":[2],"23":[6],"24":[5],"25":[2],"26":[3],"27":[1],"28":[2],"29":[6],"30":[5],"31":[2],"32":[3],"33":[1],"34":[2],"35":[6],"36":[5],"37":[2],"38":[3],"39":[1],"40":[2],"41":[6],"42":[41],"43":[2],"44":[39],"45":[25],"46":[14],"47":[61],"48":[1],"49":[60],"50":[24],"51":[40],"52":[60],"53":[53],"54":[48],"55":[60],"56":[7],"57":[3],"58":[60],"59":[7],"60":[4],"61":[60],"62":[53],"63":[5],"64":[5],"65":[1],"66":[34]},"fnMap":{"0":{"name":"fittedImageRect","decl":{"start":{"line":37,"column":16},"end":{"line":66,"column":1}},"loc":{"start":{"line":37,"column":16},"end":{"line":66,"column":1}},"line":37},"1":{"name":"<instance_members_initializer>","decl":{"start":{"line":68,"column":13},"end":{"line":273,"column":1}},"loc":{"start":{"line":68,"column":13},"end":{"line":273,"column":1}},"line":68},"2":{"name":"setCreateMode","decl":{"start":{"line":84,"column":1},"end":{"line":86,"column":2}},"loc":{"start":{"line":84,"column":1},"end":{"line":86,"column":2}},"line":84},"3":{"name":"clamp","decl":{"start":{"line":133,"column":1},"end":{"line":140,"column":2}},"loc":{"start":{"line":133,"column":1},"end":{"line":140,"column":2}},"line":133},"4":{"name":"registerPoint","decl":{"start":{"line":174,"column":1},"end":{"line":185,"column":2}},"loc":{"start":{"line":174,"column":1},"end":{"line":185,"column":2}},"line":174},"5":{"name":"registerMovement","decl":{"start":{"line":191,"column":1},"end":{"line":229,"column":2}},"loc":{"start":{"line":191,"column":1},"end":{"line":229,"column":2}},"line":191},"6":{"name":"rect","decl":{"start":{"line":231,"column":1},"end":{"line":238,"column":2}},"loc":{"start":{"line":231,"column":1},"end":{"line":238,"column":2}},"line":231},"7":{"name":"reset","decl":{"start":{"line":240,"column":1},"end":{"line":252,"column":2}},"loc":{"start":{"line":240,"column":1},"end":{"line":252,"column":2}},"line":240},"8":{"name":"NewBoundingBox","decl":{"start":{"line":259,"column":1},"end":{"line":272,"column":2}},"loc":{"start":{"line":259,"column":1},"end":{"line":272,"column":2}},"line":259}},"f":{"0":7,"1":34,"2":33,"3":5,"4":41,"5":61,"6":5,"7":1,"8":34}}
,"/home/runner/work/cigale/cigale/src/lib/cascades.js": {"path":"/home/runner/work/cigale/cigale/src/lib/cascades.js","all":false,"statementMap":{"0":{"start":{"line":1,"column":0},"end":{"line":1,"column":87}},"1":{"start":{"line":2,"column":0},"end":{"line":2,"column":67}},"3":{"start":{"line":4,"column":0},"end":{"line":4,"column":3}},"4":{"start":{"line":5,"column":0},"end":{"line":5,"column":48}},"5":{"start":{"line":6,"column":0},"end":{"line":6,"column":3}},"7":{"start":{"line":8,"column":0},"end":{"line":8,"column":3}},"8":{"start":{"line":9,"column":0},"end":{"line":9,"column":57}},"9":{"start":{"line":10,"column":0},"end":{"line":10,"column":100}},"10":{"start":{"line":11,"column":0},"end":{"line":11,"column":2}},"11":{"start":{"line":12,"column":0},"end":{"line":12,"column":50}},"12":{"start":{"line":13,"column":0},"end":{"line":13,"column":2}},"13":{"start":{"line":14,"column":0},"end":{"line":14,"column":26}},"14":{"start":{"line":15,"column":0},"end":{"line":15,"column":26}},"15":{"start":{"line":16,"column":0},"end":{"line":16,"column":26}},"16":{"start":{"line":17,"column":0},"end":{"line":17,"column":26}},"17":{"start":{"line":18,"column":0},"end":{"line":18,"column":2}},"18":{"start":{"line":19,"column":0},"end":{"line":19,"column":30}},"19":{"start":{"line":20,"column":0},"end":{"line":20,"column":2}},"20":{"start":{"line":21,"column":0},"end":{"line":21,"column":8}},"21":{"start":{"line":22,"column":0},"end":{"line":22,"column":20}},"22":{"start":{"line":23,"column":0},"end":{"line":23,"column":26}},"23":{"start":{"line":24,"column":0},"end":{"line":24,"column":20}},"24":{"start":{"line":25,"column":0},"end":{"line":25,"column":14}},"25":{"start":{"line":26,"column":0},"end":{"line":26,"column":53}},"26":{"start":{"line":27,"column":0},"end":{"line":27,"column":5}},"27":{"start":{"line":28,"column":0},"end":{"line":28,"column":6}},"28":{"start":{"line":29,"column":0},"end":{"line":29,"column":2}},"29":{"start":{"line":30,"column":0},"end":{"line":30,"column":91}},"30":{"start":{"line":31,"column":0},"end":{"line":31,"column":2}},"31":{"start":{"line":32,"column":0},"end":{"line":32,"column":8}},"32":{"start":{"line":33,"column":0},"end":{"line":33,"column":34}},"33":{"start":{"line":34,"column":0},"end":{"line":34,"column":61}},"34":{"start":{"line":35,"column":0},"end":{"line":35,"column":4}},"35":{"start":{"line":36,"column":0},"end":{"line":36,"column":5}},"36":{"start":{"line":37,"column":0},"end":{"line":37,"column":26}},"37":{"start":{"line":38,"column":0},"end":{"line":38,"column":17}},"38":{"start":{"line":39,"column":0},"end":{"line":39,"column":67}},"39":{"start":{"line":40,"column":0},"end":{"line":40,"column":21}},"40":{"start":{"line":41,"column":0},"end":{"line":41,"column":36}},"41":{"start":{"line":42,"column":0},"end":{"line":42,"column":36}},"42":{"start":{"line":43,"column":0},"end":{"line":43,"column":7}},"43":{"start":{"line":44,"column":0},"end":{"line":44,"column":5}},"44":{"start":{"line":45,"column":0},"end":{"line":45,"column":4}},"45":{"start":{"line":46,"column":0},"end":{"line":46,"column":6}},"46":{"start":{"line":47,"column":0},"end":{"line":47,"column":2}},"47":{"start":{"line":48,"column":0},"end":{"line":48,"column":25}},"48":{"start":{"line":49,"column":0},"end":{"line":49,"column":62}},"49":{"start":{"line":50,"column":0},"end":{"line":50,"column":36}},"50":{"start":{"line":51,"column":0},"end":{"line":51,"column":36}},"51":{"start":{"line":52,"column":0},"end":{"line":52,"column":37}},"52":{"start":{"line":53,"column":0},"end":{"line":53,"column":84}},"53":{"start":{"line":54,"column":0},"end":{"line":54,"column":3}},"54":{"start":{"line":55,"column":0},"end":{"line":55,"column":92}},"55":{"start":{"line":56,"column":0},"end":{"line":56,"column":26}},"56":{"start":{"line":57,"column":0},"end":{"line":57,"column":92}},"57":{"start":{"line":58,"column":0},"end":{"line":58,"column":81}},"58":{"start":{"line":59,"column":0},"end":{"line":59,"column":60}},"59":{"start":{"line":60,"column":0},"end":{"line":60,"column":86}},"60":{"start":{"line":61,"column":0},"end":{"line":61,"column":42}},"61":{"start":{"line":62,"column":0},"end":{"line":62,"column":30}},"62":{"start":{"line":63,"column":0},"end":{"line":63,"column":34}},"63":{"start":{"line":64,"column":0},"end":{"line":64,"column":4}},"64":{"start":{"line":65,"column":0},"end":{"line":65,"column":22}},"65":{"start":{"line":66,"column":0},"end":{"line":66,"column":90}},"66":{"start":{"line":67,"column":0},"end":{"line":67,"column":34}},"67":{"start":{"line":68,"column":0},"end":{"line":68,"column":71}},"68":{"start":{"line":69,"column":0},"end":{"line":69,"column":59}},"69":{"start":{"line":70,"column":0},"end":{"line":70,"column":65}},"70":{"start":{"line":71,"column":0},"end":{"line":71,"column":59}},"71":{"start":{"line":72,"column":0},"end":{"line":72,"column":51}},"72":{"start":{"line":73,"column":0},"end":{"line":73,"column":15}},"73":{"start":{"line":74,"column":0},"end":{"line":74,"column":8}},"74":{"start":{"line":75,"column":0},"end":{"line":75,"column":6}},"75":{"start":{"line":76,"column":0},"end":{"line":76,"column":21}},"76":{"start":{"line":77,"column":0},"end":{"line":77,"column":22}},"77":{"start":{"line":78,"column":0},"end":{"line":78,"column":4}},"79":{"start":{"line":80,"column":0},"end":{"line":80,"column":64}},"80":{"start":{"line":81,"column":0},"end":{"line":81,"column":68}},"81":{"start":{"line":82,"column":0},"end":{"line":82,"column":38}},"82":{"start":{"line":83,"column":0},"end":{"line":83,"column":36}},"83":{"start":{"line":84,"column":0},"end":{"line":84,"column":29}},"84":{"start":{"line":85,"column":0},"end":{"line":85,"column":62}},"85":{"start":{"line":86,"column":0},"end":{"line":86,"column":31}},"86":{"start":{"line":87,"column":0},"end":{"line":87,"column":27}},"87":{"start":{"line":88,"column":0},"end":{"line":88,"column":48}},"88":{"start":{"line":89,"column":0},"end":{"line":89,"column":33}},"89":{"start":{"line":90,"column":0},"end":{"line":90,"column":6}},"90":{"start":{"line":91,"column":0},"end":{"line":91,"column":4}},"92":{"start":{"line":93,"column":0},"end":{"line":93,"column":85}},"93":{"start":{"line":94,"column":0},"end":{"line":94,"column":74}},"94":{"start":{"line":95,"column":0},"end":{"line":95,"column":69}},"95":{"start":{"line":96,"column":0},"end":{"line":96,"column":51}},"96":{"start":{"line":97,"column":0},"end":{"line":97,"column":5}},"98":{"start":{"line":99,"column":0},"end":{"line":99,"column":11}},"99":{"start":{"line":100,"column":0},"end":{"line":100,"column":15}},"100":{"start":{"line":101,"column":0},"end":{"line":101,"column":10}},"101":{"start":{"line":102,"column":0},"end":{"line":102,"column":15}},"102":{"start":{"line":103,"column":0},"end":{"line":103,"column":16}},"103":{"start":{"line":104,"column":0},"end":{"line":104,"column":5}},"104":{"start":{"line":105,"column":0},"end":{"line":105,"column":5}},"105":{"start":{"line":106,"column":0},"end":{"line":106,"column":4}},"106":{"start":{"line":107,"column":0},"end":{"line":107,"column":1}}},"s":{"0":1,"1":1,"3":1,"4":1,"5":1,"7":1,"8":1,"9":1,"10":1,"11":1,"12":1,"13":1,"14":1,"15":1,"16":1,"17":1,"18":1,"19":1,"20":1,"21":1,"22":1,"23":1,"24":1,"25":1,"26":1,"27":1,"28":1,"29":1,"30":1,"31":1,"32":1,"33":1,"34":1,"35":1,"36":1,"37":1,"38":1,"39":1,"40":1,"41":1,"42":1,"43":1,"44":1,"45":1,"46":1,"47":1,"48":1,"49":1,"50":1,"51":1,"52":1,"53":1,"54":1,"55":5,"56":5,"57":5,"58":11,"59":11,"60":11,"61":4,"62":4,"63":5,"64":5,"65":5,"66":5,"67":5,"68":5,"69":5,"70":4,"71":7,"72":7,"73":4,"74":5,"75":5,"76":5,"77":5,"79":5,"80":5,"81":5,"82":5,"83":5,"84":5,"85":5,"86":5,"87":5,"88":5,"89":5,"90":5,"92":5,"93":5,"94":2,"95":2,"96":2,"98":2,"99":2,"100":2,"101":2,"102":2,"103":2,"104":5,"105":5,"106":5},"branchMap":{"0":{"type":"branch","line":55,"loc":{"start":{"line":55,"column":7},"end":{"line":107,"column":1}},"locations":[{"start":{"line":55,"column":7},"end":{"line":107,"column":1}}]},"1":{"type":"branch","line":58,"loc":{"start":{"line":58,"column":47},"end":{"line":64,"column":3}},"locations":[{"start":{"line":58,"column":47},"end":{"line":64,"column":3}}]},"2":{"type":"branch","line":61,"loc":{"start":{"line":61,"column":14},"end":{"line":61,"column":23}},"locations":[{"start":{"line":61,"column":14},"end":{"line":61,"column":23}}]},"3":{"type":"branch","line":61,"loc":{"start":{"line":61,"column":25},"end":{"line":64,"column":2}},"locations":[{"start":{"line":61,"column":25},"end":{"line":64,"column":2}}]},"4":{"type":"branch","line":61,"loc":{"start":{"line":61,"column":41},"end":{"line":64,"column":2}},"locations":[{"start":{"line":61,"column":41},"end":{"line":64,"column":2}}]},"5":{"type":"branch","line":65,"loc":{"start":{"line":65,"column":8},"end":{"line":106,"column":2}},"locations":[{"start":{"line":65,"column":8},"end":{"line":106,"column":2}}]},"6":{"type":"branch","line":70,"loc":{"start":{"line":70,"column":35},"end":{"line":75,"column":4}},"locations":[{"start":{"line":70,"column":35},"end":{"line":75,"column":4}}]},"7":{"type":"branch","line":71,"loc":{"start":{"line":71,"column":32},"end":{"line":74,"column":6}},"locations":[{"start":{"line":71,"column":32},"end":{"line":74,"column":6}}]},"8":{"type":"branch","line":76,"loc":{"start":{"line":76,"column":3},"end":{"line":76,"column":20}},"locations":[{"start":{"line":76,"column":3},"end":{"line":76,"column":20}}]},"9":{"type":"branch","line":77,"loc":{"start":{"line":77,"column":3},"end":{"line":77,"column":22}},"locations":[{"start":{"line":77,"column":3},"end":{"line":77,"column":22}}]},"10":{"type":"branch","line":85,"loc":{"start":{"line":85,"column":3},"end":{"line":85,"column":61}},"locations":[{"start":{"line":85,"column":3},"end":{"line":85,"column":61}}]},"11":{"type":"branch","line":86,"loc":{"start":{"line":86,"column":3},"end":{"line":90,"column":6}},"locations":[{"start":{"line":86,"column":3},"end":{"line":90,"column":6}}]},"12":{"type":"branch","line":94,"loc":{"start":{"line":94,"column":46},"end":{"line":105,"column":3}},"locations":[{"start":{"line":94,"column":46},"end":{"line":105,"column":3}}]},"13":{"type":"branch","line":96,"loc":{"start":{"line":96,"column":4},"end":{"line":96,"column":51}},"locations":[{"start":{"line":96,"column":4},"end":{"line":96,"column":51}}]}},"b":{"0":[5],"1":[11],"2":[8],"3":[7],"4":[4],"5":[5],"6":[4],"7":[7],"8":[7],"9":[7],"10":[5],"11":[5],"12":[2],"13":[3]},"fnMap":{"0":{"name":"computeCascades","decl":{"start":{"line":55,"column":7},"end":{"line":107,"column":1}},"loc":{"start":{"line":55,"column":7},"end":{"line":107,"column":1}},"line":55}},"f":{"0":5}}
,"/home/runner/work/cigale/cigale/src/lib/classification.svelte.js": {"path":"/home/runner/work/cigale/cigale/src/lib/classification.svelte.js","all":true,"statementMap":{"11":{"start":{"line":12,"column":0},"end":{"line":12,"column":61}},"12":{"start":{"line":13,"column":0},"end":{"line":13,"column":32}},"13":{"start":{"line":14,"column":0},"end":{"line":14,"column":49}},"14":{"start":{"line":15,"column":0},"end":{"line":15,"column":2}},"16":{"start":{"line":17,"column":0},"end":{"line":17,"column":41}},"17":{"start":{"line":18,"column":0},"end":{"line":18,"column":15}},"18":{"start":{"line":19,"column":0},"end":{"line":19,"column":190}},"21":{"start":{"line":22,"column":0},"end":{"line":22,"column":2}},"23":{"start":{"line":24,"column":0},"end":{"line":24,"column":63}},"24":{"start":{"line":25,"column":0},"end":{"line":25,"column":14}},"25":{"start":{"line":26,"column":0},"end":{"line":26,"column":16}},"26":{"start":{"line":27,"column":0},"end":{"line":27,"column":35}},"27":{"start":{"line":28,"column":0},"end":{"line":28,"column":43}},"29":{"start":{"line":30,"column":0},"end":{"line":30,"column":48}},"30":{"start":{"line":31,"column":0},"end":{"line":31,"column":27}},"31":{"start":{"line":32,"column":0},"end":{"line":32,"column":38}},"35":{"start":{"line":36,"column":0},"end":{"line":36,"column":29}},"37":{"start":{"line":38,"column":0},"end":{"line":38,"column":12}},"39":{"start":{"line":40,"column":0},"end":{"line":40,"column":30}},"40":{"start":{"line":41,"column":0},"end":{"line":41,"column":1}},"47":{"start":{"line":48,"column":0},"end":{"line":48,"column":71}},"48":{"start":{"line":49,"column":0},"end":{"line":49,"column":22}},"49":{"start":{"line":50,"column":0},"end":{"line":50,"column":8}},"51":{"start":{"line":52,"column":0},"end":{"line":52,"column":67}},"52":{"start":{"line":53,"column":0},"end":{"line":53,"column":19}},"53":{"start":{"line":54,"column":0},"end":{"line":54,"column":37}},"55":{"start":{"line":56,"column":0},"end":{"line":56,"column":36}},"57":{"start":{"line":58,"column":0},"end":{"line":58,"column":28}},"59":{"start":{"line":60,"column":0},"end":{"line":60,"column":29}},"60":{"start":{"line":61,"column":0},"end":{"line":61,"column":25}},"61":{"start":{"line":62,"column":0},"end":{"line":62,"column":18}},"62":{"start":{"line":63,"column":0},"end":{"line":63,"column":9}},"63":{"start":{"line":64,"column":0},"end":{"line":64,"column":1}}},"s":{"11":0,"12":0,"13":0,"14":0,"16":0,"17":0,"18":0,"21":0,"23":0,"24":0,"25":0,"26":0,"27":0,"29":0,"30":0,"31":0,"35":0,"37":0,"39":0,"40":0,"47":0,"48":0,"49":0,"51":0,"52":0,"53":0,"55":0,"57":0,"59":0,"60":0,"61":0,"62":0,"63":0},"branchMap":{"0":{"type":"branch","line":1,"loc":{"start":{"line":1,"column":1866},"end":{"line":64,"column":1}},"locations":[{"start":{"line":1,"column":1866},"end":{"line":64,"column":1}}]}},"b":{"0":[1]},"fnMap":{"0":{"name":"(empty-report)","decl":{"start":{"line":1,"column":1866},"end":{"line":64,"column":1}},"loc":{"start":{"line":1,"column":1866},"end":{"line":64,"column":1}},"line":1}},"f":{"0":1}}
,"/home/runner/work/cigale/cigale/src/lib/database.js": {"path":"/home/runner/work/cigale/cigale/src/lib/database.js","all":false,"statementMap":{"0":{"start":{"line":1,"column":0},"end":{"line":1,"column":65}},"1":{"start":{"line":2,"column":0},"end":{"line":2,"column":8}},"9":{"start":{"line":10,"column":0},"end":{"line":10,"column":8}},"19":{"start":{"line":20,"column":0},"end":{"line":20,"column":106}},"20":{"start":{"line":21,"column":0},"end":{"line":21,"column":8}},"25":{"start":{"line":26,"column":0},"end":{"line":26,"column":42}},"26":{"start":{"line":27,"column":0},"end":{"line":27,"column":55}},"28":{"start":{"line":29,"column":0},"end":{"line":29,"column":3}},"29":{"start":{"line":30,"column":0},"end":{"line":30,"column":35}},"30":{"start":{"line":31,"column":0},"end":{"line":31,"column":37}},"31":{"start":{"line":32,"column":0},"end":{"line":32,"column":3}},"32":{"start":{"line":33,"column":0},"end":{"line":33,"column":35}},"33":{"start":{"line":34,"column":0},"end":{"line":34,"column":81}},"34":{"start":{"line":35,"column":0},"end":{"line":35,"column":1}},"36":{"start":{"line":37,"column":0},"end":{"line":37,"column":25}},"37":{"start":{"line":38,"column":0},"end":{"line":38,"column":45}},"38":{"start":{"line":39,"column":0},"end":{"line":39,"column":27}},"39":{"start":{"line":40,"column":0},"end":{"line":40,"column":37}},"40":{"start":{"line":41,"column":0},"end":{"line":41,"column":34}},"41":{"start":{"line":42,"column":0},"end":{"line":42,"column":40}},"43":{"start":{"line":44,"column":0},"end":{"line":44,"column":34}},"44":{"start":{"line":45,"column":0},"end":{"line":45,"column":34}},"45":{"start":{"line":46,"column":0},"end":{"line":46,"column":34}},"47":{"start":{"line":48,"column":0},"end":{"line":48,"column":51}},"48":{"start":{"line":49,"column":0},"end":{"line":49,"column":29}},"49":{"start":{"line":50,"column":0},"end":{"line":50,"column":29}},"51":{"start":{"line":52,"column":0},"end":{"line":52,"column":34}},"52":{"start":{"line":53,"column":0},"end":{"line":53,"column":66}},"54":{"start":{"line":55,"column":0},"end":{"line":55,"column":62}},"55":{"start":{"line":56,"column":0},"end":{"line":56,"column":45}},"56":{"start":{"line":57,"column":0},"end":{"line":57,"column":45}},"57":{"start":{"line":58,"column":0},"end":{"line":58,"column":4}},"58":{"start":{"line":59,"column":0},"end":{"line":59,"column":1}},"60":{"start":{"line":61,"column":0},"end":{"line":61,"column":24}},"61":{"start":{"line":62,"column":0},"end":{"line":62,"column":8}},"62":{"start":{"line":63,"column":0},"end":{"line":63,"column":7}},"63":{"start":{"line":64,"column":0},"end":{"line":64,"column":42}},"64":{"start":{"line":65,"column":0},"end":{"line":65,"column":9}},"65":{"start":{"line":66,"column":0},"end":{"line":66,"column":23}},"66":{"start":{"line":67,"column":0},"end":{"line":67,"column":21}},"67":{"start":{"line":68,"column":0},"end":{"line":68,"column":26}},"68":{"start":{"line":69,"column":0},"end":{"line":69,"column":24}},"69":{"start":{"line":70,"column":0},"end":{"line":70,"column":3}},"70":{"start":{"line":71,"column":0},"end":{"line":71,"column":2}},"72":{"start":{"line":73,"column":0},"end":{"line":73,"column":31}},"73":{"start":{"line":74,"column":0},"end":{"line":74,"column":8}},"74":{"start":{"line":75,"column":0},"end":{"line":75,"column":7}},"75":{"start":{"line":76,"column":0},"end":{"line":76,"column":42}},"76":{"start":{"line":77,"column":0},"end":{"line":77,"column":9}},"77":{"start":{"line":78,"column":0},"end":{"line":78,"column":23}},"78":{"start":{"line":79,"column":0},"end":{"line":79,"column":21}},"79":{"start":{"line":80,"column":0},"end":{"line":80,"column":26}},"80":{"start":{"line":81,"column":0},"end":{"line":81,"column":24}},"81":{"start":{"line":82,"column":0},"end":{"line":82,"column":3}},"82":{"start":{"line":83,"column":0},"end":{"line":83,"column":2}},"84":{"start":{"line":85,"column":0},"end":{"line":85,"column":52}},"86":{"start":{"line":87,"column":0},"end":{"line":87,"column":64}},"88":{"start":{"line":89,"column":0},"end":{"line":89,"column":61}},"89":{"start":{"line":90,"column":0},"end":{"line":90,"column":29}},"90":{"start":{"line":91,"column":0},"end":{"line":91,"column":8}},"91":{"start":{"line":92,"column":0},"end":{"line":92,"column":26}},"92":{"start":{"line":93,"column":0},"end":{"line":93,"column":57}},"93":{"start":{"line":94,"column":0},"end":{"line":94,"column":16}},"94":{"start":{"line":95,"column":0},"end":{"line":95,"column":3}},"95":{"start":{"line":96,"column":0},"end":{"line":96,"column":2}},"96":{"start":{"line":97,"column":0},"end":{"line":97,"column":45}},"98":{"start":{"line":99,"column":0},"end":{"line":99,"column":23}},"99":{"start":{"line":100,"column":0},"end":{"line":100,"column":6}},"100":{"start":{"line":101,"column":0},"end":{"line":101,"column":7}},"101":{"start":{"line":102,"column":0},"end":{"line":102,"column":28}},"102":{"start":{"line":103,"column":0},"end":{"line":103,"column":24}},"103":{"start":{"line":104,"column":0},"end":{"line":104,"column":50}},"104":{"start":{"line":105,"column":0},"end":{"line":105,"column":50}},"105":{"start":{"line":106,"column":0},"end":{"line":106,"column":71}},"106":{"start":{"line":107,"column":0},"end":{"line":107,"column":48}},"107":{"start":{"line":108,"column":0},"end":{"line":108,"column":35}},"108":{"start":{"line":109,"column":0},"end":{"line":109,"column":10}},"109":{"start":{"line":110,"column":0},"end":{"line":110,"column":65}},"111":{"start":{"line":112,"column":0},"end":{"line":112,"column":9}},"112":{"start":{"line":113,"column":0},"end":{"line":113,"column":68}},"114":{"start":{"line":115,"column":0},"end":{"line":115,"column":60}},"115":{"start":{"line":116,"column":0},"end":{"line":116,"column":50}},"116":{"start":{"line":117,"column":0},"end":{"line":117,"column":27}},"117":{"start":{"line":118,"column":0},"end":{"line":118,"column":6}},"118":{"start":{"line":119,"column":0},"end":{"line":119,"column":17}},"119":{"start":{"line":120,"column":0},"end":{"line":120,"column":76}},"120":{"start":{"line":121,"column":0},"end":{"line":121,"column":40}},"121":{"start":{"line":122,"column":0},"end":{"line":122,"column":64}},"122":{"start":{"line":123,"column":0},"end":{"line":123,"column":5}},"124":{"start":{"line":125,"column":0},"end":{"line":125,"column":9}},"125":{"start":{"line":126,"column":0},"end":{"line":126,"column":34}},"126":{"start":{"line":127,"column":0},"end":{"line":127,"column":17}},"127":{"start":{"line":128,"column":0},"end":{"line":128,"column":75}},"128":{"start":{"line":129,"column":0},"end":{"line":129,"column":17}},"129":{"start":{"line":130,"column":0},"end":{"line":130,"column":5}},"130":{"start":{"line":131,"column":0},"end":{"line":131,"column":4}},"131":{"start":{"line":132,"column":0},"end":{"line":132,"column":4}},"132":{"start":{"line":133,"column":0},"end":{"line":133,"column":28}},"133":{"start":{"line":134,"column":0},"end":{"line":134,"column":35}},"134":{"start":{"line":135,"column":0},"end":{"line":135,"column":34}},"135":{"start":{"line":136,"column":0},"end":{"line":136,"column":21}},"136":{"start":{"line":137,"column":0},"end":{"line":137,"column":45}},"137":{"start":{"line":138,"column":0},"end":{"line":138,"column":43}},"138":{"start":{"line":139,"column":0},"end":{"line":139,"column":21}},"139":{"start":{"line":140,"column":0},"end":{"line":140,"column":20}},"140":{"start":{"line":141,"column":0},"end":{"line":141,"column":14}},"141":{"start":{"line":142,"column":0},"end":{"line":142,"column":6}},"142":{"start":{"line":143,"column":0},"end":{"line":143,"column":40}},"143":{"start":{"line":144,"column":0},"end":{"line":144,"column":10}},"144":{"start":{"line":145,"column":0},"end":{"line":145,"column":13}},"145":{"start":{"line":146,"column":0},"end":{"line":146,"column":31}},"146":{"start":{"line":147,"column":0},"end":{"line":147,"column":35}},"147":{"start":{"line":148,"column":0},"end":{"line":148,"column":5}},"148":{"start":{"line":149,"column":0},"end":{"line":149,"column":5}},"149":{"start":{"line":150,"column":0},"end":{"line":150,"column":23}},"150":{"start":{"line":151,"column":0},"end":{"line":151,"column":3}},"151":{"start":{"line":152,"column":0},"end":{"line":152,"column":2}},"153":{"start":{"line":154,"column":0},"end":{"line":154,"column":24}},"154":{"start":{"line":155,"column":0},"end":{"line":155,"column":4}},"155":{"start":{"line":156,"column":0},"end":{"line":156,"column":18}},"156":{"start":{"line":157,"column":0},"end":{"line":157,"column":13}},"157":{"start":{"line":158,"column":0},"end":{"line":158,"column":16}},"158":{"start":{"line":159,"column":0},"end":{"line":159,"column":15}},"159":{"start":{"line":160,"column":0},"end":{"line":160,"column":7}},"160":{"start":{"line":161,"column":0},"end":{"line":161,"column":12}},"161":{"start":{"line":162,"column":0},"end":{"line":162,"column":27}},"162":{"start":{"line":163,"column":0},"end":{"line":163,"column":13}},"163":{"start":{"line":164,"column":0},"end":{"line":164,"column":22}},"164":{"start":{"line":165,"column":0},"end":{"line":165,"column":14}},"165":{"start":{"line":166,"column":0},"end":{"line":166,"column":21}},"166":{"start":{"line":167,"column":0},"end":{"line":167,"column":21}},"167":{"start":{"line":168,"column":0},"end":{"line":168,"column":10}},"168":{"start":{"line":169,"column":0},"end":{"line":169,"column":10}},"169":{"start":{"line":170,"column":0},"end":{"line":170,"column":10}},"170":{"start":{"line":171,"column":0},"end":{"line":171,"column":11}},"171":{"start":{"line":172,"column":0},"end":{"line":172,"column":12}},"172":{"start":{"line":173,"column":0},"end":{"line":173,"column":2}},"174":{"start":{"line":175,"column":0},"end":{"line":175,"column":63}},"175":{"start":{"line":176,"column":0},"end":{"line":176,"column":13}},"176":{"start":{"line":177,"column":0},"end":{"line":177,"column":20}},"177":{"start":{"line":178,"column":0},"end":{"line":178,"column":17}},"178":{"start":{"line":179,"column":0},"end":{"line":179,"column":3}},"180":{"start":{"line":181,"column":0},"end":{"line":181,"column":3}},"181":{"start":{"line":182,"column":0},"end":{"line":182,"column":2}},"182":{"start":{"line":183,"column":0},"end":{"line":183,"column":44}},"183":{"start":{"line":184,"column":0},"end":{"line":184,"column":26}},"184":{"start":{"line":185,"column":0},"end":{"line":185,"column":81}},"185":{"start":{"line":186,"column":0},"end":{"line":186,"column":3}},"186":{"start":{"line":187,"column":0},"end":{"line":187,"column":39}},"187":{"start":{"line":188,"column":0},"end":{"line":188,"column":58}},"188":{"start":{"line":189,"column":0},"end":{"line":189,"column":1}},"190":{"start":{"line":191,"column":0},"end":{"line":191,"column":23}},"191":{"start":{"line":192,"column":0},"end":{"line":192,"column":7}},"192":{"start":{"line":193,"column":0},"end":{"line":193,"column":11}},"193":{"start":{"line":194,"column":0},"end":{"line":194,"column":18}},"194":{"start":{"line":195,"column":0},"end":{"line":195,"column":13}},"195":{"start":{"line":196,"column":0},"end":{"line":196,"column":10}},"196":{"start":{"line":197,"column":0},"end":{"line":197,"column":16}},"197":{"start":{"line":198,"column":0},"end":{"line":198,"column":10}},"198":{"start":{"line":199,"column":0},"end":{"line":199,"column":9}},"199":{"start":{"line":200,"column":0},"end":{"line":200,"column":2}},"201":{"start":{"line":202,"column":0},"end":{"line":202,"column":3}},"202":{"start":{"line":203,"column":0},"end":{"line":203,"column":2}},"203":{"start":{"line":204,"column":0},"end":{"line":204,"column":58}},"204":{"start":{"line":205,"column":0},"end":{"line":205,"column":43}},"205":{"start":{"line":206,"column":0},"end":{"line":206,"column":55}},"206":{"start":{"line":207,"column":0},"end":{"line":207,"column":87}},"207":{"start":{"line":208,"column":0},"end":{"line":208,"column":25}},"208":{"start":{"line":209,"column":0},"end":{"line":209,"column":44}},"209":{"start":{"line":210,"column":0},"end":{"line":210,"column":11}},"210":{"start":{"line":211,"column":0},"end":{"line":211,"column":3}},"211":{"start":{"line":212,"column":0},"end":{"line":212,"column":34}},"212":{"start":{"line":213,"column":0},"end":{"line":213,"column":49}},"213":{"start":{"line":214,"column":0},"end":{"line":214,"column":38}},"214":{"start":{"line":215,"column":0},"end":{"line":215,"column":15}},"216":{"start":{"line":217,"column":0},"end":{"line":217,"column":67}},"217":{"start":{"line":218,"column":0},"end":{"line":218,"column":1}},"219":{"start":{"line":220,"column":0},"end":{"line":220,"column":3}},"220":{"start":{"line":221,"column":0},"end":{"line":221,"column":60}},"221":{"start":{"line":222,"column":0},"end":{"line":222,"column":82}},"222":{"start":{"line":223,"column":0},"end":{"line":223,"column":63}},"223":{"start":{"line":224,"column":0},"end":{"line":224,"column":24}},"224":{"start":{"line":225,"column":0},"end":{"line":225,"column":24}},"225":{"start":{"line":226,"column":0},"end":{"line":226,"column":20}},"226":{"start":{"line":227,"column":0},"end":{"line":227,"column":3}},"227":{"start":{"line":228,"column":0},"end":{"line":228,"column":39}},"228":{"start":{"line":229,"column":0},"end":{"line":229,"column":14}},"229":{"start":{"line":230,"column":0},"end":{"line":230,"column":73}},"230":{"start":{"line":231,"column":0},"end":{"lin
[...]
:83,"column":0},"end":{"line":83,"column":70}},"83":{"start":{"line":84,"column":0},"end":{"line":84,"column":4}},"84":{"start":{"line":85,"column":0},"end":{"line":85,"column":4}},"85":{"start":{"line":86,"column":0},"end":{"line":86,"column":36}},"86":{"start":{"line":87,"column":0},"end":{"line":87,"column":45}},"87":{"start":{"line":88,"column":0},"end":{"line":88,"column":17}},"88":{"start":{"line":89,"column":0},"end":{"line":89,"column":30}},"90":{"start":{"line":91,"column":0},"end":{"line":91,"column":26}},"91":{"start":{"line":92,"column":0},"end":{"line":92,"column":5}},"92":{"start":{"line":93,"column":0},"end":{"line":93,"column":23}},"93":{"start":{"line":94,"column":0},"end":{"line":94,"column":6}},"95":{"start":{"line":96,"column":0},"end":{"line":96,"column":43}},"96":{"start":{"line":97,"column":0},"end":{"line":97,"column":15}},"97":{"start":{"line":98,"column":0},"end":{"line":98,"column":7}},"98":{"start":{"line":99,"column":0},"end":{"line":99,"column":11}},"99":{"start":{"line":100,"column":0},"end":{"line":100,"column":14}},"100":{"start":{"line":101,"column":0},"end":{"line":101,"column":37}},"101":{"start":{"line":102,"column":0},"end":{"line":102,"column":20}},"102":{"start":{"line":103,"column":0},"end":{"line":103,"column":25}},"103":{"start":{"line":104,"column":0},"end":{"line":104,"column":28}},"104":{"start":{"line":105,"column":0},"end":{"line":105,"column":20}},"105":{"start":{"line":106,"column":0},"end":{"line":106,"column":19}},"106":{"start":{"line":107,"column":0},"end":{"line":107,"column":22}},"107":{"start":{"line":108,"column":0},"end":{"line":108,"column":20}},"108":{"start":{"line":109,"column":0},"end":{"line":109,"column":6}},"109":{"start":{"line":110,"column":0},"end":{"line":110,"column":6}},"110":{"start":{"line":111,"column":0},"end":{"line":111,"column":5}},"111":{"start":{"line":112,"column":0},"end":{"line":112,"column":15}},"112":{"start":{"line":113,"column":0},"end":{"line":113,"column":69}},"113":{"start":{"line":114,"column":0},"end":{"line":114,"column":3}},"114":{"start":{"line":115,"column":0},"end":{"line":115,"column":3}},"115":{"start":{"line":116,"column":0},"end":{"line":116,"column":35}},"116":{"start":{"line":117,"column":0},"end":{"line":117,"column":195}},"117":{"start":{"line":118,"column":0},"end":{"line":118,"column":16}},"118":{"start":{"line":119,"column":0},"end":{"line":119,"column":47}},"119":{"start":{"line":120,"column":0},"end":{"line":120,"column":4}},"120":{"start":{"line":121,"column":0},"end":{"line":121,"column":22}},"121":{"start":{"line":122,"column":0},"end":{"line":122,"column":5}},"123":{"start":{"line":124,"column":0},"end":{"line":124,"column":30}},"124":{"start":{"line":125,"column":0},"end":{"line":125,"column":17}},"125":{"start":{"line":126,"column":0},"end":{"line":126,"column":197}},"126":{"start":{"line":127,"column":0},"end":{"line":127,"column":3}},"127":{"start":{"line":128,"column":0},"end":{"line":128,"column":22}},"128":{"start":{"line":129,"column":0},"end":{"line":129,"column":43}},"129":{"start":{"line":130,"column":0},"end":{"line":130,"column":58}},"130":{"start":{"line":131,"column":0},"end":{"line":131,"column":34}},"131":{"start":{"line":132,"column":0},"end":{"line":132,"column":145}},"132":{"start":{"line":133,"column":0},"end":{"line":133,"column":3}},"133":{"start":{"line":134,"column":0},"end":{"line":134,"column":62}},"134":{"start":{"line":135,"column":0},"end":{"line":135,"column":33}},"135":{"start":{"line":136,"column":0},"end":{"line":136,"column":136}},"136":{"start":{"line":137,"column":0},"end":{"line":137,"column":2}},"137":{"start":{"line":138,"column":0},"end":{"line":138,"column":124}},"138":{"start":{"line":139,"column":0},"end":{"line":139,"column":3}},"139":{"start":{"line":140,"column":0},"end":{"line":140,"column":16}},"140":{"start":{"line":141,"column":0},"end":{"line":141,"column":51}},"141":{"start":{"line":142,"column":0},"end":{"line":142,"column":37}},"142":{"start":{"line":143,"column":0},"end":{"line":143,"column":3}},"143":{"start":{"line":144,"column":0},"end":{"line":144,"column":10}},"144":{"start":{"line":145,"column":0},"end":{"line":145,"column":75}},"145":{"start":{"line":146,"column":0},"end":{"line":146,"column":45}},"146":{"start":{"line":147,"column":0},"end":{"line":147,"column":174}},"147":{"start":{"line":148,"column":0},"end":{"line":148,"column":3}},"148":{"start":{"line":149,"column":0},"end":{"line":149,"column":19}},"149":{"start":{"line":150,"column":0},"end":{"line":150,"column":35}},"150":{"start":{"line":151,"column":0},"end":{"line":151,"column":9}},"151":{"start":{"line":152,"column":0},"end":{"line":152,"column":26}},"152":{"start":{"line":153,"column":0},"end":{"line":153,"column":28}},"153":{"start":{"line":154,"column":0},"end":{"line":154,"column":5}},"154":{"start":{"line":155,"column":0},"end":{"line":155,"column":13}},"155":{"start":{"line":156,"column":0},"end":{"line":156,"column":179}},"156":{"start":{"line":157,"column":0},"end":{"line":157,"column":3}},"157":{"start":{"line":158,"column":0},"end":{"line":158,"column":3}},"158":{"start":{"line":159,"column":0},"end":{"line":159,"column":13}},"159":{"start":{"line":160,"column":0},"end":{"line":160,"column":67}},"160":{"start":{"line":161,"column":0},"end":{"line":161,"column":28}},"161":{"start":{"line":162,"column":0},"end":{"line":162,"column":6}},"162":{"start":{"line":163,"column":0},"end":{"line":163,"column":7}},"163":{"start":{"line":164,"column":0},"end":{"line":164,"column":86}},"164":{"start":{"line":165,"column":0},"end":{"line":165,"column":4}},"165":{"start":{"line":166,"column":0},"end":{"line":166,"column":30}},"166":{"start":{"line":167,"column":0},"end":{"line":167,"column":13}},"167":{"start":{"line":168,"column":0},"end":{"line":168,"column":219}},"168":{"start":{"line":169,"column":0},"end":{"line":169,"column":4}},"169":{"start":{"line":170,"column":0},"end":{"line":170,"column":19}},"170":{"start":{"line":171,"column":0},"end":{"line":171,"column":18}},"171":{"start":{"line":172,"column":0},"end":{"line":172,"column":13}},"172":{"start":{"line":173,"column":0},"end":{"line":173,"column":13}},"173":{"start":{"line":174,"column":0},"end":{"line":174,"column":8}},"174":{"start":{"line":175,"column":0},"end":{"line":175,"column":99}},"175":{"start":{"line":176,"column":0},"end":{"line":176,"column":5}},"176":{"start":{"line":177,"column":0},"end":{"line":177,"column":31}},"177":{"start":{"line":178,"column":0},"end":{"line":178,"column":133}},"178":{"start":{"line":179,"column":0},"end":{"line":179,"column":5}},"179":{"start":{"line":180,"column":0},"end":{"line":180,"column":69}},"180":{"start":{"line":181,"column":0},"end":{"line":181,"column":17}},"181":{"start":{"line":182,"column":0},"end":{"line":182,"column":14}},"182":{"start":{"line":183,"column":0},"end":{"line":183,"column":14}},"183":{"start":{"line":184,"column":0},"end":{"line":184,"column":9}},"184":{"start":{"line":185,"column":0},"end":{"line":185,"column":63}},"185":{"start":{"line":186,"column":0},"end":{"line":186,"column":6}},"186":{"start":{"line":187,"column":0},"end":{"line":187,"column":17}},"187":{"start":{"line":188,"column":0},"end":{"line":188,"column":15}},"188":{"start":{"line":189,"column":0},"end":{"line":189,"column":9}},"189":{"start":{"line":190,"column":0},"end":{"line":190,"column":103}},"190":{"start":{"line":191,"column":0},"end":{"line":191,"column":6}},"191":{"start":{"line":192,"column":0},"end":{"line":192,"column":46}},"192":{"start":{"line":193,"column":0},"end":{"line":193,"column":401}},"193":{"start":{"line":194,"column":0},"end":{"line":194,"column":5}},"194":{"start":{"line":195,"column":0},"end":{"line":195,"column":15}},"195":{"start":{"line":196,"column":0},"end":{"line":196,"column":153}},"196":{"start":{"line":197,"column":0},"end":{"line":197,"column":4}},"197":{"start":{"line":198,"column":0},"end":{"line":198,"column":4}},"198":{"start":{"line":199,"column":0},"end":{"line":199,"column":11}},"199":{"start":{"line":200,"column":0},"end":{"line":200,"column":67}},"200":{"start":{"line":201,"column":0},"end":{"line":201,"column":53}},"201":{"start":{"line":202,"column":0},"end":{"line":202,"column":16}},"202":{"start":{"line":203,"column":0},"end":{"line":203,"column":16}},"203":{"start":{"line":204,"column":0},"end":{"line":204,"column":70}},"204":{"start":{"line":205,"column":0},"end":{"line":205,"column":71}},"205":{"start":{"line":206,"column":0},"end":{"line":206,"column":14}},"206":{"start":{"line":207,"column":0},"end":{"line":207,"column":1020}},"207":{"start":{"line":208,"column":0},"end":{"line":208,"column":4}},"208":{"start":{"line":209,"column":0},"end":{"line":209,"column":13}},"209":{"start":{"line":210,"column":0},"end":{"line":210,"column":20}},"210":{"start":{"line":211,"column":0},"end":{"line":211,"column":76}},"211":{"start":{"line":212,"column":0},"end":{"line":212,"column":48}},"212":{"start":{"line":213,"column":0},"end":{"line":213,"column":19}},"213":{"start":{"line":214,"column":0},"end":{"line":214,"column":75}},"214":{"start":{"line":215,"column":0},"end":{"line":215,"column":47}},"215":{"start":{"line":216,"column":0},"end":{"line":216,"column":3}},"216":{"start":{"line":217,"column":0},"end":{"line":217,"column":3}},"217":{"start":{"line":218,"column":0},"end":{"line":218,"column":71}},"218":{"start":{"line":219,"column":0},"end":{"line":219,"column":13}},"219":{"start":{"line":220,"column":0},"end":{"line":220,"column":3}},"221":{"start":{"line":222,"column":0},"end":{"line":222,"column":57}},"222":{"start":{"line":223,"column":0},"end":{"line":223,"column":10}},"223":{"start":{"line":224,"column":0},"end":{"line":224,"column":13}},"224":{"start":{"line":225,"column":0},"end":{"line":225,"column":70}},"225":{"start":{"line":226,"column":0},"end":{"line":226,"column":3}},"226":{"start":{"line":227,"column":0},"end":{"line":227,"column":3}},"227":{"start":{"line":228,"column":0},"end":{"line":228,"column":23}},"228":{"start":{"line":229,"column":0},"end":{"line":229,"column":14}},"229":{"start":{"line":230,"column":0},"end":{"line":230,"column":31}},"230":{"start":{"line":231,"column":0},"end":{"line":231,"column":62}},"231":{"start":{"line":232,"column":0},"end":{"line":232,"column":42}},"232":{"start":{"line":233,"column":0},"end":{"line":233,"column":12}},"233":{"start":{"line":234,"column":0},"end":{"line":234,"column":5}},"234":{"start":{"line":235,"column":0},"end":{"line":235,"column":3}},"235":{"start":{"line":236,"column":0},"end":{"line":236,"column":5}}},"s":{"0":1,"1":1,"2":1,"3":1,"4":1,"5":1,"7":1,"8":1,"9":1,"11":1,"12":1,"13":1,"14":1,"15":1,"16":1,"17":1,"18":1,"19":1,"20":1,"21":1,"23":1,"24":1,"25":1,"26":1,"27":1,"28":1,"29":1,"30":1,"31":2,"32":2,"33":2,"34":1,"35":1,"36":1,"37":1,"38":1,"39":1,"40":1,"41":4,"42":4,"43":1,"44":1,"45":1,"46":1,"47":1,"48":1,"49":1,"50":1,"51":4,"52":4,"53":1,"54":1,"56":1,"57":24,"58":24,"60":1,"61":1,"62":1,"63":1,"64":1,"65":8,"66":8,"67":0,"68":0,"69":0,"70":0,"71":0,"72":0,"73":0,"74":0,"75":0,"76":0,"77":0,"78":0,"79":0,"80":0,"81":0,"82":0,"83":0,"84":8,"85":8,"86":0,"87":0,"88":0,"90":0,"91":0,"92":0,"93":1,"95":1,"96":1,"97":6,"98":6,"99":6,"100":6,"101":6,"102":6,"103":6,"104":6,"105":6,"106":6,"107":6,"108":6,"109":6,"110":6,"111":6,"112":0,"113":0,"114":1,"115":1,"116":6,"117":6,"118":12,"119":6,"120":6,"121":1,"123":1,"124":1,"125":1,"126":1,"127":1,"128":1,"129":1,"130":1,"131":1,"132":1,"133":1,"134":1,"135":1,"136":1,"137":1,"138":1,"139":1,"140":1,"141":1,"142":1,"143":1,"144":1,"145":1,"146":1,"147":1,"148":1,"149":1,"150":1,"151":1,"152":1,"153":1,"154":1,"155":1,"156":1,"157":1,"158":1,"159":1,"160":1,"161":1,"162":1,"163":1,"164":1,"165":1,"166":1,"167":1,"168":1,"169":1,"170":1,"171":1,"172":1,"173":1,"174":1,"175":1,"176":1,"177":1,"178":1,"179":1,"180":1,"181":1,"182":1,"183":1,"184":1,"185":1,"186":1,"187":1,"188":1,"189":1,"190":1,"191":1,"192":1,"193":1,"194":1,"195":1,"196":1,"197":1,"198":1,"199":1,"200":1,"201":1,"202":1,"203":1,"204":1,"205":1,"206":1,"207":1,"208":1,"209":1,"210":1,"211":1,"212":1,"213":1,"214":1,"215":1,"216":1,"217":1,"218":1,"219":1,"221":1,"222":1,"223":1,"224":1,"225":1,"226":1,"227":1,"228":0,"229":0,"230":0,"231":0,"232":0,"233":0,"234":0,"235":1},"branchMap":{"0":{"type":"branch","line":57,"loc":{"start":{"line":57,"column":77},"end":{"line":59,"column":1}},"locations":[{"start":{"line":57,"column":77},"end":{"line":59,"column":1}}]},"1":{"type":"branch","line":31,"loc":{"start":{"line":31,"column":18},"end":{"line":34,"column":3}},"locations":[{"start":{"line":31,"column":18},"end":{"line":34,"column":3}}]},"2":{"type":"branch","line":41,"loc":{"start":{"line":41,"column":18},"end":{"line":43,"column":3}},"locations":[{"start":{"line":41,"column":18},"end":{"line":43,"column":3}}]},"3":{"type":"branch","line":51,"loc":{"start":{"line":51,"column":18},"end":{"line":53,"column":3}},"locations":[{"start":{"line":51,"column":18},"end":{"line":53,"column":3}}]},"4":{"type":"branch","line":52,"loc":{"start":{"line":52,"column":18},"end":{"line":52,"column":29}},"locations":[{"start":{"line":52,"column":18},"end":{"line":52,"column":29}}]},"5":{"type":"branch","line":65,"loc":{"start":{"line":65,"column":31},"end":{"line":94,"column":5}},"locations":[{"start":{"line":65,"column":31},"end":{"line":94,"column":5}}]},"6":{"type":"branch","line":97,"loc":{"start":{"line":97,"column":7},"end":{"line":115,"column":2}},"locations":[{"start":{"line":97,"column":7},"end":{"line":115,"column":2}}]},"7":{"type":"branch","line":112,"loc":{"start":{"line":112,"column":4},"end":{"line":114,"column":3}},"locations":[{"start":{"line":112,"column":4},"end":{"line":114,"column":3}}]},"8":{"type":"branch","line":116,"loc":{"start":{"line":116,"column":7},"end":{"line":122,"column":3}},"locations":[{"start":{"line":116,"column":7},"end":{"line":122,"column":3}}]},"9":{"type":"branch","line":118,"loc":{"start":{"line":118,"column":2},"end":{"line":120,"column":3}},"locations":[{"start":{"line":118,"column":2},"end":{"line":120,"column":3}}]},"10":{"type":"branch","line":121,"loc":{"start":{"line":121,"column":10},"end":{"line":121,"column":22}},"locations":[{"start":{"line":121,"column":10},"end":{"line":121,"column":22}}]}},"b":{"0":[24],"1":[2],"2":[4],"3":[4],"4":[3],"5":[8],"6":[6],"7":[0],"8":[6],"9":[12],"10":[1]},"fnMap":{"0":{"name":"implementation","decl":{"start":{"line":31,"column":18},"end":{"line":34,"column":3}},"loc":{"start":{"line":31,"column":18},"end":{"line":34,"column":3}},"line":31},"1":{"name":"implementation","decl":{"start":{"line":41,"column":18},"end":{"line":43,"column":3}},"loc":{"start":{"line":41,"column":18},"end":{"line":43,"column":3}},"line":41},"2":{"name":"implementation","decl":{"start":{"line":51,"column":18},"end":{"line":53,"column":3}},"loc":{"start":{"line":51,"column":18},"end":{"line":53,"column":3}},"line":51},"3":{"name":"TemplatedString","decl":{"start":{"line":65,"column":31},"end":{"line":94,"column":5}},"loc":{"start":{"line":65,"column":31},"end":{"line":94,"column":5}},"line":65},"4":{"name":"render","decl":{"start":{"line":118,"column":2},"end":{"line":120,"column":3}},"loc":{"start":{"line":118,"column":2},"end":{"line":120,"column":3}},"line":118},"5":{"name":"toJSON","decl":{"start":{"line":121,"column":10},"end":{"line":121,"column":22}},"loc":{"start":{"line":121,"column":10},"end":{"line":121,"column":22}},"line":121}},"f":{"0":2,"1":4,"2":4,"3":8,"4":12,"5":1}}
,"/home/runner/work/cigale/cigale/src/lib/schemas/results.js": {"path":"/home/runner/work/cigale/cigale/src/lib/schemas/results.js","all":false,"statementMap":{"0":{"start":{"line":1,"column":0},"end":{"line":1,"column":58}},"1":{"start":{"line":2,"column":0},"end":{"line":2,"column":57}},"3":{"start":{"line":4,"column":0},"end":{"line":4,"column":29}},"4":{"start":{"line":5,"column":0},"end":{"line":5,"column":14}},"5":{"start":{"line":6,"column":0},"end":{"line":6,"column":53}},"6":{"start":{"line":7,"column":0},"end":{"line":7,"column":18}},"7":{"start":{"line":8,"column":0},"end":{"line":8,"column":12}},"8":{"start":{"line":9,"column":0},"end":{"line":9,"column":7}},"9":{"start":{"line":10,"column":0},"end":{"line":10,"column":160}},"10":{"start":{"line":11,"column":0},"end":{"line":11,"column":4}},"11":{"start":{"line":12,"column":0},"end":{"line":12,"column":89}},"12":{"start":{"line":13,"column":0},"end":{"line":13,"column":21}},"13":{"start":{"line":14,"column":0},"end":{"line":14,"column":13}},"14":{"start":{"line":15,"column":0},"end":{"line":15,"column":7}},"15":{"start":{"line":16,"column":0},"end":{"line":16,"column":59}},"16":{"start":{"line":17,"column":0},"end":{"line":17,"column":4}},"17":{"start":{"line":18,"column":0},"end":{"line":18,"column":22}},"18":{"start":{"line":19,"column":0},"end":{"line":19,"column":16}},"19":{"start":{"line":20,"column":0},"end":{"line":20,"column":13}},"20":{"start":{"line":21,"column":0},"end":{"line":21,"column":8}},"21":{"start":{"line":22,"column":0},"end":{"line":22,"column":77}},"22":{"start":{"line":23,"column":0},"end":{"line":23,"column":4}},"23":{"start":{"line":24,"column":0},"end":{"line":24,"column":14}},"24":{"start":{"line":25,"column":0},"end":{"line":25,"column":211}},"25":{"start":{"line":26,"column":0},"end":{"line":26,"column":3}},"26":{"start":{"line":27,"column":0},"end":{"line":27,"column":2}},"27":{"start":{"line":28,"column":0},"end":{"line":28,"column":3}},"29":{"start":{"line":30,"column":0},"end":{"line":30,"column":30}},"30":{"start":{"line":31,"column":0},"end":{"line":31,"column":21}},"31":{"start":{"line":32,"column":0},"end":{"line":32,"column":15}},"32":{"start":{"line":33,"column":0},"end":{"line":33,"column":52}},"33":{"start":{"line":34,"column":0},"end":{"line":34,"column":17}},"34":{"start":{"line":35,"column":0},"end":{"line":35,"column":41}},"35":{"start":{"line":36,"column":0},"end":{"line":36,"column":73}},"36":{"start":{"line":37,"column":0},"end":{"line":37,"column":18}},"37":{"start":{"line":38,"column":0},"end":{"line":38,"column":14}},"38":{"start":{"line":39,"column":0},"end":{"line":39,"column":9}},"39":{"start":{"line":40,"column":0},"end":{"line":40,"column":71}},"40":{"start":{"line":41,"column":0},"end":{"line":41,"column":6}},"41":{"start":{"line":42,"column":0},"end":{"line":42,"column":15}},"42":{"start":{"line":43,"column":0},"end":{"line":43,"column":14}},"43":{"start":{"line":44,"column":0},"end":{"line":44,"column":9}},"44":{"start":{"line":45,"column":0},"end":{"line":45,"column":90}},"45":{"start":{"line":46,"column":0},"end":{"line":46,"column":6}},"46":{"start":{"line":47,"column":0},"end":{"line":47,"column":29}},"47":{"start":{"line":48,"column":0},"end":{"line":48,"column":22}},"48":{"start":{"line":49,"column":0},"end":{"line":49,"column":64}},"49":{"start":{"line":50,"column":0},"end":{"line":50,"column":61}},"50":{"start":{"line":51,"column":0},"end":{"line":51,"column":68}},"51":{"start":{"line":52,"column":0},"end":{"line":52,"column":14}},"52":{"start":{"line":53,"column":0},"end":{"line":53,"column":28}},"53":{"start":{"line":54,"column":0},"end":{"line":54,"column":45}},"54":{"start":{"line":55,"column":0},"end":{"line":55,"column":162}},"55":{"start":{"line":56,"column":0},"end":{"line":56,"column":4}},"56":{"start":{"line":57,"column":0},"end":{"line":57,"column":3}},"57":{"start":{"line":58,"column":0},"end":{"line":58,"column":93}},"58":{"start":{"line":59,"column":0},"end":{"line":59,"column":81}},"59":{"start":{"line":60,"column":0},"end":{"line":60,"column":3}}},"s":{"0":1,"1":1,"3":1,"4":1,"5":1,"6":1,"7":1,"8":1,"9":1,"10":1,"11":1,"12":1,"13":1,"14":1,"15":1,"16":1,"17":1,"18":1,"19":1,"20":1,"21":1,"22":1,"23":1,"24":1,"25":1,"26":1,"27":1,"29":1,"30":1,"31":1,"32":1,"33":1,"34":1,"35":1,"36":1,"37":1,"38":1,"39":1,"40":1,"41":1,"42":1,"43":1,"44":1,"45":1,"46":1,"47":1,"48":1,"49":1,"50":1,"51":1,"52":1,"53":1,"54":1,"55":1,"56":1,"57":1,"58":1,"59":1},"branchMap":{},"b":{},"fnMap":{},"f":{}}
}
