{"total": {"lines":{"total":7067,"covered":4758,"skipped":0,"pct":67.32},"statements":{"total":7067,"covered":4758,"skipped":0,"pct":67.32},"functions":{"total":241,"covered":142,"skipped":0,"pct":58.92},"branches":{"total":759,"covered":689,"skipped":0,"pct":90.77},"branchesTrue":{"total":0,"covered":0,"skipped":0,"pct":100}}
,"/home/runner/work/cigale/cigale/src/lib/BoundingBoxes.svelte.js": {"lines":{"total":186,"covered":181,"skipped":0,"pct":97.31},"functions":{"total":9,"covered":8,"skipped":0,"pct":88.88},"statements":{"total":186,"covered":181,"skipped":0,"pct":97.31},"branches":{"total":49,"covered":47,"skipped":0,"pct":95.91}}
,"/home/runner/work/cigale/cigale/src/lib/DraggableBoundingBox.svelte.js": {"lines":{"total":160,"covered":160,"skipped":0,"pct":100},"functions":{"total":9,"covered":9,"skipped":0,"pct":100},"statements":{"total":160,"covered":160,"skipped":0,"pct":100},"branches":{"total":67,"covered":67,"skipped":0,"pct":100}}
,"/home/runner/work/cigale/cigale/src/lib/cascades.js": {"lines":{"total":102,"covered":102,"skipped":0,"pct":100},"functions":{"total":1,"covered":1,"skipped":0,"pct":100},"statements":{"total":102,"covered":102,"skipped":0,"pct":100},"branches":{"total":14,"covered":14,"skipped":0,"pct":100}}
,"/home/runner/work/cigale/cigale/src/lib/classification.svelte.js": {"lines":{"total":33,"covered":0,"skipped":0,"pct":0},"functions":{"total":1,"covered":1,"skipped":0,"pct":100},"statements":{"total":33,"covered":0,"skipped":0,"pct":0},"branches":{"total":1,"covered":1,"skipped":0,"pct":100}}
,"/home/runner/work/cigale/cigale/src/lib/database.js": {"lines":{"total":275,"covered":265,"skipped":0,"pct":96.36},"functions":{"total":4,"covered":4,"skipped":0,"pct":100},"statements":{"total":275,"covered":265,"skipped":0,"pct":96.36},"branches":{"total":33,"covered":26,"skipped":0,"pct":78.78}}
,"/home/runner/work/cigale/cigale/src/lib/date.js": {"lines":{"total":71,"covered":69,"skipped":0,"pct":97.18},"functions":{"total":2,"covered":2,"skipped":0,"pct":100},"statements":{"total":71,"covered":69,"skipped":0,"pct":97.18},"branches":{"total":15,"covered":14,"skipped":0,"pct":93.33}}
,"/home/runner/work/cigale/cigale/src/lib/download.js": {"lines":{"total":91,"covered":75,"skipped":0,"pct":82.41},"functions":{"total":3,"covered":2,"skipped":0,"pct":66.66},"statements":{"total":91,"covered":75,"skipped":0,"pct":82.41},"branches":{"total":13,"covered":10,"skipped":0,"pct":76.92}}
,"/home/runner/work/cigale/cigale/src/lib/dragselect.svelte.js": {"lines":{"total":60,"covered":0,"skipped":0,"pct":0},"functions":{"total":1,"covered":1,"skipped":0,"pct":100},"statements":{"total":60,"covered":0,"skipped":0,"pct":0},"branches":{"total":1,"covered":1,"skipped":0,"pct":100}}
,"/home/runner/work/cigale/cigale/src/lib/exif.js": {"lines":{"total":240,"covered":225,"skipped":0,"pct":93.75},"functions":{"total":6,"covered":6,"skipped":0,"pct":100},"statements":{"total":240,"covered":225,"skipped":0,"pct":93.75},"branches":{"total":67,"covered":54,"skipped":0,"pct":80.59}}
,"/home/runner/work/cigale/cigale/src/lib/exiffields.js": {"lines":{"total":473,"covered":473,"skipped":0,"pct":100},"functions":{"total":0,"covered":0,"skipped":0,"pct":100},"statements":{"total":473,"covered":473,"skipped":0,"pct":100},"branches":{"total":0,"covered":0,"skipped":0,"pct":100}}
,"/home/runner/work/cigale/cigale/src/lib/files.js": {"lines":{"total":23,"covered":8,"skipped":0,"pct":34.78},"functions":{"total":1,"covered":0,"skipped":0,"pct":0},"statements":{"total":23,"covered":8,"skipped":0,"pct":34.78},"branches":{"total":0,"covered":0,"skipped":0,"pct":100}}
,"/home/runner/work/cigale/cigale/src/lib/i18n.js": {"lines":{"total":183,"covered":180,"skipped":0,"pct":98.36},"functions":{"total":8,"covered":7,"skipped":0,"pct":87.5},"statements":{"total":183,"covered":180,"skipped":0,"pct":98.36},"branches":{"total":41,"covered":39,"skipped":0,"pct":95.12}}
,"/home/runner/work/cigale/cigale/src/lib/idb.svelte.js": {"lines":{"total":222,"covered":182,"skipped":0,"pct":81.98},"functions":{"total":31,"covered":26,"skipped":0,"pct":83.87},"statements":{"total":222,"covered":182,"skipped":0,"pct":81.98},"branches":{"total":63,"covered":52,"skipped":0,"pct":82.53}}
,"/home/runner/work/cigale/cigale/src/lib/images.js": {"lines":{"total":435,"covered":270,"skipped":0,"pct":62.06},"functions":{"total":19,"covered":9,"skipped":0,"pct":47.36},"statements":{"total":435,"covered":270,"skipped":0,"pct":62.06},"branches":{"total":42,"covered":42,"skipped":0,"pct":100}}
,"/home/runner/work/cigale/cigale/src/lib/import.svelte.js": {"lines":{"total":90,"covered":0,"skipped":0,"pct":0},"functions":{"total":1,"covered":1,"skipped":0,"pct":100},"statements":{"total":90,"covered":0,"skipped":0,"pct":0},"branches":{"total":1,"covered":1,"skipped":0,"pct":100}}
,"/home/runner/work/cigale/cigale/src/lib/inference.js": {"lines":{"total":192,"covered":94,"skipped":0,"pct":48.95},"functions":{"total":4,"covered":0,"skipped":0,"pct":0},"statements":{"total":192,"covered":94,"skipped":0,"pct":48.95},"branches":{"total":0,"covered":0,"skipped":0,"pct":100}}
,"/home/runner/work/cigale/cigale/src/lib/inference_utils.js": {"lines":{"total":296,"covered":88,"skipped":0,"pct":29.72},"functions":{"total":6,"covered":1,"skipped":0,"pct":16.66},"statements":{"total":296,"covered":88,"skipped":0,"pct":29.72},"branches":{"total":3,"covered":3,"skipped":0,"pct":100}}
,"/home/runner/work/cigale/cigale/src/lib/keyboard.svelte.js": {"lines":{"total":23,"covered":0,"skipped":0,"pct":0},"functions":{"total":1,"covered":1,"skipped":0,"pct":100},"statements":{"total":23,"covered":0,"skipped":0,"pct":0},"branches":{"total":1,"covered":1,"skipped":0,"pct":100}}
,"/home/runner/work/cigale/cigale/src/lib/metadata.js": {"lines":{"total":869,"covered":459,"skipped":0,"pct":52.81},"functions":{"total":28,"covered":4,"skipped":0,"pct":14.28},"statements":{"total":869,"covered":459,"skipped":0,"pct":52.81},"branches":{"total":61,"covered":46,"skipped":0,"pct":75.4}}
,"/home/runner/work/cigale/cigale/src/lib/mutations.js": {"lines":{"total":25,"covered":0,"skipped":0,"pct":0},"functions":{"total":1,"covered":0,"skipped":0,"pct":0},"statements":{"total":25,"covered":0,"skipped":0,"pct":0},"branches":{"total":1,"covered":0,"skipped":0,"pct":0}}
,"/home/runner/work/cigale/cigale/src/lib/observations.js": {"lines":{"total":151,"covered":0,"skipped":0,"pct":0},"functions":{"total":1,"covered":0,"skipped":0,"pct":0},"statements":{"total":151,"covered":0,"skipped":0,"pct":0},"branches":{"total":1,"covered":0,"skipped":0,"pct":0}}
,"/home/runner/work/cigale/cigale/src/lib/offline.js": {"lines":{"total":55,"covered":0,"skipped":0,"pct":0},"functions":{"total":1,"covered":0,"skipped":0,"pct":0},"statements":{"total":55,"covered":0,"skipped":0,"pct":0},"branches":{"total":1,"covered":0,"skipped":0,"pct":0}}
,"/home/runner/work/cigale/cigale/src/lib/paths.js": {"lines":{"total":26,"covered":0,"skipped":0,"pct":0},"functions":{"total":1,"covered":0,"skipped":0,"pct":0},"statements":{"total":26,"covered":0,"skipped":0,"pct":0},"branches":{"total":1,"covered":0,"skipped":0,"pct":0}}
,"/home/runner/work/cigale/cigale/src/lib/protocols.js": {"lines":{"total":487,"covered":247,"skipped":0,"pct":50.71},"functions":{"total":12,"covered":6,"skipped":0,"pct":50},"statements":{"total":487,"covered":247,"skipped":0,"pct":50.71},"branches":{"total":35,"covered":33,"skipped":0,"pct":94.28}}
,"/home/runner/work/cigale/cigale/src/lib/queue.svelte.js": {"lines":{"total":162,"covered":0,"skipped":0,"pct":0},"functions":{"total":1,"covered":1,"skipped":0,"pct":100},"statements":{"total":162,"covered":0,"skipped":0,"pct":0},"branches":{"total":1,"covered":1,"skipped":0,"pct":100}}
,"/home/runner/work/cigale/cigale/src/lib/results.svelte.js": {"lines":{"total":96,"covered":0,"skipped":0,"pct":0},"functions":{"total":1,"covered":1,"skipped":0,"pct":100},"statements":{"total":96,"covered":0,"skipped":0,"pct":0},"branches":{"total":1,"covered":1,"skipped":0,"pct":100}}
,"/home/runner/work/cigale/cigale/src/lib/seo.svelte.js": {"lines":{"total":12,"covered":0,"skipped":0,"pct":0},"functions":{"total":1,"covered":1,"skipped":0,"pct":100},"statements":{"total":12,"covered":0,"skipped":0,"pct":0},"branches":{"total":1,"covered":1,"skipped":0,"pct":100}}
,"/home/runner/work/cigale/cigale/src/lib/settings.svelte.js": {"lines":{"total":38,"covered":6,"skipped":0,"pct":15.78},"functions":{"total":5,"covered":0,"skipped":0,"pct":0},"statements":{"total":38,"covered":6,"skipped":0,"pct":15.78},"branches":{"total":0,"covered":0,"skipped":0,"pct":100}}
,"/home/runner/work/cigale/cigale/src/lib/state.svelte.js": {"lines":{"total":113,"covered":52,"skipped":0,"pct":46.01},"functions":{"total":9,"covered":1,"skipped":0,"pct":11.11},"statements":{"total":113,"covered":52,"skipped":0,"pct":46.01},"branches":{"total":1,"covered":1,"skipped":0,"pct":100}}
,"/home/runner/work/cigale/cigale/src/lib/toasts.svelte.js": {"lines":{"total":123,"covered":35,"skipped":0,"pct":28.45},"functions":{"total":18,"covered":2,"skipped":0,"pct":11.11},"statements":{"total":123,"covered":35,"skipped":0,"pct":28.45},"branches":{"total":3,"covered":3,"skipped":0,"pct":100}}
,"/home/runner/work/cigale/cigale/src/lib/tooltips.js": {"lines":{"total":84,"covered":0,"skipped":0,"pct":0},"functions":{"total":1,"covered":0,"skipped":0,"pct":0},"statements":{"total":84,"covered":0,"skipped":0,"pct":0},"branches":{"total":1,"covered":0,"skipped":0,"pct":0}}
,"/home/runner/work/cigale/cigale/src/lib/utils.js": {"lines":{"total":1003,"covered":965,"skipped":0,"pct":96.21},"functions":{"total":39,"covered":35,"skipped":0,"pct":89.74},"statements":{"total":1003,"covered":965,"skipped":0,"pct":96.21},"branches":{"total":213,"covered":208,"skipped":0,"pct":97.65}}
,"/home/runner/work/cigale/cigale/src/lib/schemas/common.js": {"lines":{"total":56,"covered":56,"skipped":0,"pct":100},"functions":{"total":0,"covered":0,"skipped":0,"pct":100},"statements":{"total":56,"covered":56,"skipped":0,"pct":100},"branches":{"total":3,"covered":3,"skipped":0,"pct":100}}
,"/home/runner/work/cigale/cigale/src/lib/schemas/metadata.js": {"lines":{"total":266,"covered":257,"skipped":0,"pct":96.61},"functions":{"total":8,"covered":6,"skipped":0,"pct":75},"statements":{"total":266,"covered":257,"skipped":0,"pct":96.61},"branches":{"total":12,"covered":9,"skipped":0,"pct":75}}
,"/home/runner/work/cigale/cigale/src/lib/schemas/observations.js": {"lines":{"total":21,"covered":21,"skipped":0,"pct":100},"functions":{"total":0,"covered":0,"skipped":0,"pct":100},"statements":{"total":21,"covered":21,"skipped":0,"pct":100},"branches":{"total":0,"covered":0,"skipped":0,"pct":100}}
,"/home/runner/work/cigale/cigale/src/lib/schemas/protocols.js": {"lines":{"total":238,"covered":206,"skipped":0,"pct":86.55},"functions":{"total":6,"covered":6,"skipped":0,"pct":100},"statements":{"total":238,"covered":206,"skipped":0,"pct":86.55},"branches":{"total":12,"covered":11,"skipped":0,"pct":91.66}}
,"/home/runner/work/cigale/cigale/src/lib/schemas/results.js": {"lines":{"total":87,"covered":82,"skipped":0,"pct":94.25},"functions":{"total":1,"covered":0,"skipped":0,"pct":0},"statements":{"total":87,"covered":82,"skipped":0,"pct":94.25},"branches":{"total":0,"covered":0,"skipped":0,"pct":100}}
}
